2019-07-22 07:48:03,626 DEBUG ***************************Challenge Problem 1 Started*********************
2019-07-22 07:48:03,665 INFO Generating MDL File...
2019-07-22 07:48:03,682 INFO Importing MDL File...
2019-07-22 07:48:05,400 DEBUG Creating OrientDB classes for MDL Elements...
2019-07-22 07:48:05,750 DEBUG Created 20 Node Classes
2019-07-22 07:48:06,096 DEBUG Created 40 Node Classes
2019-07-22 07:48:06,462 DEBUG Created 60 Node Classes
2019-07-22 07:48:06,866 DEBUG Created 80 Node Classes
2019-07-22 07:48:06,885 DEBUG Indexing Started...
2019-07-22 07:48:07,092 DEBUG Indexed 100 MDL Elements
2019-07-22 07:48:07,356 DEBUG Indexed 200 MDL Elements
2019-07-22 07:48:07,513 DEBUG Indexed 300 MDL Elements
2019-07-22 07:48:07,740 DEBUG Creating Containment Edges...
2019-07-22 07:48:08,088 DEBUG Created 100 Containment Edges
2019-07-22 07:48:08,514 DEBUG Created 200 Containment Edges
2019-07-22 07:48:08,905 DEBUG Created 300 Containment Edges
2019-07-22 07:48:09,353 DEBUG Creating Reference Edges...
2019-07-22 07:48:09,411 DEBUG Created 10 Reference Edges
2019-07-22 07:48:09,460 DEBUG Created 20 Reference Edges
2019-07-22 07:48:09,504 DEBUG Created 30 Reference Edges
2019-07-22 07:48:09,527 DEBUG Generating Constraints Objects...
2019-07-22 07:48:09,532 INFO Storing and Retrieving Constraints in OrientDB...
2019-07-22 07:48:11,185 INFO Setting up Discretization Algorithms...
2019-07-22 07:48:11,186 DEBUG Setting up Optimization Algorithms...
2019-07-22 07:48:11,188 DEBUG Setting up Scheduling Algorithms...
2019-07-22 07:48:11,189 DEBUG Optimizing...
2019-07-22 07:48:11,190 DEBUG Beginning CBC Integer Program...
2019-07-22 07:48:11,204 DEBUG CBC Integer Program complete in 0.01373584330828107 seconds
2019-07-22 07:48:11,205 INFO Constructing schedule...
2019-07-22 07:48:11,211 INFO Updating MDL File Schedule...
2019-07-22 07:48:11,346 DEBUG Writing raw results...
2019-07-22 07:48:11,353 INFO Exporting MDL File c:\dev\cp1\output\mdl\.xml
2019-07-22 07:48:11,383 DEBUG Exporting OrientDB Nodes...
2019-07-22 07:48:11,484 DEBUG Exported 100 Nodes
2019-07-22 07:48:11,577 DEBUG Exported 200 Nodes
2019-07-22 07:48:11,660 DEBUG Exported 300 Nodes
2019-07-22 07:48:11,753 DEBUG Exported 400 Nodes
2019-07-22 07:48:11,775 INFO **********Optimization Algorithm: CBC, Discretization: AccuracyDiscretization, Scheduling Algorithm: Greedy Scheduler*********
2019-07-22 07:48:11,775 DEBUG Optimizing...
2019-07-22 07:48:12,005 INFO Constructing schedule...
2019-07-22 07:48:12,007 INFO Updating MDL File Schedule...
2019-07-22 07:48:12,302 DEBUG Writing raw results...
2019-07-22 07:48:12,306 INFO Exporting MDL File c:\dev\cp1\output\mdl\.xml
2019-07-22 07:48:12,323 DEBUG Exporting OrientDB Nodes...
2019-07-22 07:48:12,416 DEBUG Exported 100 Nodes
2019-07-22 07:48:12,494 DEBUG Exported 200 Nodes
2019-07-22 07:48:12,577 DEBUG Exported 300 Nodes
2019-07-22 07:48:12,666 DEBUG Exported 400 Nodes
2019-07-22 07:48:12,684 INFO **********Optimization Algorithm: DynamicProgram, Discretization: AccuracyDiscretization, Scheduling Algorithm: Greedy Scheduler*********
2019-07-22 07:48:12,685 DEBUG Optimizing...
2019-07-22 07:48:12,686 DEBUG Beginning Greedy Optimization...
2019-07-22 07:48:12,687 DEBUG Greedy Optimization complete in 5.007161651637837e-05 seconds
2019-07-22 07:48:12,688 INFO Constructing schedule...
2019-07-22 07:48:12,690 INFO Updating MDL File Schedule...
2019-07-22 07:48:12,939 DEBUG Writing raw results...
2019-07-22 07:48:12,943 INFO Exporting MDL File c:\dev\cp1\output\mdl\.xml
2019-07-22 07:48:12,963 DEBUG Exporting OrientDB Nodes...
2019-07-22 07:48:13,051 DEBUG Exported 100 Nodes
2019-07-22 07:48:13,134 DEBUG Exported 200 Nodes
2019-07-22 07:48:13,223 DEBUG Exported 300 Nodes
2019-07-22 07:48:13,306 DEBUG Exported 400 Nodes
2019-07-22 07:48:13,326 INFO **********Optimization Algorithm: Greedy, Discretization: AccuracyDiscretization, Scheduling Algorithm: Greedy Scheduler*********
2019-07-22 07:48:13,327 DEBUG ***************************Challenge Problem 1 Complete********************
2019-07-22 07:49:13,223 DEBUG ***************************Challenge Problem 1 Started*********************
2019-07-22 07:49:13,265 INFO Generating MDL File...
2019-07-22 07:49:13,281 INFO Importing MDL File...
2019-07-22 07:49:15,702 DEBUG Creating OrientDB classes for MDL Elements...
2019-07-22 07:49:16,057 DEBUG Created 20 Node Classes
2019-07-22 07:49:16,412 DEBUG Created 40 Node Classes
2019-07-22 07:49:16,771 DEBUG Created 60 Node Classes
2019-07-22 07:49:17,148 DEBUG Created 80 Node Classes
2019-07-22 07:49:17,168 DEBUG Indexing Started...
2019-07-22 07:49:17,390 DEBUG Indexed 100 MDL Elements
2019-07-22 07:49:17,666 DEBUG Indexed 200 MDL Elements
2019-07-22 07:49:17,863 DEBUG Indexed 300 MDL Elements
2019-07-22 07:49:18,121 DEBUG Creating Containment Edges...
2019-07-22 07:49:18,558 DEBUG Created 100 Containment Edges
2019-07-22 07:49:18,973 DEBUG Created 200 Containment Edges
2019-07-22 07:49:19,353 DEBUG Created 300 Containment Edges
2019-07-22 07:49:19,780 DEBUG Creating Reference Edges...
2019-07-22 07:49:19,823 DEBUG Created 10 Reference Edges
2019-07-22 07:49:19,866 DEBUG Created 20 Reference Edges
2019-07-22 07:49:19,909 DEBUG Created 30 Reference Edges
2019-07-22 07:49:19,930 DEBUG Generating Constraints Objects...
2019-07-22 07:49:19,934 INFO Storing and Retrieving Constraints in OrientDB...
2019-07-22 07:49:21,648 INFO Setting up Discretization Algorithms...
2019-07-22 07:49:21,649 DEBUG Setting up Optimization Algorithms...
2019-07-22 07:49:21,652 DEBUG Setting up Scheduling Algorithms...
2019-07-22 07:49:21,653 DEBUG Optimizing...
2019-07-22 07:49:21,654 DEBUG Beginning CBC Integer Program...
2019-07-22 07:49:21,667 DEBUG CBC Integer Program complete in 0.012697386191094446 seconds
2019-07-22 07:49:21,668 INFO Constructing schedule...
2019-07-22 07:49:21,670 INFO Updating MDL File Schedule...
2019-07-22 07:49:21,799 DEBUG Writing raw results...
2019-07-22 07:49:21,803 INFO Exporting MDL File c:\dev\cp1\output\mdl\.xml
2019-07-22 07:49:21,830 DEBUG Exporting OrientDB Nodes...
2019-07-22 07:49:21,917 DEBUG Exported 100 Nodes
2019-07-22 07:49:22,005 DEBUG Exported 200 Nodes
2019-07-22 07:49:22,088 DEBUG Exported 300 Nodes
2019-07-22 07:49:22,173 DEBUG Exported 400 Nodes
2019-07-22 07:49:22,190 INFO **********Optimization Algorithm: CBC, Discretization: AccuracyDiscretization, Scheduling Algorithm: Greedy Scheduler*********
2019-07-22 07:49:22,191 DEBUG Optimizing...
2019-07-22 07:49:22,418 INFO Constructing schedule...
2019-07-22 07:49:22,420 INFO Updating MDL File Schedule...
2019-07-22 07:49:22,684 DEBUG Writing raw results...
2019-07-22 07:49:22,688 INFO Exporting MDL File c:\dev\cp1\output\mdl\.xml
2019-07-22 07:49:22,706 DEBUG Exporting OrientDB Nodes...
2019-07-22 07:49:22,788 DEBUG Exported 100 Nodes
2019-07-22 07:49:22,878 DEBUG Exported 200 Nodes
2019-07-22 07:49:22,977 DEBUG Exported 300 Nodes
2019-07-22 07:49:23,081 DEBUG Exported 400 Nodes
2019-07-22 07:49:23,103 INFO **********Optimization Algorithm: DynamicProgram, Discretization: AccuracyDiscretization, Scheduling Algorithm: Greedy Scheduler*********
2019-07-22 07:49:23,103 DEBUG Optimizing...
2019-07-22 07:49:23,106 DEBUG Beginning Greedy Optimization...
2019-07-22 07:49:23,107 DEBUG Greedy Optimization complete in 3.067768054165754e-05 seconds
2019-07-22 07:49:23,108 INFO Constructing schedule...
2019-07-22 07:49:23,110 INFO Updating MDL File Schedule...
2019-07-22 07:49:23,385 DEBUG Writing raw results...
2019-07-22 07:49:23,389 INFO Exporting MDL File c:\dev\cp1\output\mdl\.xml
2019-07-22 07:49:23,407 DEBUG Exporting OrientDB Nodes...
2019-07-22 07:49:23,498 DEBUG Exported 100 Nodes
2019-07-22 07:49:23,612 DEBUG Exported 200 Nodes
2019-07-22 07:49:23,717 DEBUG Exported 300 Nodes
2019-07-22 07:49:23,827 DEBUG Exported 400 Nodes
2019-07-22 07:49:23,845 INFO **********Optimization Algorithm: Greedy, Discretization: AccuracyDiscretization, Scheduling Algorithm: Greedy Scheduler*********
2019-07-22 07:49:23,846 DEBUG ***************************Challenge Problem 1 Complete********************
2019-07-22 07:52:04,854 DEBUG ***************************Challenge Problem 1 Started*********************
2019-07-22 07:52:04,890 INFO Generating MDL File...
2019-07-22 07:52:04,908 INFO Importing MDL File...
2019-07-22 07:52:07,099 DEBUG Creating OrientDB classes for MDL Elements...
2019-07-22 07:52:07,437 DEBUG Created 20 Node Classes
2019-07-22 07:52:07,786 DEBUG Created 40 Node Classes
2019-07-22 07:52:08,138 DEBUG Created 60 Node Classes
2019-07-22 07:52:08,496 DEBUG Created 80 Node Classes
2019-07-22 07:52:08,514 DEBUG Indexing Started...
2019-07-22 07:52:08,721 DEBUG Indexed 100 MDL Elements
2019-07-22 07:52:08,979 DEBUG Indexed 200 MDL Elements
2019-07-22 07:52:09,145 DEBUG Indexed 300 MDL Elements
2019-07-22 07:52:09,380 DEBUG Creating Containment Edges...
2019-07-22 07:52:09,798 DEBUG Created 100 Containment Edges
2019-07-22 07:52:10,230 DEBUG Created 200 Containment Edges
2019-07-22 07:52:10,621 DEBUG Created 300 Containment Edges
2019-07-22 07:52:11,036 DEBUG Creating Reference Edges...
2019-07-22 07:52:11,080 DEBUG Created 10 Reference Edges
2019-07-22 07:52:11,125 DEBUG Created 20 Reference Edges
2019-07-22 07:52:11,172 DEBUG Created 30 Reference Edges
2019-07-22 07:52:11,195 DEBUG Generating Constraints Objects...
2019-07-22 07:52:11,199 INFO Storing and Retrieving Constraints in OrientDB...
2019-07-22 07:52:13,167 INFO Setting up Discretization Algorithms...
2019-07-22 07:52:13,168 DEBUG Setting up Optimization Algorithms...
2019-07-22 07:52:13,171 DEBUG Setting up Scheduling Algorithms...
2019-07-22 07:52:13,171 DEBUG Optimizing...
2019-07-22 07:52:13,174 DEBUG Beginning CBC Integer Program...
2019-07-22 07:52:13,187 DEBUG CBC Integer Program complete in 0.01237826779005747 seconds
2019-07-22 07:52:13,187 INFO Constructing schedule...
2019-07-22 07:52:13,191 INFO Updating MDL File Schedule...
2019-07-22 07:52:13,311 DEBUG Writing raw results...
2019-07-22 07:52:24,015 DEBUG ***************************Challenge Problem 1 Started*********************
2019-07-22 07:52:24,061 INFO Generating MDL File...
2019-07-22 07:52:24,078 INFO Importing MDL File...
2019-07-22 07:52:26,394 DEBUG Creating OrientDB classes for MDL Elements...
2019-07-22 07:52:26,794 DEBUG Created 20 Node Classes
2019-07-22 07:52:27,219 DEBUG Created 40 Node Classes
2019-07-22 07:52:27,610 DEBUG Created 60 Node Classes
2019-07-22 07:52:28,035 DEBUG Created 80 Node Classes
2019-07-22 07:52:28,051 DEBUG Indexing Started...
2019-07-22 07:52:28,264 DEBUG Indexed 100 MDL Elements
2019-07-22 07:52:28,538 DEBUG Indexed 200 MDL Elements
2019-07-22 07:52:28,735 DEBUG Indexed 300 MDL Elements
2019-07-22 07:52:28,993 DEBUG Creating Containment Edges...
2019-07-22 07:52:29,428 DEBUG Created 100 Containment Edges
2019-07-22 07:52:29,852 DEBUG Created 200 Containment Edges
2019-07-22 07:52:30,268 DEBUG Created 300 Containment Edges
2019-07-22 07:52:30,708 DEBUG Creating Reference Edges...
2019-07-22 07:52:30,756 DEBUG Created 10 Reference Edges
2019-07-22 07:52:30,803 DEBUG Created 20 Reference Edges
2019-07-22 07:52:30,852 DEBUG Created 30 Reference Edges
2019-07-22 07:52:30,875 DEBUG Generating Constraints Objects...
2019-07-22 07:52:30,879 INFO Storing and Retrieving Constraints in OrientDB...
2019-07-22 07:52:32,854 INFO Setting up Discretization Algorithms...
2019-07-22 07:52:32,854 DEBUG Setting up Optimization Algorithms...
2019-07-22 07:52:32,857 DEBUG Setting up Scheduling Algorithms...
2019-07-22 07:52:32,858 DEBUG Optimizing...
2019-07-22 07:52:32,859 DEBUG Beginning CBC Integer Program...
2019-07-22 07:52:32,870 DEBUG CBC Integer Program complete in 0.01097767299567198 seconds
2019-07-22 07:52:32,871 INFO Constructing schedule...
2019-07-22 07:52:32,873 INFO Updating MDL File Schedule...
2019-07-22 07:52:33,030 DEBUG Writing raw results...
2019-07-22 07:52:33,034 INFO Exporting MDL File c:\dev\cp1\output\mdl\.xml
2019-07-22 07:52:33,060 DEBUG Exporting OrientDB Nodes...
2019-07-22 07:52:33,170 DEBUG Exported 100 Nodes
2019-07-22 07:52:33,265 DEBUG Exported 200 Nodes
2019-07-22 07:52:33,354 DEBUG Exported 300 Nodes
2019-07-22 07:52:33,421 DEBUG Exported 400 Nodes
2019-07-22 07:52:33,447 INFO **********Optimization Algorithm: CBC, Discretization: AccuracyDiscretization, Scheduling Algorithm: Greedy Scheduler*********
2019-07-22 07:52:33,448 DEBUG Optimizing...
2019-07-22 07:52:33,682 INFO Constructing schedule...
2019-07-22 07:52:33,684 INFO Updating MDL File Schedule...
2019-07-22 07:52:33,920 DEBUG Writing raw results...
2019-07-22 07:52:33,924 INFO Exporting MDL File c:\dev\cp1\output\mdl\.xml
2019-07-22 07:52:33,954 DEBUG Exporting OrientDB Nodes...
2019-07-22 07:52:34,060 DEBUG Exported 100 Nodes
2019-07-22 07:52:34,153 DEBUG Exported 200 Nodes
2019-07-22 07:52:34,235 DEBUG Exported 300 Nodes
2019-07-22 07:52:34,313 DEBUG Exported 400 Nodes
2019-07-22 07:52:34,329 INFO **********Optimization Algorithm: DynamicProgram, Discretization: AccuracyDiscretization, Scheduling Algorithm: Greedy Scheduler*********
2019-07-22 07:52:34,329 DEBUG Optimizing...
2019-07-22 07:52:34,330 DEBUG Beginning Greedy Optimization...
2019-07-22 07:52:34,330 DEBUG Greedy Optimization complete in 4.7955914409980593e-05 seconds
2019-07-22 07:52:34,331 INFO Constructing schedule...
2019-07-22 07:52:34,332 INFO Updating MDL File Schedule...
2019-07-22 07:52:34,570 DEBUG Writing raw results...
2019-07-22 07:52:34,570 INFO Exporting MDL File c:\dev\cp1\output\mdl\.xml
2019-07-22 07:52:34,603 DEBUG Exporting OrientDB Nodes...
2019-07-22 07:52:34,701 DEBUG Exported 100 Nodes
2019-07-22 07:52:34,779 DEBUG Exported 200 Nodes
2019-07-22 07:52:34,857 DEBUG Exported 300 Nodes
2019-07-22 07:52:34,939 DEBUG Exported 400 Nodes
2019-07-22 07:52:34,954 INFO **********Optimization Algorithm: Greedy, Discretization: AccuracyDiscretization, Scheduling Algorithm: Greedy Scheduler*********
2019-07-22 07:52:34,954 DEBUG ***************************Challenge Problem 1 Complete********************
2019-07-22 07:53:01,814 DEBUG ***************************Challenge Problem 1 Started*********************
2019-07-22 07:53:01,851 INFO Generating MDL File...
2019-07-22 07:53:01,867 INFO Importing MDL File...
2019-07-22 07:53:04,180 DEBUG Creating OrientDB classes for MDL Elements...
2019-07-22 07:53:04,591 DEBUG Created 20 Node Classes
2019-07-22 07:53:04,999 DEBUG Created 40 Node Classes
2019-07-22 07:53:05,395 DEBUG Created 60 Node Classes
2019-07-22 07:53:05,812 DEBUG Created 80 Node Classes
2019-07-22 07:53:05,835 DEBUG Indexing Started...
2019-07-22 07:53:06,030 DEBUG Indexed 100 MDL Elements
2019-07-22 07:53:06,271 DEBUG Indexed 200 MDL Elements
2019-07-22 07:53:06,450 DEBUG Indexed 300 MDL Elements
2019-07-22 07:53:06,687 DEBUG Creating Containment Edges...
2019-07-22 07:53:07,091 DEBUG Created 100 Containment Edges
2019-07-22 07:53:07,476 DEBUG Created 200 Containment Edges
2019-07-22 07:53:07,877 DEBUG Created 300 Containment Edges
2019-07-22 07:53:08,315 DEBUG Creating Reference Edges...
2019-07-22 07:53:08,364 DEBUG Created 10 Reference Edges
2019-07-22 07:53:08,416 DEBUG Created 20 Reference Edges
2019-07-22 07:53:08,462 DEBUG Created 30 Reference Edges
2019-07-22 07:53:08,486 DEBUG Generating Constraints Objects...
2019-07-22 07:53:08,491 INFO Storing and Retrieving Constraints in OrientDB...
2019-07-22 07:53:10,247 INFO Setting up Discretization Algorithms...
2019-07-22 07:53:10,248 DEBUG Setting up Optimization Algorithms...
2019-07-22 07:53:10,251 DEBUG Setting up Scheduling Algorithms...
2019-07-22 07:53:10,251 DEBUG Optimizing...
2019-07-22 07:53:10,252 DEBUG Beginning CBC Integer Program...
2019-07-22 07:53:10,267 DEBUG CBC Integer Program complete in 0.014739038723695651 seconds
2019-07-22 07:53:10,268 INFO Constructing schedule...
2019-07-22 07:53:10,270 INFO Updating MDL File Schedule...
2019-07-22 07:53:10,411 DEBUG Writing raw results...
2019-07-22 07:53:27,716 DEBUG ***************************Challenge Problem 1 Started*********************
2019-07-22 07:53:27,754 INFO Generating MDL File...
2019-07-22 07:53:27,769 INFO Importing MDL File...
2019-07-22 07:53:30,142 DEBUG Creating OrientDB classes for MDL Elements...
2019-07-22 07:53:30,573 DEBUG Created 20 Node Classes
2019-07-22 07:53:31,019 DEBUG Created 40 Node Classes
2019-07-22 07:53:31,477 DEBUG Created 60 Node Classes
2019-07-22 07:53:31,944 DEBUG Created 80 Node Classes
2019-07-22 07:53:31,966 DEBUG Indexing Started...
2019-07-22 07:53:32,167 DEBUG Indexed 100 MDL Elements
2019-07-22 07:53:32,417 DEBUG Indexed 200 MDL Elements
2019-07-22 07:53:32,574 DEBUG Indexed 300 MDL Elements
2019-07-22 07:53:32,805 DEBUG Creating Containment Edges...
2019-07-22 07:53:33,173 DEBUG Created 100 Containment Edges
2019-07-22 07:53:33,531 DEBUG Created 200 Containment Edges
2019-07-22 07:53:33,901 DEBUG Created 300 Containment Edges
2019-07-22 07:53:34,279 DEBUG Creating Reference Edges...
2019-07-22 07:53:34,326 DEBUG Created 10 Reference Edges
2019-07-22 07:53:34,373 DEBUG Created 20 Reference Edges
2019-07-22 07:53:34,420 DEBUG Created 30 Reference Edges
2019-07-22 07:53:34,458 DEBUG Generating Constraints Objects...
2019-07-22 07:53:34,463 INFO Storing and Retrieving Constraints in OrientDB...
2019-07-22 07:53:36,348 INFO Setting up Discretization Algorithms...
2019-07-22 07:53:36,349 DEBUG Setting up Optimization Algorithms...
2019-07-22 07:53:36,352 DEBUG Setting up Scheduling Algorithms...
2019-07-22 07:53:36,352 DEBUG Optimizing...
2019-07-22 07:53:36,353 DEBUG Beginning CBC Integer Program...
2019-07-22 07:53:36,365 DEBUG CBC Integer Program complete in 0.011341926374977168 seconds
2019-07-22 07:53:36,365 INFO Constructing schedule...
2019-07-22 07:53:36,367 INFO Updating MDL File Schedule...
2019-07-22 07:53:36,510 DEBUG Writing raw results...
2019-07-22 07:53:36,514 INFO Exporting MDL File c:\dev\cp1\output\mdl\AccuracyDiscretization(0.09999999999999998)_CBC_Greedy Scheduler_2019-07-22 07-53-27.xml
2019-07-22 07:53:36,540 DEBUG Exporting OrientDB Nodes...
2019-07-22 07:53:36,639 DEBUG Exported 100 Nodes
2019-07-22 07:53:36,718 DEBUG Exported 200 Nodes
2019-07-22 07:53:36,795 DEBUG Exported 300 Nodes
2019-07-22 07:53:36,883 DEBUG Exported 400 Nodes
2019-07-22 07:53:36,900 INFO **********Optimization Algorithm: CBC, Discretization: AccuracyDiscretization, Scheduling Algorithm: Greedy Scheduler*********
2019-07-22 07:53:36,900 DEBUG Optimizing...
2019-07-22 07:53:37,122 INFO Constructing schedule...
2019-07-22 07:53:37,123 INFO Updating MDL File Schedule...
2019-07-22 07:53:37,361 DEBUG Writing raw results...
2019-07-22 07:53:37,366 INFO Exporting MDL File c:\dev\cp1\output\mdl\AccuracyDiscretization(0.09999999999999998)_DynamicProgram_Greedy Scheduler_2019-07-22 07-53-27.xml
2019-07-22 07:53:37,382 DEBUG Exporting OrientDB Nodes...
2019-07-22 07:53:37,473 DEBUG Exported 100 Nodes
2019-07-22 07:53:37,554 DEBUG Exported 200 Nodes
2019-07-22 07:53:37,641 DEBUG Exported 300 Nodes
2019-07-22 07:53:37,729 DEBUG Exported 400 Nodes
2019-07-22 07:53:37,745 INFO **********Optimization Algorithm: DynamicProgram, Discretization: AccuracyDiscretization, Scheduling Algorithm: Greedy Scheduler*********
2019-07-22 07:53:37,745 DEBUG Optimizing...
2019-07-22 07:53:37,746 DEBUG Beginning Greedy Optimization...
2019-07-22 07:53:37,746 DEBUG Greedy Optimization complete in 4.2666659144208197e-05 seconds
2019-07-22 07:53:37,747 INFO Constructing schedule...
2019-07-22 07:53:37,749 INFO Updating MDL File Schedule...
2019-07-22 07:53:38,014 DEBUG Writing raw results...
2019-07-22 07:53:38,019 INFO Exporting MDL File c:\dev\cp1\output\mdl\AccuracyDiscretization(0.09999999999999998)_Greedy_Greedy Scheduler_2019-07-22 07-53-27.xml
2019-07-22 07:53:38,036 DEBUG Exporting OrientDB Nodes...
2019-07-22 07:53:38,135 DEBUG Exported 100 Nodes
2019-07-22 07:53:38,239 DEBUG Exported 200 Nodes
2019-07-22 07:53:38,320 DEBUG Exported 300 Nodes
2019-07-22 07:53:38,396 DEBUG Exported 400 Nodes
2019-07-22 07:53:38,411 INFO **********Optimization Algorithm: Greedy, Discretization: AccuracyDiscretization, Scheduling Algorithm: Greedy Scheduler*********
2019-07-22 07:53:38,411 DEBUG ***************************Challenge Problem 1 Complete********************
2019-07-22 07:58:35,253 DEBUG ***************************Challenge Problem 1 Started*********************
2019-07-22 07:58:35,289 INFO Generating MDL File...
2019-07-22 07:58:35,317 INFO Importing MDL File...
2019-07-22 07:58:37,634 DEBUG Creating OrientDB classes for MDL Elements...
2019-07-22 07:58:37,953 DEBUG Created 20 Node Classes
2019-07-22 07:58:38,329 DEBUG Created 40 Node Classes
2019-07-22 07:58:38,945 DEBUG Created 60 Node Classes
2019-07-22 07:58:39,401 DEBUG Created 80 Node Classes
2019-07-22 07:58:39,420 DEBUG Indexing Started...
2019-07-22 07:58:39,793 DEBUG Indexed 100 MDL Elements
2019-07-22 07:58:40,071 DEBUG Indexed 200 MDL Elements
2019-07-22 07:58:40,573 DEBUG Indexed 300 MDL Elements
2019-07-22 07:58:41,017 DEBUG Indexed 400 MDL Elements
2019-07-22 07:58:41,317 DEBUG Indexed 500 MDL Elements
2019-07-22 07:58:41,650 DEBUG Indexed 600 MDL Elements
2019-07-22 07:58:42,109 DEBUG Indexed 700 MDL Elements
2019-07-22 07:58:42,629 DEBUG Indexed 800 MDL Elements
2019-07-22 07:58:43,168 DEBUG Indexed 900 MDL Elements
2019-07-22 07:58:43,806 DEBUG Indexed 1000 MDL Elements
2019-07-22 07:58:44,502 DEBUG Indexed 1100 MDL Elements
2019-07-22 07:58:45,260 DEBUG Indexed 1200 MDL Elements
2019-07-22 07:58:46,109 DEBUG Indexed 1300 MDL Elements
2019-07-22 07:58:47,038 DEBUG Indexed 1400 MDL Elements
2019-07-22 07:58:48,058 DEBUG Indexed 1500 MDL Elements
2019-07-22 07:58:48,665 DEBUG Creating Containment Edges...
2019-07-22 07:58:49,755 DEBUG Created 100 Containment Edges
2019-07-22 07:58:50,863 DEBUG Created 200 Containment Edges
2019-07-22 07:58:51,942 DEBUG Created 300 Containment Edges
2019-07-22 07:58:53,090 DEBUG Created 400 Containment Edges
2019-07-22 07:58:54,307 DEBUG Created 500 Containment Edges
2019-07-22 07:58:55,436 DEBUG Created 600 Containment Edges
2019-07-22 08:12:07,985 DEBUG ***************************Challenge Problem 1 Started*********************
2019-07-22 08:12:08,024 INFO Generating MDL File...
2019-07-22 08:12:08,048 INFO Importing MDL File...
2019-07-22 08:12:10,302 DEBUG Creating OrientDB classes for MDL Elements...
2019-07-22 08:12:10,729 DEBUG Created 20 Node Classes
2019-07-22 08:12:11,173 DEBUG Created 40 Node Classes
2019-07-22 08:12:11,639 DEBUG Created 60 Node Classes
2019-07-22 08:12:12,082 DEBUG Created 80 Node Classes
2019-07-22 08:12:12,104 DEBUG Indexing Started...
2019-07-22 08:12:12,456 DEBUG Indexed 100 MDL Elements
2019-07-22 08:12:12,718 DEBUG Indexed 200 MDL Elements
2019-07-22 08:12:13,201 DEBUG Indexed 300 MDL Elements
2019-07-22 08:12:13,608 DEBUG Indexed 400 MDL Elements
2019-07-22 08:12:13,852 DEBUG Indexed 500 MDL Elements
2019-07-22 08:12:14,164 DEBUG Indexed 600 MDL Elements
2019-07-22 08:12:14,573 DEBUG Indexed 700 MDL Elements
2019-07-22 08:12:15,042 DEBUG Indexed 800 MDL Elements
2019-07-22 08:12:15,602 DEBUG Indexed 900 MDL Elements
2019-07-22 08:12:16,218 DEBUG Indexed 1000 MDL Elements
2019-07-22 08:12:16,915 DEBUG Indexed 1100 MDL Elements
2019-07-22 08:12:17,677 DEBUG Indexed 1200 MDL Elements
2019-07-22 08:12:18,511 DEBUG Indexed 1300 MDL Elements
2019-07-22 08:12:19,429 DEBUG Indexed 1400 MDL Elements
2019-07-22 08:12:20,444 DEBUG Indexed 1500 MDL Elements
2019-07-22 08:12:21,055 DEBUG Creating Containment Edges...
2019-07-22 08:12:22,112 DEBUG Created 100 Containment Edges
2019-07-22 08:12:23,183 DEBUG Created 200 Containment Edges
2019-07-22 08:12:24,254 DEBUG Created 300 Containment Edges
2019-07-22 08:12:25,369 DEBUG Created 400 Containment Edges
2019-07-22 08:12:26,567 DEBUG Created 500 Containment Edges
2019-07-22 08:12:27,782 DEBUG Created 600 Containment Edges
2019-07-22 08:12:29,051 DEBUG Created 700 Containment Edges
2019-07-22 08:12:30,193 DEBUG Created 800 Containment Edges
2019-07-22 08:12:31,330 DEBUG Created 900 Containment Edges
2019-07-22 08:12:32,608 DEBUG Created 1000 Containment Edges
2019-07-22 08:12:33,828 DEBUG Created 1100 Containment Edges
2019-07-22 08:12:35,018 DEBUG Created 1200 Containment Edges
2019-07-22 08:12:36,208 DEBUG Created 1300 Containment Edges
2019-07-22 08:12:37,322 DEBUG Created 1400 Containment Edges
2019-07-22 08:12:38,535 DEBUG Created 1500 Containment Edges
2019-07-22 08:12:39,644 DEBUG Creating Reference Edges...
2019-07-22 08:12:39,780 DEBUG Created 10 Reference Edges
2019-07-22 08:12:39,913 DEBUG Created 20 Reference Edges
2019-07-22 08:12:40,037 DEBUG Created 30 Reference Edges
2019-07-22 08:12:40,160 DEBUG Created 40 Reference Edges
2019-07-22 08:12:40,284 DEBUG Created 50 Reference Edges
2019-07-22 08:12:40,412 DEBUG Created 60 Reference Edges
2019-07-22 08:12:40,529 DEBUG Created 70 Reference Edges
2019-07-22 08:12:40,648 DEBUG Created 80 Reference Edges
2019-07-22 08:12:40,763 DEBUG Created 90 Reference Edges
2019-07-22 08:12:40,892 DEBUG Created 100 Reference Edges
2019-07-22 08:12:41,025 DEBUG Created 110 Reference Edges
2019-07-22 08:12:41,139 DEBUG Created 120 Reference Edges
2019-07-22 08:12:41,291 DEBUG Created 130 Reference Edges
2019-07-22 08:12:41,413 DEBUG Created 140 Reference Edges
2019-07-22 08:12:41,543 DEBUG Created 150 Reference Edges
2019-07-22 08:12:41,670 DEBUG Created 160 Reference Edges
2019-07-22 08:12:41,806 DEBUG Created 170 Reference Edges
2019-07-22 08:12:41,937 DEBUG Created 180 Reference Edges
2019-07-22 08:12:42,071 DEBUG Created 190 Reference Edges
2019-07-22 08:12:42,191 DEBUG Created 200 Reference Edges
2019-07-22 08:12:42,252 DEBUG Generating Constraints Objects...
2019-07-22 08:12:42,260 INFO Storing and Retrieving Constraints in OrientDB...
2019-07-22 08:12:44,299 INFO Setting up Discretization Algorithms...
2019-07-22 08:12:44,299 DEBUG Setting up Optimization Algorithms...
2019-07-22 08:12:44,303 DEBUG Setting up Scheduling Algorithms...
2019-07-22 08:12:44,303 DEBUG Optimizing...
2019-07-22 08:12:44,304 DEBUG Beginning CBC Integer Program...
2019-07-22 08:12:44,360 DEBUG CBC Integer Program complete in 0.055339714761042026 seconds
2019-07-22 08:12:44,360 INFO Constructing schedule...
2019-07-22 08:12:44,363 INFO Updating MDL File Schedule...
2019-07-22 08:12:44,502 DEBUG Writing raw results...
2019-07-22 08:12:44,506 INFO Exporting MDL File c:\dev\cra-princess-cp1\output\mdl\AccuracyDiscretization(0.09999999999999998)_CBC_Greedy Scheduler_2019-07-22 08-12-08.xml
2019-07-22 08:12:44,529 DEBUG Exporting OrientDB Nodes...
2019-07-22 08:12:44,603 DEBUG Exported 100 Nodes
2019-07-22 08:12:44,681 DEBUG Exported 200 Nodes
2019-07-22 08:12:44,756 DEBUG Exported 300 Nodes
2019-07-22 08:12:44,841 DEBUG Exported 400 Nodes
2019-07-22 08:12:44,915 DEBUG Exported 500 Nodes
2019-07-22 08:12:44,991 DEBUG Exported 600 Nodes
2019-07-22 08:12:45,069 DEBUG Exported 700 Nodes
2019-07-22 08:12:45,143 DEBUG Exported 800 Nodes
2019-07-22 08:12:45,219 DEBUG Exported 900 Nodes
2019-07-22 08:12:45,295 DEBUG Exported 1000 Nodes
2019-07-22 08:12:45,369 DEBUG Exported 1100 Nodes
2019-07-22 08:12:45,444 DEBUG Exported 1200 Nodes
2019-07-22 08:12:45,521 DEBUG Exported 1300 Nodes
2019-07-22 08:12:45,599 DEBUG Exported 1400 Nodes
2019-07-22 08:12:45,675 DEBUG Exported 1500 Nodes
2019-07-22 08:12:45,753 DEBUG Exported 1600 Nodes
2019-07-22 08:12:45,760 INFO **********Optimization Algorithm: CBC, Discretization: AccuracyDiscretization, Scheduling Algorithm: Greedy Scheduler*********
2019-07-22 08:12:45,761 DEBUG ***************************Challenge Problem 1 Complete********************
2019-07-22 14:30:14,346 DEBUG ***************************Challenge Problem 1 Started*********************
2019-07-22 14:30:14,382 INFO Generating MDL File...
