2019-06-27 15:20:18,316 DEBUG ***************************Challenge Problem 1 Started*********************
2019-06-27 15:20:48,424 DEBUG ***************************Challenge Problem 1 Started*********************
2019-06-27 15:20:48,470 INFO Generating MDL File...
2019-06-27 15:20:48,498 INFO Importing MDL File...
2019-06-27 15:20:53,433 DEBUG Creating OrientDB classes for MDL Elements...
2019-06-27 15:20:53,937 DEBUG Created 20 Node Classes
2019-06-27 15:20:54,606 DEBUG Created 40 Node Classes
2019-06-27 15:20:55,371 DEBUG Created 60 Node Classes
2019-06-27 15:20:55,879 DEBUG Created 80 Node Classes
2019-06-27 15:20:55,906 DEBUG Indexing Started...
2019-06-27 15:20:56,369 DEBUG Indexed 100 MDL Elements
2019-06-27 15:20:56,944 DEBUG Indexed 200 MDL Elements
2019-06-27 15:20:57,232 DEBUG Indexed 300 MDL Elements
2019-06-27 15:20:57,580 DEBUG Creating Containment Edges...
2019-06-27 15:20:58,506 DEBUG Created 100 Containment Edges
2019-06-27 15:20:59,216 DEBUG Created 200 Containment Edges
2019-06-27 15:20:59,776 DEBUG Created 300 Containment Edges
2019-06-27 15:21:00,452 DEBUG Creating Reference Edges...
2019-06-27 15:21:00,555 DEBUG Created 10 Reference Edges
2019-06-27 15:21:00,661 DEBUG Created 20 Reference Edges
2019-06-27 15:21:00,764 DEBUG Created 30 Reference Edges
2019-06-27 15:21:00,809 DEBUG Generating Constraints Objects...
2019-06-27 15:21:00,822 INFO Storing and Retrieving Constraints in OrientDB...
2019-06-27 15:24:48,752 DEBUG ***************************Challenge Problem 1 Started*********************
2019-06-27 15:24:48,790 INFO Generating MDL File...
2019-06-27 15:24:48,808 INFO Importing MDL File...
2019-06-27 15:24:57,465 DEBUG ***************************Challenge Problem 1 Started*********************
2019-06-27 15:24:57,497 INFO Generating MDL File...
2019-06-27 15:24:57,518 INFO Importing MDL File...
2019-06-27 15:24:59,183 DEBUG Creating OrientDB classes for MDL Elements...
2019-06-27 15:24:59,853 DEBUG Created 20 Node Classes
2019-06-27 15:25:00,301 DEBUG Created 40 Node Classes
2019-06-27 15:25:00,806 DEBUG Created 60 Node Classes
2019-06-27 15:25:01,278 DEBUG Created 80 Node Classes
2019-06-27 15:25:01,302 DEBUG Indexing Started...
2019-06-27 15:25:01,607 DEBUG Indexed 100 MDL Elements
2019-06-27 15:25:01,967 DEBUG Indexed 200 MDL Elements
2019-06-27 15:25:02,187 DEBUG Indexed 300 MDL Elements
2019-06-27 15:25:02,505 DEBUG Creating Containment Edges...
2019-06-27 15:25:03,135 DEBUG Created 100 Containment Edges
2019-06-27 15:25:03,711 DEBUG Created 200 Containment Edges
2019-06-27 15:25:04,256 DEBUG Created 300 Containment Edges
2019-06-27 15:25:04,816 DEBUG Creating Reference Edges...
2019-06-27 15:25:04,880 DEBUG Created 10 Reference Edges
2019-06-27 15:25:04,944 DEBUG Created 20 Reference Edges
2019-06-27 15:25:05,010 DEBUG Created 30 Reference Edges
2019-06-27 15:25:05,040 DEBUG Generating Constraints Objects...
2019-06-27 15:25:05,044 INFO Storing and Retrieving Constraints in OrientDB...
2019-06-27 15:34:57,680 DEBUG ***************************Challenge Problem 1 Started*********************
2019-06-27 15:34:57,736 INFO Generating MDL File...
2019-06-27 15:34:57,756 INFO Importing MDL File...
2019-06-27 15:35:00,438 DEBUG Creating OrientDB classes for MDL Elements...
2019-06-27 15:35:01,070 DEBUG Created 20 Node Classes
2019-06-27 15:35:01,495 DEBUG Created 40 Node Classes
2019-06-27 15:35:01,917 DEBUG Created 60 Node Classes
2019-06-27 15:35:02,326 DEBUG Created 80 Node Classes
2019-06-27 15:35:02,350 DEBUG Indexing Started...
2019-06-27 15:35:02,617 DEBUG Indexed 100 MDL Elements
2019-06-27 15:35:02,950 DEBUG Indexed 200 MDL Elements
2019-06-27 15:35:03,175 DEBUG Indexed 300 MDL Elements
2019-06-27 15:35:03,467 DEBUG Creating Containment Edges...
2019-06-27 15:35:04,035 DEBUG Created 100 Containment Edges
2019-06-27 15:35:04,620 DEBUG Created 200 Containment Edges
2019-06-27 15:35:05,081 DEBUG Created 300 Containment Edges
2019-06-27 15:35:05,651 DEBUG Creating Reference Edges...
2019-06-27 15:35:05,725 DEBUG Created 10 Reference Edges
2019-06-27 15:35:05,781 DEBUG Created 20 Reference Edges
2019-06-27 15:35:05,833 DEBUG Created 30 Reference Edges
2019-06-27 15:35:05,861 DEBUG Generating Constraints Objects...
2019-06-27 15:35:05,869 INFO Storing and Retrieving Constraints in OrientDB...
2019-06-27 15:36:41,579 DEBUG ***************************Challenge Problem 1 Started*********************
2019-06-27 15:36:41,611 INFO Generating MDL File...
2019-06-27 15:36:41,631 INFO Importing MDL File...
2019-06-27 15:36:44,521 DEBUG Creating OrientDB classes for MDL Elements...
2019-06-27 15:36:44,935 DEBUG Created 20 Node Classes
2019-06-27 15:36:45,547 DEBUG Created 40 Node Classes
2019-06-27 15:36:45,964 DEBUG Created 60 Node Classes
2019-06-27 15:36:46,388 DEBUG Created 80 Node Classes
2019-06-27 15:36:46,409 DEBUG Indexing Started...
2019-06-27 15:36:46,664 DEBUG Indexed 100 MDL Elements
2019-06-27 15:36:47,061 DEBUG Indexed 200 MDL Elements
2019-06-27 15:36:47,277 DEBUG Indexed 300 MDL Elements
2019-06-27 15:36:47,598 DEBUG Creating Containment Edges...
2019-06-27 15:36:48,257 DEBUG Created 100 Containment Edges
2019-06-27 15:36:48,770 DEBUG Created 200 Containment Edges
2019-06-27 15:36:49,274 DEBUG Created 300 Containment Edges
2019-06-27 15:36:49,775 DEBUG Creating Reference Edges...
2019-06-27 15:36:49,831 DEBUG Created 10 Reference Edges
2019-06-27 15:36:49,887 DEBUG Created 20 Reference Edges
2019-06-27 15:36:49,959 DEBUG Created 30 Reference Edges
2019-06-27 15:36:49,991 DEBUG Generating Constraints Objects...
2019-06-27 15:36:49,995 INFO Storing and Retrieving Constraints in OrientDB...
2019-06-27 15:37:16,632 DEBUG ***************************Challenge Problem 1 Started*********************
2019-06-27 15:37:16,683 INFO Generating MDL File...
2019-06-27 15:37:16,699 INFO Importing MDL File...
2019-06-27 15:37:19,850 DEBUG Creating OrientDB classes for MDL Elements...
2019-06-27 15:37:20,343 DEBUG Created 20 Node Classes
2019-06-27 15:37:20,832 DEBUG Created 40 Node Classes
2019-06-27 15:37:21,413 DEBUG Created 60 Node Classes
2019-06-27 15:37:21,858 DEBUG Created 80 Node Classes
2019-06-27 15:37:21,882 DEBUG Indexing Started...
2019-06-27 15:37:22,106 DEBUG Indexed 100 MDL Elements
2019-06-27 15:37:22,398 DEBUG Indexed 200 MDL Elements
2019-06-27 15:37:22,598 DEBUG Indexed 300 MDL Elements
2019-06-27 15:37:22,882 DEBUG Creating Containment Edges...
2019-06-27 15:37:23,410 DEBUG Created 100 Containment Edges
2019-06-27 15:37:23,923 DEBUG Created 200 Containment Edges
2019-06-27 15:37:24,415 DEBUG Created 300 Containment Edges
2019-06-27 15:37:24,951 DEBUG Creating Reference Edges...
2019-06-27 15:37:25,011 DEBUG Created 10 Reference Edges
2019-06-27 15:37:25,063 DEBUG Created 20 Reference Edges
2019-06-27 15:37:25,119 DEBUG Created 30 Reference Edges
2019-06-27 15:37:25,147 DEBUG Generating Constraints Objects...
2019-06-27 15:37:25,151 INFO Storing and Retrieving Constraints in OrientDB...
2019-06-27 15:39:07,961 DEBUG ***************************Challenge Problem 1 Started*********************
2019-06-27 15:39:08,017 INFO Generating MDL File...
2019-06-27 15:39:08,037 INFO Importing MDL File...
2019-06-27 15:39:10,715 DEBUG Creating OrientDB classes for MDL Elements...
2019-06-27 15:39:11,153 DEBUG Created 20 Node Classes
2019-06-27 15:39:11,667 DEBUG Created 40 Node Classes
2019-06-27 15:39:12,080 DEBUG Created 60 Node Classes
2019-06-27 15:39:12,492 DEBUG Created 80 Node Classes
2019-06-27 15:39:12,508 DEBUG Indexing Started...
2019-06-27 15:39:12,772 DEBUG Indexed 100 MDL Elements
2019-06-27 15:39:13,056 DEBUG Indexed 200 MDL Elements
2019-06-27 15:39:13,253 DEBUG Indexed 300 MDL Elements
2019-06-27 15:39:13,532 DEBUG Creating Containment Edges...
2019-06-27 15:39:13,984 DEBUG Created 100 Containment Edges
2019-06-27 15:39:14,510 DEBUG Created 200 Containment Edges
2019-06-27 15:39:15,035 DEBUG Created 300 Containment Edges
2019-06-27 15:39:15,594 DEBUG Creating Reference Edges...
2019-06-27 15:39:15,646 DEBUG Created 10 Reference Edges
2019-06-27 15:39:15,698 DEBUG Created 20 Reference Edges
2019-06-27 15:39:15,750 DEBUG Created 30 Reference Edges
2019-06-27 15:39:15,786 DEBUG Generating Constraints Objects...
2019-06-27 15:39:15,790 INFO Storing and Retrieving Constraints in OrientDB...
2019-06-27 15:39:18,228 INFO Setting up Discretization Algorithms...
2019-06-27 15:39:18,232 DEBUG Setting up Optimization Algorithms...
2019-06-27 15:39:18,232 DEBUG Setting up Scheduling Algorithms...
2019-06-27 15:39:18,236 DEBUG Optimizing...
2019-06-27 15:39:18,236 DEBUG Beginning CBC Integer Program...
2019-06-27 15:45:48,777 DEBUG ***************************Challenge Problem 1 Started*********************
2019-06-27 15:45:48,822 INFO Generating MDL File...
2019-06-27 15:45:48,837 INFO Importing MDL File...
2019-06-27 15:45:51,360 DEBUG Creating OrientDB classes for MDL Elements...
2019-06-27 15:45:51,815 DEBUG Created 20 Node Classes
2019-06-27 15:45:52,277 DEBUG Created 40 Node Classes
2019-06-27 15:45:52,798 DEBUG Created 60 Node Classes
2019-06-27 15:45:53,179 DEBUG Created 80 Node Classes
2019-06-27 15:45:53,199 DEBUG Indexing Started...
2019-06-27 15:45:53,444 DEBUG Indexed 100 MDL Elements
2019-06-27 15:45:53,776 DEBUG Indexed 200 MDL Elements
2019-06-27 15:45:54,023 DEBUG Indexed 300 MDL Elements
2019-06-27 15:45:54,282 DEBUG Creating Containment Edges...
2019-06-27 15:45:54,806 DEBUG Created 100 Containment Edges
2019-06-27 15:45:55,369 DEBUG Created 200 Containment Edges
2019-06-27 15:45:55,811 DEBUG Created 300 Containment Edges
2019-06-27 15:45:56,327 DEBUG Creating Reference Edges...
2019-06-27 15:45:56,379 DEBUG Created 10 Reference Edges
2019-06-27 15:45:56,439 DEBUG Created 20 Reference Edges
2019-06-27 15:45:56,499 DEBUG Created 30 Reference Edges
2019-06-27 15:45:56,523 DEBUG Generating Constraints Objects...
2019-06-27 15:45:56,527 INFO Storing and Retrieving Constraints in OrientDB...
2019-06-27 15:49:29,645 DEBUG ***************************Challenge Problem 1 Started*********************
2019-06-27 15:49:29,695 INFO Generating MDL File...
2019-06-27 15:49:29,715 INFO Importing MDL File...
2019-06-27 15:49:32,340 DEBUG Creating OrientDB classes for MDL Elements...
2019-06-27 15:49:32,813 DEBUG Created 20 Node Classes
2019-06-27 15:49:33,254 DEBUG Created 40 Node Classes
2019-06-27 15:49:33,849 DEBUG Created 60 Node Classes
2019-06-27 15:49:34,630 DEBUG Created 80 Node Classes
2019-06-27 15:49:34,650 DEBUG Indexing Started...
2019-06-27 15:49:34,865 DEBUG Indexed 100 MDL Elements
2019-06-27 15:49:35,170 DEBUG Indexed 200 MDL Elements
2019-06-27 15:49:35,390 DEBUG Indexed 300 MDL Elements
2019-06-27 15:49:35,651 DEBUG Creating Containment Edges...
2019-06-27 15:49:36,119 DEBUG Created 100 Containment Edges
2019-06-27 15:49:36,615 DEBUG Created 200 Containment Edges
2019-06-27 15:49:37,102 DEBUG Created 300 Containment Edges
2019-06-27 15:49:37,639 DEBUG Creating Reference Edges...
2019-06-27 15:49:37,699 DEBUG Created 10 Reference Edges
2019-06-27 15:49:37,755 DEBUG Created 20 Reference Edges
2019-06-27 15:49:37,818 DEBUG Created 30 Reference Edges
2019-06-27 15:49:37,843 DEBUG Generating Constraints Objects...
2019-06-27 15:49:37,847 INFO Storing and Retrieving Constraints in OrientDB...
2019-06-27 15:54:16,221 DEBUG ***************************Challenge Problem 1 Started*********************
2019-06-27 15:54:16,256 INFO Generating MDL File...
2019-06-27 15:54:16,276 INFO Importing MDL File...
2019-06-27 15:54:18,593 DEBUG Creating OrientDB classes for MDL Elements...
2019-06-27 15:54:19,070 DEBUG Created 20 Node Classes
2019-06-27 15:54:19,583 DEBUG Created 40 Node Classes
2019-06-27 15:54:19,999 DEBUG Created 60 Node Classes
2019-06-27 15:54:20,500 DEBUG Created 80 Node Classes
2019-06-27 15:54:20,516 DEBUG Indexing Started...
2019-06-27 15:54:20,753 DEBUG Indexed 100 MDL Elements
2019-06-27 15:54:21,116 DEBUG Indexed 200 MDL Elements
2019-06-27 15:54:21,314 DEBUG Indexed 300 MDL Elements
2019-06-27 15:54:21,595 DEBUG Creating Containment Edges...
2019-06-27 15:54:22,088 DEBUG Created 100 Containment Edges
2019-06-27 15:54:22,553 DEBUG Created 200 Containment Edges
2019-06-27 15:54:23,064 DEBUG Created 300 Containment Edges
2019-06-27 15:54:23,564 DEBUG Creating Reference Edges...
2019-06-27 15:54:23,618 DEBUG Created 10 Reference Edges
2019-06-27 15:54:23,667 DEBUG Created 20 Reference Edges
2019-06-27 15:54:23,714 DEBUG Created 30 Reference Edges
2019-06-27 15:54:23,746 DEBUG Generating Constraints Objects...
2019-06-27 15:54:23,750 INFO Storing and Retrieving Constraints in OrientDB...
2019-06-27 15:54:51,455 DEBUG ***************************Challenge Problem 1 Started*********************
2019-06-27 15:54:51,499 INFO Generating MDL File...
2019-06-27 15:54:51,519 INFO Importing MDL File...
2019-06-27 15:54:54,154 DEBUG Creating OrientDB classes for MDL Elements...
2019-06-27 15:54:54,603 DEBUG Created 20 Node Classes
2019-06-27 15:54:55,135 DEBUG Created 40 Node Classes
2019-06-27 15:54:55,651 DEBUG Created 60 Node Classes
2019-06-27 15:54:56,131 DEBUG Created 80 Node Classes
2019-06-27 15:54:56,153 DEBUG Indexing Started...
2019-06-27 15:54:56,380 DEBUG Indexed 100 MDL Elements
2019-06-27 15:54:56,721 DEBUG Indexed 200 MDL Elements
2019-06-27 15:54:56,901 DEBUG Indexed 300 MDL Elements
2019-06-27 15:54:57,165 DEBUG Creating Containment Edges...
2019-06-27 15:54:57,657 DEBUG Created 100 Containment Edges
2019-06-27 15:54:58,125 DEBUG Created 200 Containment Edges
2019-06-27 15:54:58,623 DEBUG Created 300 Containment Edges
2019-06-27 15:54:59,145 DEBUG Creating Reference Edges...
2019-06-27 15:54:59,201 DEBUG Created 10 Reference Edges
2019-06-27 15:54:59,249 DEBUG Created 20 Reference Edges
2019-06-27 15:54:59,305 DEBUG Created 30 Reference Edges
2019-06-27 15:54:59,333 DEBUG Generating Constraints Objects...
2019-06-27 15:54:59,337 INFO Storing and Retrieving Constraints in OrientDB...
2019-06-27 15:55:01,833 INFO Setting up Discretization Algorithms...
2019-06-27 15:55:01,833 DEBUG Setting up Optimization Algorithms...
2019-06-27 15:55:01,837 DEBUG Setting up Scheduling Algorithms...
2019-06-27 15:55:01,837 DEBUG Optimizing...
2019-06-27 15:55:01,837 DEBUG Beginning CBC Integer Program...
2019-06-27 15:56:56,612 DEBUG ***************************Challenge Problem 1 Started*********************
2019-06-27 15:56:56,660 INFO Generating MDL File...
2019-06-27 15:56:56,680 INFO Importing MDL File...
2019-06-27 15:56:59,600 DEBUG Creating OrientDB classes for MDL Elements...
2019-06-27 15:56:59,945 DEBUG Created 20 Node Classes
2019-06-27 15:57:00,484 DEBUG Created 40 Node Classes
2019-06-27 15:57:00,964 DEBUG Created 60 Node Classes
2019-06-27 15:57:01,509 DEBUG Created 80 Node Classes
2019-06-27 15:57:01,529 DEBUG Indexing Started...
2019-06-27 15:57:01,745 DEBUG Indexed 100 MDL Elements
2019-06-27 15:57:02,050 DEBUG Indexed 200 MDL Elements
2019-06-27 15:57:02,256 DEBUG Indexed 300 MDL Elements
2019-06-27 15:57:02,583 DEBUG Creating Containment Edges...
2019-06-27 15:57:03,049 DEBUG Created 100 Containment Edges
2019-06-27 15:57:03,477 DEBUG Created 200 Containment Edges
2019-06-27 15:57:03,913 DEBUG Created 300 Containment Edges
2019-06-27 15:57:04,401 DEBUG Creating Reference Edges...
2019-06-27 15:57:04,457 DEBUG Created 10 Reference Edges
2019-06-27 15:57:04,517 DEBUG Created 20 Reference Edges
2019-06-27 15:57:04,569 DEBUG Created 30 Reference Edges
2019-06-27 15:57:04,596 DEBUG Generating Constraints Objects...
2019-06-27 15:57:04,597 INFO Storing and Retrieving Constraints in OrientDB...
2019-06-27 15:57:45,610 DEBUG ***************************Challenge Problem 1 Started*********************
2019-06-27 15:57:45,642 INFO Generating MDL File...
2019-06-27 15:57:45,662 INFO Importing MDL File...
2019-06-27 15:57:48,708 DEBUG Creating OrientDB classes for MDL Elements...
2019-06-27 15:57:49,054 DEBUG Created 20 Node Classes
2019-06-27 15:57:49,653 DEBUG Created 40 Node Classes
2019-06-27 15:57:50,522 DEBUG Created 60 Node Classes
2019-06-27 15:57:51,026 DEBUG Created 80 Node Classes
2019-06-27 15:57:51,054 DEBUG Indexing Started...
2019-06-27 15:57:51,251 DEBUG Indexed 100 MDL Elements
2019-06-27 15:57:51,519 DEBUG Indexed 200 MDL Elements
2019-06-27 15:57:51,832 DEBUG Indexed 300 MDL Elements
2019-06-27 15:57:52,105 DEBUG Creating Containment Edges...
2019-06-27 15:57:52,513 DEBUG Created 100 Containment Edges
2019-06-27 15:57:52,941 DEBUG Created 200 Containment Edges
2019-06-27 15:57:53,360 DEBUG Created 300 Containment Edges
2019-06-27 15:57:53,890 DEBUG Creating Reference Edges...
2019-06-27 15:57:53,938 DEBUG Created 10 Reference Edges
2019-06-27 15:57:53,990 DEBUG Created 20 Reference Edges
2019-06-27 15:57:54,042 DEBUG Created 30 Reference Edges
2019-06-27 15:57:54,068 DEBUG Generating Constraints Objects...
2019-06-27 15:57:54,074 INFO Storing and Retrieving Constraints in OrientDB...
2019-06-27 16:00:01,769 DEBUG ***************************Challenge Problem 1 Started*********************
2019-06-27 16:00:01,818 INFO Generating MDL File...
2019-06-27 16:00:01,837 INFO Importing MDL File...
2019-06-27 16:00:04,523 DEBUG Creating OrientDB classes for MDL Elements...
2019-06-27 16:00:05,139 DEBUG Created 20 Node Classes
2019-06-27 16:00:05,576 DEBUG Created 40 Node Classes
2019-06-27 16:00:06,013 DEBUG Created 60 Node Classes
2019-06-27 16:00:06,778 DEBUG Created 80 Node Classes
2019-06-27 16:00:06,798 DEBUG Indexing Started...
2019-06-27 16:00:07,005 DEBUG Indexed 100 MDL Elements
2019-06-27 16:00:07,263 DEBUG Indexed 200 MDL Elements
2019-06-27 16:00:07,439 DEBUG Indexed 300 MDL Elements
2019-06-27 16:00:07,684 DEBUG Creating Containment Edges...
2019-06-27 16:00:08,114 DEBUG Created 100 Containment Edges
2019-06-27 16:00:08,572 DEBUG Created 200 Containment Edges
2019-06-27 16:00:08,984 DEBUG Created 300 Containment Edges
2019-06-27 16:00:09,436 DEBUG Creating Reference Edges...
2019-06-27 16:00:09,485 DEBUG Created 10 Reference Edges
2019-06-27 16:00:09,537 DEBUG Created 20 Reference Edges
2019-06-27 16:00:09,593 DEBUG Created 30 Reference Edges
2019-06-27 16:00:09,621 DEBUG Generating Constraints Objects...
2019-06-27 16:00:09,625 INFO Storing and Retrieving Constraints in OrientDB...
2019-06-27 16:02:03,588 DEBUG ***************************Challenge Problem 1 Started*********************
2019-06-27 16:02:03,639 INFO Generating MDL File...
2019-06-27 16:02:03,655 INFO Importing MDL File...
2019-06-27 16:02:06,398 DEBUG Creating OrientDB classes for MDL Elements...
2019-06-27 16:02:06,850 DEBUG Created 20 Node Classes
2019-06-27 16:02:07,338 DEBUG Created 40 Node Classes
2019-06-27 16:02:08,060 DEBUG Created 60 Node Classes
2019-06-27 16:02:08,565 DEBUG Created 80 Node Classes
2019-06-27 16:02:08,616 DEBUG Indexing Started...
2019-06-27 16:02:08,833 DEBUG Indexed 100 MDL Elements
2019-06-27 16:02:09,218 DEBUG Indexed 200 MDL Elements
2019-06-27 16:02:09,410 DEBUG Indexed 300 MDL Elements
2019-06-27 16:02:09,666 DEBUG Creating Containment Edges...
2019-06-27 16:02:10,086 DEBUG Created 100 Containment Edges
2019-06-27 16:02:10,486 DEBUG Created 200 Containment Edges
2019-06-27 16:02:10,906 DEBUG Created 300 Containment Edges
2019-06-27 16:02:11,394 DEBUG Creating Reference Edges...
2019-06-27 16:02:11,446 DEBUG Created 10 Reference Edges
2019-06-27 16:02:11,488 DEBUG Created 20 Reference Edges
2019-06-27 16:02:11,536 DEBUG Created 30 Reference Edges
2019-06-27 16:02:11,563 DEBUG Generating Constraints Objects...
2019-06-27 16:02:11,568 INFO Storing and Retrieving Constraints in OrientDB...
2019-06-27 16:02:13,958 INFO Setting up Discretization Algorithms...
2019-06-27 16:02:13,958 DEBUG Setting up Optimization Algorithms...
2019-06-27 16:02:13,962 DEBUG Setting up Scheduling Algorithms...
2019-06-27 16:02:13,962 DEBUG Optimizing...
2019-06-27 16:02:13,962 DEBUG Beginning CBC Integer Program...
2019-06-27 16:12:00,634 DEBUG ***************************Challenge Problem 1 Started*********************
2019-06-27 16:12:00,671 INFO Generating MDL File...
2019-06-27 16:12:00,687 INFO Importing MDL File...
2019-06-27 16:12:03,169 DEBUG Creating OrientDB classes for MDL Elements...
2019-06-27 16:12:03,773 DEBUG Created 20 Node Classes
2019-06-27 16:12:04,425 DEBUG Created 40 Node Classes
2019-06-27 16:12:05,034 DEBUG Created 60 Node Classes
2019-06-27 16:12:05,546 DEBUG Created 80 Node Classes
2019-06-27 16:12:05,566 DEBUG Indexing Started...
2019-06-27 16:12:05,768 DEBUG Indexed 100 MDL Elements
2019-06-27 16:12:06,037 DEBUG Indexed 200 MDL Elements
2019-06-27 16:12:06,213 DEBUG Indexed 300 MDL Elements
2019-06-27 16:12:06,460 DEBUG Creating Containment Edges...
2019-06-27 16:12:06,951 DEBUG Created 100 Containment Edges
2019-06-27 16:12:07,373 DEBUG Created 200 Containment Edges
2019-06-27 16:12:07,778 DEBUG Created 300 Containment Edges
2019-06-27 16:12:08,270 DEBUG Creating Reference Edges...
2019-06-27 16:12:08,315 DEBUG Created 10 Reference Edges
2019-06-27 16:12:08,358 DEBUG Created 20 Reference Edges
2019-06-27 16:12:08,482 DEBUG Created 30 Reference Edges
2019-06-27 16:12:08,505 DEBUG Generating Constraints Objects...
2019-06-27 16:12:08,509 INFO Storing and Retrieving Constraints in OrientDB...
