2019-07-21 16:58:30,957 DEBUG ***************************Challenge Problem 1 Started*********************
2019-07-21 16:58:30,957 INFO Deleting previous runs...
2019-07-21 16:58:31,161 INFO Generating MDL File...
2019-07-21 16:58:31,207 INFO Importing MDL File...
2019-07-21 16:58:39,110 DEBUG Creating OrientDB classes for MDL Elements...
2019-07-21 16:58:40,105 DEBUG Created 20 Node Classes
2019-07-21 16:58:41,348 DEBUG Created 40 Node Classes
2019-07-21 16:58:42,235 DEBUG Created 60 Node Classes
2019-07-21 16:58:43,153 DEBUG Created 80 Node Classes
2019-07-21 16:58:43,199 DEBUG Indexing Started...
2019-07-21 16:58:44,927 DEBUG Indexed 100 MDL Elements
2019-07-21 16:58:46,716 DEBUG Indexed 200 MDL Elements
2019-07-21 16:58:48,428 DEBUG Indexed 300 MDL Elements
2019-07-21 16:58:49,704 DEBUG Indexed 400 MDL Elements
2019-07-21 16:58:51,260 DEBUG Indexed 500 MDL Elements
2019-07-21 16:58:53,205 DEBUG Indexed 600 MDL Elements
2019-07-21 16:58:55,243 DEBUG Indexed 700 MDL Elements
2019-07-21 16:58:57,468 DEBUG Indexed 800 MDL Elements
2019-07-21 16:58:59,242 DEBUG Creating Containment Edges...
2019-07-21 16:59:03,272 DEBUG Created 100 Containment Edges
2019-07-21 16:59:06,104 DEBUG Created 200 Containment Edges
2019-07-21 16:59:08,967 DEBUG Created 300 Containment Edges
2019-07-21 16:59:11,721 DEBUG Created 400 Containment Edges
2019-07-21 16:59:14,429 DEBUG Created 500 Containment Edges
2019-07-21 16:59:17,058 DEBUG Created 600 Containment Edges
2019-07-21 16:59:19,688 DEBUG Created 700 Containment Edges
2019-07-21 16:59:22,396 DEBUG Created 800 Containment Edges
2019-07-21 16:59:24,994 DEBUG Creating Reference Edges...
2019-07-21 16:59:25,477 DEBUG Created 10 Reference Edges
2019-07-21 16:59:25,959 DEBUG Created 20 Reference Edges
2019-07-21 16:59:26,379 DEBUG Created 30 Reference Edges
2019-07-21 16:59:26,721 DEBUG Created 40 Reference Edges
2019-07-21 16:59:27,017 DEBUG Created 50 Reference Edges
2019-07-21 16:59:27,313 DEBUG Created 60 Reference Edges
2019-07-21 16:59:27,608 DEBUG Created 70 Reference Edges
2019-07-21 16:59:28,013 DEBUG Created 80 Reference Edges
2019-07-21 16:59:28,371 DEBUG Created 90 Reference Edges
2019-07-21 16:59:28,697 DEBUG Created 100 Reference Edges
2019-07-21 16:59:28,838 DEBUG Generating Constraints Objects...
2019-07-21 16:59:28,869 INFO Storing and Retrieving Constraints in OrientDB...
2019-07-21 16:59:32,896 INFO Setting up Discretization Algorithms...
2019-07-21 16:59:32,896 DEBUG Setting up Optimization Algorithms...
2019-07-21 16:59:32,912 DEBUG Setting up Scheduling Algorithms...
2019-07-21 16:59:32,912 DEBUG Optimizing...
2019-07-21 16:59:32,912 DEBUG Beginning CBC Integer Program...
2019-07-21 16:59:33,036 DEBUG CBC Integer Program complete in 0.12458206067974686 seconds
2019-07-21 16:59:33,036 INFO Constructing schedule...
2019-07-21 16:59:33,052 INFO Updating MDL File Schedule...
2019-07-21 16:59:33,223 DEBUG Writing results...
2019-07-21 16:59:33,316 DEBUG Exporting OrientDB Nodes...
2019-07-21 16:59:33,923 DEBUG Exported 100 Nodes
2019-07-21 16:59:34,533 DEBUG Exported 200 Nodes
2019-07-21 16:59:35,016 DEBUG Exported 300 Nodes
2019-07-21 16:59:35,451 DEBUG Exported 400 Nodes
2019-07-21 16:59:35,825 DEBUG Exported 500 Nodes
2019-07-21 16:59:36,152 DEBUG Exported 600 Nodes
2019-07-21 16:59:36,510 DEBUG Exported 700 Nodes
2019-07-21 16:59:36,867 DEBUG Exported 800 Nodes
2019-07-21 17:07:31,440 DEBUG ***************************Challenge Problem 1 Started*********************
2019-07-21 17:07:31,440 INFO Deleting previous runs...
2019-07-21 17:07:31,591 DEBUG Generating Constraints Objects...
2019-07-21 17:08:30,267 DEBUG ***************************Challenge Problem 1 Started*********************
2019-07-21 17:08:30,267 INFO Deleting previous runs...
2019-07-21 17:08:30,345 DEBUG Generating Constraints Objects...
2019-07-21 17:08:30,345 DEBUG ***************************Challenge Problem 1 Complete********************
2019-07-21 17:08:51,937 DEBUG ***************************Challenge Problem 1 Started*********************
2019-07-21 17:08:51,952 INFO Deleting previous runs...
2019-07-21 17:08:52,046 DEBUG Generating Constraints Objects...
2019-07-21 17:08:52,046 DEBUG ***************************Challenge Problem 1 Complete********************
2019-07-21 17:20:01,428 DEBUG ***************************Challenge Problem 1 Started*********************
2019-07-21 17:20:01,443 INFO Deleting previous runs...
2019-07-21 17:20:01,533 DEBUG Generating Constraints Objects...
2019-07-21 17:20:01,549 DEBUG ***************************Challenge Problem 1 Complete********************
2019-07-21 17:20:30,102 DEBUG ***************************Challenge Problem 1 Started*********************
2019-07-21 17:20:30,102 INFO Deleting previous runs...
2019-07-21 17:20:30,195 DEBUG Generating Constraints Objects...
2019-07-21 17:20:30,211 DEBUG ***************************Challenge Problem 1 Complete********************
2019-07-21 17:20:58,330 DEBUG ***************************Challenge Problem 1 Started*********************
2019-07-21 17:20:58,330 INFO Deleting previous runs...
2019-07-21 17:20:58,439 DEBUG Generating Constraints Objects...
2019-07-21 17:20:58,455 DEBUG ***************************Challenge Problem 1 Complete********************
2019-07-21 17:21:13,631 DEBUG ***************************Challenge Problem 1 Started*********************
2019-07-21 17:21:13,636 INFO Deleting previous runs...
2019-07-21 17:21:13,735 DEBUG Generating Constraints Objects...
2019-07-21 17:21:13,845 DEBUG ***************************Challenge Problem 1 Complete********************
2019-07-21 17:28:37,904 DEBUG ***************************Challenge Problem 1 Started*********************
2019-07-21 17:28:37,904 INFO Deleting previous runs...
2019-07-21 17:29:03,098 DEBUG ***************************Challenge Problem 1 Started*********************
2019-07-21 17:29:03,098 INFO Deleting previous runs...
2019-07-21 17:29:03,223 INFO Generating MDL File...
2019-07-21 17:29:03,308 INFO Importing MDL File...
2019-07-21 17:29:09,769 DEBUG Creating OrientDB classes for MDL Elements...
2019-07-21 17:29:10,450 DEBUG Created 20 Node Classes
2019-07-21 17:29:11,122 DEBUG Created 40 Node Classes
2019-07-21 17:29:11,819 DEBUG Created 60 Node Classes
2019-07-21 17:29:12,553 DEBUG Created 80 Node Classes
2019-07-21 17:29:12,584 DEBUG Indexing Started...
2019-07-21 17:29:13,475 DEBUG Indexed 100 MDL Elements
2019-07-21 17:29:14,584 DEBUG Indexed 200 MDL Elements
2019-07-21 17:29:15,896 DEBUG Indexed 300 MDL Elements
2019-07-21 17:29:16,774 DEBUG Indexed 400 MDL Elements
2019-07-21 17:29:18,031 DEBUG Indexed 500 MDL Elements
2019-07-21 17:29:19,625 DEBUG Indexed 600 MDL Elements
2019-07-21 17:29:21,359 DEBUG Indexed 700 MDL Elements
2019-07-21 17:29:23,453 DEBUG Indexed 800 MDL Elements
2019-07-21 17:29:25,142 DEBUG Creating Containment Edges...
2019-07-21 17:29:28,221 DEBUG Created 100 Containment Edges
2019-07-21 17:29:31,206 DEBUG Created 200 Containment Edges
2019-07-21 17:29:33,895 DEBUG Created 300 Containment Edges
2019-07-21 17:29:36,567 DEBUG Created 400 Containment Edges
2019-07-21 17:29:39,288 DEBUG Created 500 Containment Edges
2019-07-21 17:29:42,061 DEBUG Created 600 Containment Edges
2019-07-21 17:29:44,717 DEBUG Created 700 Containment Edges
2019-07-21 17:29:47,359 DEBUG Created 800 Containment Edges
2019-07-21 17:29:49,861 DEBUG Creating Reference Edges...
2019-07-21 17:29:50,158 DEBUG Created 10 Reference Edges
2019-07-21 17:29:50,455 DEBUG Created 20 Reference Edges
2019-07-21 17:29:50,751 DEBUG Created 30 Reference Edges
2019-07-21 17:29:51,048 DEBUG Created 40 Reference Edges
2019-07-21 17:29:51,314 DEBUG Created 50 Reference Edges
2019-07-21 17:29:51,611 DEBUG Created 60 Reference Edges
2019-07-21 17:29:51,892 DEBUG Created 70 Reference Edges
2019-07-21 17:29:52,173 DEBUG Created 80 Reference Edges
2019-07-21 17:29:52,470 DEBUG Created 90 Reference Edges
2019-07-21 17:29:52,753 DEBUG Created 100 Reference Edges
2019-07-21 17:29:52,894 DEBUG Generating Constraints Objects...
2019-07-21 17:29:52,995 INFO Storing and Retrieving Constraints in OrientDB...
2019-07-21 17:30:31,237 DEBUG ***************************Challenge Problem 1 Started*********************
2019-07-21 17:30:31,237 INFO Deleting previous runs...
2019-07-21 17:30:31,391 DEBUG Generating Constraints Objects...
2019-07-21 17:30:31,471 INFO Storing and Retrieving Constraints in OrientDB...
2019-07-21 17:30:38,562 INFO Goal Throughput Bulk: type_: BandwidthTypes.BULK, value: 0, Goal Throughput Voice: type_: BandwidthTypes.VOICE, value: 0, Goal Throughput Safety: type_: BandwidthTypes.SAFETY, value: 0, Guard Band: 0, Epoch: 0, TxOp Timeout: TxOpTimeout: 255, Candidate TAs: [[<id_: TA1, minimum_voice_bandwidth: 120, minimum_safety_bandwidth: 805, total_minimum_bandwidth: Kbps: 925, latency: 50000, scaling_factor: 0.5665689123973742, c: 0.0022930189860486815, eligible_channels: [frequency: frequency: 4919500000, capacity: Kbps: 4000, start_time: 0, value: 0], bandwidth: None, value: None, min_value: 49.863358690712225, max_value: 56.65689062810739>, <id_: TA2, minimum_voice_bandwidth: 120, minimum_safety_bandwidth: 1193, total_minimum_bandwidth: Kbps: 1313, latency: 50000, scaling_factor: 1.0277014834051978, c: 0.0005811692251740128, eligible_channels: [frequency: frequency: 4919500000, capacity: Kbps: 4000, start_time: 0, value: 0], bandwidth: None, value: None, min_value: 54.855573602985984, max_value: 101.78686590125312>, <id_: TA3, minimum_voice_bandwidth: 120, minimum_safety_bandwidth: 953, total_minimum_bandwidth: Kbps: 1073, latency: 50000, scaling_factor: 1.000874371022612, c: 0.0009849694776728063, eligible_channels: [frequency: frequency: 4919500000, capacity: Kbps: 4000, start_time: 0, value: 0], bandwidth: None, value: None, min_value: 65.30293570505098, max_value: 100.04957148013396>, <id_: TA4, minimum_voice_bandwidth: 100, minimum_safety_bandwidth: 691, total_minimum_bandwidth: Kbps: 791, latency: 50000, scaling_factor: 1.06576664976691, c: 0.0011804918281319403, eligible_channels: [frequency: frequency: 4919500000, capacity: Kbps: 4000, start_time: 0, value: 0], bandwidth: None, value: None, min_value: 64.6846368609448, max_value: 106.56822748358579>, <id_: TA5, minimum_voice_bandwidth: 105, minimum_safety_bandwidth: 290, total_minimum_bandwidth: Kbps: 395, latency: 50000, scaling_factor: 2.7396425708638494, c: 0.0015215916825878535, eligible_channels: [frequency: frequency: 4919500000, capacity: Kbps: 4000, start_time: 0, value: 0], bandwidth: None, value: None, min_value: 123.7640775466842, max_value: 273.96284082656433>, <id_: TA6, minimum_voice_bandwidth: 120, minimum_safety_bandwidth: 4905, total_minimum_bandwidth: Kbps: 5025, latency: 50000, scaling_factor: 1.0073432976530343, c: 0.0007254263856406091, eligible_channels: [frequency: frequency: 4919500000, capacity: Kbps: 4000, start_time: 0, value: 0], bandwidth: None, value: None, min_value: 98.10371106691906, max_value: 100.43038960322636>, <id_: TA7, minimum_voice_bandwidth: 120, minimum_safety_bandwidth: 801, total_minimum_bandwidth: Kbps: 921, latency: 50000, scaling_factor: 0.9852298399049649, c: 0.0023331479103479596, eligible_channels: [frequency: frequency: 4919500000, capacity: Kbps: 4000, start_time: 0, value: 0], bandwidth: None, value: None, min_value: 87.03317307214476, max_value: 98.52298321896892>, <id_: TA8, minimum_voice_bandwidth: 120, minimum_safety_bandwidth: 2592, total_minimum_bandwidth: Kbps: 2712, latency: 50000, scaling_factor: 1.0946273232096986, c: 0.0013221608992910196, eligible_channels: [frequency: frequency: 4919500000, capacity: Kbps: 4000, start_time: 0, value: 0], bandwidth: None, value: None, min_value: 106.42872653384588, max_value: 109.45994229129512>, <id_: TA9, minimum_voice_bandwidth: 120, minimum_safety_bandwidth: 3025, total_minimum_bandwidth: Kbps: 3145, latency: 50000, scaling_factor: 2.5545486982806724, c: 0.0005583361383890496, eligible_channels: [frequency: frequency: 4919500000, capacity: Kbps: 4000, start_time: 0, value: 0], bandwidth: None, value: None, min_value: 211.3275713485294, max_value: 252.5208992486487>, <id_: TA10, minimum_voice_bandwidth: 120, minimum_safety_bandwidth: 2675, total_minimum_bandwidth: Kbps: 2795, latency: 50000, scaling_factor: 0.4876152714747974, c: 0.002088432279003835, eligible_channels: [frequency: frequency: 4919500000, capacity: Kbps: 4000, start_time: 0, value: 0], bandwidth: None, value: None, min_value: 48.61928531097865, max_value: 48.761524442771766>]], ID: 1, Channels: [[frequency: frequency: 4919500000, capacity: Kbps: 4000, start_time: 0, value: 0]]
2019-07-21 17:30:38,562 INFO 
************

2019-07-21 17:30:38,594 INFO Goal Throughput Bulk: type_: BandwidthTypes.BULK, value: 0, Goal Throughput Voice: type_: BandwidthTypes.VOICE, value: 0, Goal Throughput Safety: type_: BandwidthTypes.SAFETY, value: 0, Guard Band: 0, Epoch: 0, TxOp Timeout: TxOpTimeout: 255, Candidate TAs: [[<id_: TA1, minimum_voice_bandwidth: 120, minimum_safety_bandwidth: 520, total_minimum_bandwidth: Kbps: 640, latency: 50000, scaling_factor: 0.4957823577386604, c: 0.0012987470134930186, eligible_channels: [frequency: frequency: 4919500000, capacity: Kbps: 4000, start_time: 0, value: 0], bandwidth: None, value: None, min_value: 27.98556688222697, max_value: 49.57671178505776>, <id_: TA2, minimum_voice_bandwidth: 120, minimum_safety_bandwidth: 4202, total_minimum_bandwidth: Kbps: 4322, latency: 50000, scaling_factor: 2.995155328746996, c: 0.0034774387855217095, eligible_channels: [frequency: frequency: 4919500000, capacity: Kbps: 4000, start_time: 0, value: 0], bandwidth: None, value: None, min_value: 299.5154439147374, max_value: 299.51553287445154>, <id_: TA3, minimum_voice_bandwidth: 189, minimum_safety_bandwidth: 694, total_minimum_bandwidth: Kbps: 883, latency: 50000, scaling_factor: 0.47366543288755886, c: 0.0019532776737952668, eligible_channels: [frequency: frequency: 4919500000, capacity: Kbps: 4000, start_time: 0, value: 0], bandwidth: None, value: None, min_value: 38.924942515266615, max_value: 47.366535542533356>, <id_: TA4, minimum_voice_bandwidth: 113, minimum_safety_bandwidth: 536, total_minimum_bandwidth: Kbps: 649, latency: 50000, scaling_factor: 0.9407761321531668, c: 0.0010328913977154033, eligible_channels: [frequency: frequency: 4919500000, capacity: Kbps: 4000, start_time: 0, value: 0], bandwidth: None, value: None, min_value: 45.95397011097249, max_value: 94.05335526986156>, <id_: TA5, minimum_voice_bandwidth: 120, minimum_safety_bandwidth: 527, total_minimum_bandwidth: Kbps: 647, latency: 50000, scaling_factor: 0.9860213675674738, c: 0.0005561491133299386, eligible_channels: [frequency: frequency: 4919500000, capacity: Kbps: 4000, start_time: 0, value: 0], bandwidth: None, value: None, min_value: 29.797959708271694, max_value: 97.44967533049982>, <id_: TA6, minimum_voice_bandwidth: 120, minimum_safety_bandwidth: 3639, total_minimum_bandwidth: Kbps: 3759, latency: 50000, scaling_factor: 1.0519652089217655, c: 0.002004862453681968, eligible_channels: [frequency: frequency: 4919500000, capacity: Kbps: 4000, start_time: 0, value: 0], bandwidth: None, value: None, min_value: 105.14041125721477, max_value: 105.1965095055318>, <id_: TA7, minimum_voice_bandwidth: 120, minimum_safety_bandwidth: 660, total_minimum_bandwidth: Kbps: 780, latency: 50000, scaling_factor: 1.063368278264949, c: 0.001240850261051185, eligible_channels: [frequency: frequency: 4919500000, capacity: Kbps: 4000, start_time: 0, value: 0], bandwidth: None, value: None, min_value: 65.94011267504997, max_value: 106.33163351092654>, <id_: TA8, minimum_voice_bandwidth: 171, minimum_safety_bandwidth: 696, total_minimum_bandwidth: Kbps: 867, latency: 50000, scaling_factor: 1.0520225551426197, c: 0.0032538732683071374, eligible_channels: [frequency: frequency: 4919500000, capacity: Kbps: 4000, start_time: 0, value: 0], bandwidth: None, value: None, min_value: 98.93852073885581, max_value: 105.20225551374088>, <id_: TA9, minimum_voice_bandwidth: 120, minimum_safety_bandwidth: 984, total_minimum_bandwidth: Kbps: 1104, latency: 50000, scaling_factor: 2.02692187560435, c: 0.001860804609026411, eligible_channels: [frequency: frequency: 4919500000, capacity: Kbps: 4000, start_time: 0, value: 0], bandwidth: None, value: None, min_value: 176.71132471847707, max_value: 202.69211809966058>, <id_: TA10, minimum_voice_bandwidth: 120, minimum_safety_bandwidth: 980, total_minimum_bandwidth: Kbps: 1100, latency: 50000, scaling_factor: 1.0846747913563677, c: 0.0017955751929713678, eligible_channels: [frequency: frequency: 4919500000, capacity: Kbps: 4000, start_time: 0, value: 0], bandwidth: None, value: None, min_value: 93.41838672681523, max_value: 108.46741649843301>]], ID: 1, Channels: [[frequency: frequency: 4919500000, capacity: Kbps: 4000, start_time: 0, value: 0]]
2019-07-21 17:30:38,594 INFO 
************

2019-07-21 17:30:38,645 INFO Goal Throughput Bulk: type_: BandwidthTypes.BULK, value: 0, Goal Throughput Voice: type_: BandwidthTypes.VOICE, value: 0, Goal Throughput Safety: type_: BandwidthTypes.SAFETY, value: 0, Guard Band: 0, Epoch: 0, TxOp Timeout: TxOpTimeout: 255, Candidate TAs: [[<id_: TA1, minimum_voice_bandwidth: 120, minimum_safety_bandwidth: 951, total_minimum_bandwidth: Kbps: 1071, latency: 50000, scaling_factor: 1.0009377913314006, c: 0.0013829187974881399, eligible_channels: [frequency: frequency: 4919500000, capacity: Kbps: 4000, start_time: 0, value: 0], bandwidth: None, value: None, min_value: 77.33384976869057, max_value: 100.09221001708752>, <id_: TA2, minimum_voice_bandwidth: 120, minimum_safety_bandwidth: 725, total_minimum_bandwidth: Kbps: 845, latency: 50000, scaling_factor: 0.9904134619907305, c: 0.0016378533006916524, eligible_channels: [frequency: frequency: 4919500000, capacity: Kbps: 4000, start_time: 0, value: 0], bandwidth: None, value: None, min_value: 74.22378880217852, max_value: 99.04114420839385>, <id_: TA3, minimum_voice_bandwidth: 120, minimum_safety_bandwidth: 540, total_minimum_bandwidth: Kbps: 660, latency: 50000, scaling_factor: 2.3408877701744966, c: 0.0009506359226036696, eligible_channels: [frequency: frequency: 4919500000, capacity: Kbps: 4000, start_time: 0, value: 0], bandwidth: None, value: None, min_value: 109.09290368050037, max_value: 233.97222142698988>, <id_: TA4, minimum_voice_bandwidth: 120, minimum_safety_bandwidth: 937, total_minimum_bandwidth: Kbps: 1057, latency: 50000, scaling_factor: 0.994550169170369, c: 0.006080662135351065, eligible_channels: [frequency: frequency: 4919500000, capacity: Kbps: 4000, start_time: 0, value: 0], bandwidth: None, value: None, min_value: 99.29421056598272, max_value: 99.4550169170369>, <id_: TA5, minimum_voice_bandwidth: 120, minimum_safety_bandwidth: 704, total_minimum_bandwidth: Kbps: 824, latency: 50000, scaling_factor: 2.2427159039862716, c: 0.0018872743625607737, eligible_channels: [frequency: frequency: 4919500000, capacity: Kbps: 4000, start_time: 0, value: 0], bandwidth: None, value: None, min_value: 176.91321438149072, max_value: 224.27152820991964>, <id_: TA6, minimum_voice_bandwidth: 140, minimum_safety_bandwidth: 648, total_minimum_bandwidth: Kbps: 788, latency: 50000, scaling_factor: 2.5945731531124916, c: 0.001663575914349641, eligible_channels: [frequency: frequency: 4919500000, capacity: Kbps: 4000, start_time: 0, value: 0], bandwidth: None, value: None, min_value: 189.51335318683192, max_value: 259.45688457521874>, <id_: TA7, minimum_voice_bandwidth: 120, minimum_safety_bandwidth: 6884, total_minimum_bandwidth: Kbps: 7004, latency: 50000, scaling_factor: 0.4495692997024296, c: 0.0010097588360736005, eligible_channels: [frequency: frequency: 4919500000, capacity: Kbps: 4000, start_time: 0, value: 0], bandwidth: None, value: None, min_value: 44.918795854385806, max_value: 44.942981225661356>, <id_: TA8, minimum_voice_bandwidth: 120, minimum_safety_bandwidth: 1483, total_minimum_bandwidth: Kbps: 1603, latency: 50000, scaling_factor: 0.9258027067244986, c: 0.005745222390114577, eligible_channels: [frequency: frequency: 4919500000, capacity: Kbps: 4000, start_time: 0, value: 0], bandwidth: None, value: None, min_value: 92.57100570962884, max_value: 92.58027067244986>, <id_: TA9, minimum_voice_bandwidth: 120, minimum_safety_bandwidth: 894, total_minimum_bandwidth: Kbps: 1014, latency: 50000, scaling_factor: 1.087357164148306, c: 0.001986830273984272, eligible_channels: [frequency: frequency: 4919500000, capacity: Kbps: 4000, start_time: 0, value: 0], bandwidth: None, value: None, min_value: 94.23389262377486, max_value: 108.73570281865314>, <id_: TA10, minimum_voice_bandwidth: 120, minimum_safety_bandwidth: 7874, total_minimum_bandwidth: Kbps: 7994, latency: 50000, scaling_factor: 1.0375258516405068, c: 0.00540682688565783, eligible_channels: [frequency: frequency: 4919500000, capacity: Kbps: 4000, start_time: 0, value: 0], bandwidth: None, value: None, min_value: 103.75258516405069, max_value: 103.75258516405069>]], ID: 1, Channels: [[frequency: frequency: 4919500000, capacity: Kbps: 4000, start_time: 0, value: 0]]
2019-07-21 17:30:38,650 INFO 
************

2019-07-21 17:30:38,690 INFO Goal Throughput Bulk: type_: BandwidthTypes.BULK, value: 0, Goal Throughput Voice: type_: BandwidthTypes.VOICE, value: 0, Goal Throughput Safety: type_: BandwidthTypes.SAFETY, value: 0, Guard Band: 0, Epoch: 0, TxOp Timeout: TxOpTimeout: 255, Candidate TAs: [[<id_: TA1, minimum_voice_bandwidth: 159, minimum_safety_bandwidth: 296, total_minimum_bandwidth: Kbps: 455, latency: 50000, scaling_factor: 0.9859751796043492, c: 0.002498350829185653, eligible_channels: [frequency: frequency: 4919500000, capacity: Kbps: 4000, start_time: 0, value: 0], bandwidth: None, value: None, min_value: 66.96149427961322, max_value: 98.5975177545113>, <id_: TA2, minimum_voice_bandwidth: 120, minimum_safety_bandwidth: 571, total_minimum_bandwidth: Kbps: 691, latency: 50000, scaling_factor: 1.061999256263204, c: 0.0023366943421135144, eligible_channels: [frequency: frequency: 4919500000, capacity: Kbps: 4000, start_time: 0, value: 0], bandwidth: None, value: None, min_value: 85.07047951111747, max_value: 106.19992481793855>, <id_: TA3, minimum_voice_bandwidth: 96, minimum_safety_bandwidth: 973, total_minimum_bandwidth: Kbps: 1069, latency: 50000, scaling_factor: 1.0644376262293207, c: 0.0037463695987053113, eligible_channels: [frequency: frequency: 4919500000, capacity: Kbps: 4000, start_time: 0, value: 0], bandwidth: None, value: None, min_value: 104.50364676053526, max_value: 106.44376262292181>, <id_: TA4, minimum_voice_bandwidth: 120, minimum_safety_bandwidth: 765, total_minimum_bandwidth: Kbps: 885, latency: 50000, scaling_factor: 0.4774009606496843, c: 0.0005516671741400474, eligible_channels: [frequency: frequency: 4919500000, capacity: Kbps: 4000, start_time: 0, value: 0], bandwidth: None, value: None, min_value: 18.441307066811856, max_value: 47.16174010950459>, <id_: TA5, minimum_voice_bandwidth: 120, minimum_safety_bandwidth: 5920, total_minimum_bandwidth: Kbps: 6040, latency: 50000, scaling_factor: 0.9710725377534479, c: 0.0017366677343787671, eligible_channels: [frequency: frequency: 4919500000, capacity: Kbps: 4000, start_time: 0, value: 0], bandwidth: None, value: None, min_value: 97.10455148891631, max_value: 97.10716393943699>, <id_: TA6, minimum_voice_bandwidth: 120, minimum_safety_bandwidth: 961, total_minimum_bandwidth: Kbps: 1081, latency: 50000, scaling_factor: 0.9621170071891241, c: 0.002371631036109406, eligible_channels: [frequency: frequency: 4919500000, capacity: Kbps: 4000, start_time: 0, value: 0], bandwidth: None, value: None, min_value: 88.80179415821651, max_value: 96.21170016513183>, <id_: TA7, minimum_voice_bandwidth: 120, minimum_safety_bandwidth: 552, total_minimum_bandwidth: Kbps: 672, latency: 50000, scaling_factor: 0.910927128727991, c: 0.005299083748395217, eligible_channels: [frequency: frequency: 4919500000, capacity: Kbps: 4000, start_time: 0, value: 0], bandwidth: None, value: None, min_value: 88.50469176734804, max_value: 91.0927128727991>, <id_: TA8, minimum_voice_bandwidth: 156, minimum_safety_bandwidth: 860, total_minimum_bandwidth: Kbps: 1016, latency: 50000, scaling_factor: 0.9519398754720544, c: 0.006220605566473527, eligible_channels: [frequency: frequency: 4919500000, capacity: Kbps: 4000, start_time: 0, value: 0], bandwidth: None, value: None, min_value: 95.0226669211181, max_value: 95.19398754720544>, <id_: TA9, minimum_voice_bandwidth: 112, minimum_safety_bandwidth: 789, total_minimum_bandwidth: Kbps: 901, latency: 50000, scaling_factor: 0.9924703773873833, c: 0.0006415494463883618, eligible_channels: [frequency: frequency: 4919500000, capacity: Kbps: 4000, start_time: 0, value: 0], bandwidth: None, value: None, min_value: 43.56954297954819, max_value: 98.66124163655513>, <id_: TA10, minimum_voice_bandwidth: 120, minimum_safety_bandwidth: 952, total_minimum_bandwidth: Kbps: 1072, latency: 50000, scaling_factor: 1.0488727863781389, c: 0.0005516291253074985, eligible_channels: [frequency: frequency: 4919500000, capacity: Kbps: 4000, start_time: 0, value: 0], bandwidth: None, value: None, min_value: 46.82362911564191, max_value: 103.6162160496221>]], ID: 1, Channels: [[frequency: frequency: 4919500000, capacity: Kbps: 4000, start_time: 0, value: 0]]
2019-07-21 17:30:38,694 INFO 
************

2019-07-21 17:30:38,721 INFO Goal Throughput Bulk: type_: BandwidthTypes.BULK, value: 0, Goal Throughput Voice: type_: BandwidthTypes.VOICE, value: 0, Goal Throughput Safety: type_: BandwidthTypes.SAFETY, value: 0, Guard Band: 0, Epoch: 0, TxOp Timeout: TxOpTimeout: 255, Candidate TAs: [[<id_: TA1, minimum_voice_bandwidth: 154, minimum_safety_bandwidth: 922, total_minimum_bandwidth: Kbps: 1076, latency: 50000, scaling_factor: 0.9644371937221455, c: 0.0020975492059315754, eligible_channels: [frequency: frequency: 4919500000, capacity: Kbps: 4000, start_time: 0, value: 0], bandwidth: None, value: None, min_value: 86.34915928336036, max_value: 96.44371439894974>, <id_: TA2, minimum_voice_bandwidth: 120, minimum_safety_bandwidth: 5339, total_minimum_bandwidth: Kbps: 5459, latency: 50000, scaling_factor: 1.0566106904573132, c: 0.001335010571887577, eligible_channels: [frequency: frequency: 4919500000, capacity: Kbps: 4000, start_time: 0, value: 0], bandwidth: None, value: None, min_value: 105.58881639052893, max_value: 105.65863900695791>, <id_: TA3, minimum_voice_bandwidth: 155, minimum_safety_bandwidth: 300, total_minimum_bandwidth: Kbps: 455, latency: 50000, scaling_factor: 0.5405502557525277, c: 0.002245769002694053, eligible_channels: [frequency: frequency: 4919500000, capacity: Kbps: 4000, start_time: 0, value: 0], bandwidth: None, value: None, min_value: 34.598595245235146, max_value: 54.055024723653275>, <id_: TA4, minimum_voice_bandwidth: 169, minimum_safety_bandwidth: 853, total_minimum_bandwidth: Kbps: 1022, latency: 50000, scaling_factor: 0.9591252582551031, c: 0.0007448709210752431, eligible_channels: [frequency: frequency: 4919500000, capacity: Kbps: 4000, start_time: 0, value: 0], bandwidth: None, value: None, min_value: 51.11385340881263, max_value: 95.66482429951266>, <id_: TA5, minimum_voice_bandwidth: 120, minimum_safety_bandwidth: 849, total_minimum_bandwidth: Kbps: 969, latency: 50000, scaling_factor: 0.44049952188967323, c: 0.0006634187417149918, eligible_channels: [frequency: frequency: 4919500000, capacity: Kbps: 4000, start_time: 0, value: 0], bandwidth: None, value: None, min_value: 20.888913356896303, max_value: 43.83168289098541>, <id_: TA6, minimum_voice_bandwidth: 120, minimum_safety_bandwidth: 964, total_minimum_bandwidth: Kbps: 1084, latency: 50000, scaling_factor: 0.9576060785174342, c: 0.002391014723292354, eligible_channels: [frequency: frequency: 4919500000, capacity: Kbps: 4000, start_time: 0, value: 0], bandwidth: None, value: None, min_value: 88.58999268074521, max_value: 95.76060737973374>, <id_: TA7, minimum_voice_bandwidth: 120, minimum_safety_bandwidth: 771, total_minimum_bandwidth: Kbps: 891, latency: 50000, scaling_factor: 0.9542330574554897, c: 0.0065901984251047, eligible_channels: [frequency: frequency: 4919500000, capacity: Kbps: 4000, start_time: 0, value: 0], bandwidth: None, value: None, min_value: 95.154440226379, max_value: 95.42330574554897>, <id_: TA8, minimum_voice_bandwidth: 120, minimum_safety_bandwidth: 2844, total_minimum_bandwidth: Kbps: 2964, latency: 50000, scaling_factor: 0.41460181987463024, c: 0.001665799907899087, eligible_channels: [frequency: frequency: 4919500000, capacity: Kbps: 4000, start_time: 0, value: 0], bandwidth: None, value: None, min_value: 41.16278799059628, max_value: 41.460114371452896>, <id_: TA9, minimum_voice_bandwidth: 125, minimum_safety_bandwidth: 527, total_minimum_bandwidth: Kbps: 652, latency: 50000, scaling_factor: 0.565677532208275, c: 0.004516677380274326, eligible_channels: [frequency: frequency: 4919500000, capacity: Kbps: 4000, start_time: 0, value: 0], bandwidth: None, value: None, min_value: 53.59179689967493, max_value: 56.56775322082749>, <id_: TA10, minimum_voice_bandwidth: 118, minimum_safety_bandwidth: 1558, total_minimum_bandwidth: Kbps: 1676, latency: 50000, scaling_factor: 0.9654829482747587, c: 0.005744649685823862, eligible_channels: [frequency: frequency: 4919500000, capacity: Kbps: 4000, start_time: 0, value: 0], bandwidth: None, value: None, min_value: 96.54193649754598, max_value: 96.54829482747587>]], ID: 1, Channels: [[frequency: frequency: 4919500000, capacity: Kbps: 4000, start_time: 0, value: 0]]
2019-07-21 17:30:38,721 INFO 
************

2019-07-21 17:30:38,736 DEBUG ***************************Challenge Problem 1 Complete********************
2019-07-21 17:41:45,997 DEBUG ***************************Challenge Problem 1 Started*********************
2019-07-21 17:41:46,002 INFO Deleting previous runs...
2019-07-21 17:41:46,137 INFO Generating MDL File...
2019-07-21 17:41:46,224 INFO Importing MDL File...
2019-07-21 17:41:52,657 DEBUG Creating OrientDB classes for MDL Elements...
2019-07-21 17:41:53,306 DEBUG Created 20 Node Classes
2019-07-21 17:41:53,982 DEBUG Created 40 Node Classes
2019-07-21 17:41:54,682 DEBUG Created 60 Node Classes
2019-07-21 17:41:55,416 DEBUG Created 80 Node Classes
2019-07-21 17:41:55,460 DEBUG Indexing Started...
2019-07-21 17:41:56,523 DEBUG Indexed 100 MDL Elements
2019-07-21 17:41:57,726 DEBUG Indexed 200 MDL Elements
2019-07-21 17:41:59,195 DEBUG Indexed 300 MDL Elements
2019-07-21 17:42:00,570 DEBUG Indexed 400 MDL Elements
2019-07-21 17:42:02,840 DEBUG Indexed 500 MDL Elements
2019-07-21 17:42:05,204 DEBUG Indexed 600 MDL Elements
2019-07-21 17:42:07,608 DEBUG Indexed 700 MDL Elements
2019-07-21 17:42:10,393 DEBUG Indexed 800 MDL Elements
2019-07-21 17:42:12,161 DEBUG Creating Containment Edges...
2019-07-21 17:42:15,489 DEBUG Created 100 Containment Edges
2019-07-21 17:42:19,335 DEBUG Created 200 Containment Edges
2019-07-21 17:42:22,501 DEBUG Created 300 Containment Edges
2019-07-21 17:42:25,807 DEBUG Created 400 Containment Edges
2019-07-21 17:42:28,990 DEBUG Created 500 Containment Edges
2019-07-21 17:42:32,878 DEBUG Created 600 Containment Edges
2019-07-21 17:42:36,913 DEBUG Created 700 Containment Edges
2019-07-21 17:42:40,077 DEBUG Created 800 Containment Edges
2019-07-21 17:42:43,176 DEBUG Creating Reference Edges...
2019-07-21 17:42:43,504 DEBUG Created 10 Reference Edges
2019-07-21 17:42:43,856 DEBUG Created 20 Reference Edges
2019-07-21 17:42:44,181 DEBUG Created 30 Reference Edges
2019-07-21 17:42:44,540 DEBUG Created 40 Reference Edges
2019-07-21 17:42:44,893 DEBUG Created 50 Reference Edges
2019-07-21 17:42:45,231 DEBUG Created 60 Reference Edges
2019-07-21 17:42:45,606 DEBUG Created 70 Reference Edges
2019-07-21 17:42:45,953 DEBUG Created 80 Reference Edges
2019-07-21 17:42:46,299 DEBUG Created 90 Reference Edges
2019-07-21 17:42:46,650 DEBUG Created 100 Reference Edges
2019-07-21 17:42:46,804 DEBUG Generating Constraints Objects...
2019-07-21 17:42:46,889 INFO Storing and Retrieving Constraints in OrientDB...
2019-07-21 17:42:55,085 INFO Goal Throughput Bulk: type_: BandwidthTypes.BULK, value: 0, Goal Throughput Voice: type_: BandwidthTypes.VOICE, value: 0, Goal Throughput Safety: type_: BandwidthTypes.SAFETY, value: 0, Guard Band: 0, Epoch: 0, TxOp Timeout: TxOpTimeout: 255, Candidate TAs: [[<id_: TA1, minimum_voice_bandwidth: 120, minimum_safety_bandwidth: 814, total_minimum_bandwidth: Kbps: 934, latency: 50000, scaling_factor: 1.038538745349652, c: 0.0012465743358172502, eligible_channels: [frequency: frequency: 4919500000, capacity: Kbps: 4000, start_time: 0, value: 0], bandwidth: None, value: None, min_value: 71.43682745332926, max_value: 103.84902857456349>, <id_: TA2, minimum_voice_bandwidth: 120, minimum_safety_bandwidth: 6557, total_minimum_bandwidth: Kbps: 6677, latency: 50000, scaling_factor: 0.5203534103101897, c: 0.005991753816020929, eligible_channels: [frequency: frequency: 4919500000, capacity: Kbps: 4000, start_time: 0, value: 0], bandwidth: None, value: None, min_value: 52.035341031018966, max_value: 52.035341031018966>, <id_: TA3, minimum_voice_bandwidth: 120, minimum_safety_bandwidth: 875, total_minimum_bandwidth: Kbps: 995, latency: 50000, scaling_factor: 1.0609947307258984, c: 0.001938756646781905, eligible_channels: [frequency: frequency: 4919500000, capacity: Kbps: 4000, start_time: 0, value: 0], bandwidth: None, value: None, min_value: 90.68488689206082, max_value: 106.0994535838966>, <id_: TA4, minimum_voice_bandwidth: 120, minimum_safety_bandwidth: 159, total_minimum_bandwidth: Kbps: 279, latency: 50000, scaling_factor: 0.9707388605587004, c: 0.0015763944560160685, eligible_channels: [frequency: frequency: 4919500000, capacity: Kbps: 4000, start_time: 0, value: 0], bandwidth: None, value: None, min_value: 34.54314159073181, max_value: 97.07356235258467>, <id_: TA5, minimum_voice_bandwidth: 71, minimum_safety_bandwidth: 757, total_minimum_bandwidth: Kbps: 828, latency: 50000, scaling_factor: 1.0630672972642605, c: 0.0007400305412791162, eligible_channels: [frequency: frequency: 4919500000, capacity: Kbps: 4000, start_time: 0, value: 0], bandwidth: None, value: None, min_value: 48.70323121089887, max_value: 106.0213446136834>, <id_: TA6, minimum_voice_bandwidth: 120, minimum_safety_bandwidth: 945, total_minimum_bandwidth: Kbps: 1065, latency: 50000, scaling_factor: 0.9302909459485285, c: 0.006843731247159562, eligible_channels: [frequency: frequency: 4919500000, capacity: Kbps: 4000, start_time: 0, value: 0], bandwidth: None, value: None, min_value: 92.96552763793044, max_value: 93.02909459485285>, <id_: TA7, minimum_voice_bandwidth: 120, minimum_safety_bandwidth: 350, total_minimum_bandwidth: Kbps: 470, latency: 50000, scaling_factor: 1.0987119936174665, c: 0.000872375229986075, eligible_channels: [frequency: frequency: 4919500000, capacity: Kbps: 4000, start_time: 0, value: 0], bandwidth: None, value: None, min_value: 36.956343180333356, max_value: 109.76888375663742>, <id_: TA8, minimum_voice_bandwidth: 120, minimum_safety_bandwidth: 661, total_minimum_bandwidth: Kbps: 781, latency: 50000, scaling_factor: 1.0923760409228243, c: 0.0028389991983466564, eligible_channels: [frequency: frequency: 4919500000, capacity: Kbps: 4000, start_time: 0, value: 0], bandwidth: None, value: None, min_value: 97.34083343509752, max_value: 109.23760407733114>, <id_: TA9, minimum_voice_bandwidth: 120, minimum_safety_bandwidth: 573, total_minimum_bandwidth: Kbps: 693, latency: 50000, scaling_factor: 0.4711912162660208, c: 0.0008956826694014266, eligible_channels: [frequency: frequency: 4919500000, capacity: Kbps: 4000, start_time: 0, value: 0], bandwidth: None, value: None, min_value: 21.78959417716281, max_value: 47.08270691631615>, <id_: TA10, minimum_voice_bandwidth: 142, minimum_safety_bandwidth: 691, total_minimum_bandwidth: Kbps: 833, latency: 50000, scaling_factor: 1.0856719020054704, c: 0.005205700563564508, eligible_channels: [frequency: frequency: 4919500000, capacity: Kbps: 4000, start_time: 0, value: 0], bandwidth: None, value: None, min_value: 107.1466735037851, max_value: 108.56719020054703>]], ID: 1, Channels: [[frequency: frequency: 4919500000, capacity: Kbps: 4000, start_time: 0, value: 0]]
2019-07-21 17:42:55,090 INFO 
************

2019-07-21 17:42:55,132 INFO Goal Throughput Bulk: type_: BandwidthTypes.BULK, value: 0, Goal Throughput Voice: type_: BandwidthTypes.VOICE, value: 0, Goal Throughput Safety: type_: BandwidthTypes.SAFETY, value: 0, Guard Band: 0, Epoch: 0, TxOp Timeout: TxOpTimeout: 255, Candidate TAs: [[<id_: TA1, minimum_voice_bandwidth: 120, minimum_safety_bandwidth: 727, total_minimum_bandwidth: Kbps: 847, latency: 50000, scaling_factor: 0.5896967183786579, c: 0.0014772452203388907, eligible_channels: [frequency: frequency: 4919500000, capacity: Kbps: 4000, start_time: 0, value: 0], bandwidth: None, value: None, min_value: 42.09529051951579, max_value: 58.969237174408455>, <id_: TA2, minimum_voice_bandwidth: 120, minimum_safety_bandwidth: 3121, total_minimum_bandwidth: Kbps: 3241, latency: 50000, scaling_factor: 0.4184686008398544, c: 0.0013412513266119112, eligible_channels: [frequency: frequency: 4919500000, capacity: Kbps: 4000, start_time: 0, value: 0], bandwidth: None, value: None, min_value: 41.30512533117539, max_value: 41.845944541553585>, <id_: TA3, minimum_voice_bandwidth: 120, minimum_safety_bandwidth: 511, total_minimum_bandwidth: Kbps: 631, latency: 50000, scaling_factor: 0.9036295745997046, c: 0.0015301274560870195, eligible_channels: [frequency: frequency: 4919500000, capacity: Kbps: 4000, start_time: 0, value: 0], bandwidth: None, value: None, min_value: 55.95375658126211, max_value: 90.36252116204291>, <id_: TA4, minimum_voice_bandwidth: 120, minimum_safety_bandwidth: 689, total_minimum_bandwidth: Kbps: 809, latency: 50000, scaling_factor: 1.0317602220269178, c: 0.0010432812551393854, eligible_channels: [frequency: frequency: 4919500000, capacity: Kbps: 4000, start_time: 0, value: 0], bandwidth: None, value: None, min_value: 58.81230533708563, max_value: 103.15154011535776>, <id_: TA5, minimum_voice_bandwidth: 52, minimum_safety_bandwidth: 4889, total_minimum_bandwidth: Kbps: 4941, latency: 50000, scaling_factor: 1.0675093061278984, c: 0.0012896915570387614, eligible_channels: [frequency: frequency: 4919500000, capacity: Kbps: 4000, start_time: 0, value: 0], bandwidth: None, value: None, min_value: 106.56858795256626, max_value: 106.74740264787816>, <id_: TA6, minimum_voice_bandwidth: 120, minimum_safety_bandwidth: 217, total_minimum_bandwidth: Kbps: 337, latency: 50000, scaling_factor: 0.5240262527273427, c: 0.0006363111642665349, eligible_channels: [frequency: frequency: 4919500000, capacity: Kbps: 4000, start_time: 0, value: 0], bandwidth: None, value: None, min_value: 10.113928763469263, max_value: 52.080086725453036>, <id_: TA7, minimum_voice_bandwidth: 120, minimum_safety_bandwidth: 889, total_minimum_bandwidth: Kbps: 1009, latency: 50000, scaling_factor: 1.0199627830401112, c: 0.000519480689933552, eligible_channels: [frequency: frequency: 4919500000, capacity: Kbps: 4000, start_time: 0, value: 0], bandwidth: None, value: None, min_value: 41.60888824662906, max_value: 100.3977381549146>, <id_: TA8, minimum_voice_bandwidth: 120, minimum_safety_bandwidth: 558, total_minimum_bandwidth: Kbps: 678, latency: 50000, scaling_factor: 2.4253039502322493, c: 0.0015585184796366198, eligible_channels: [frequency: frequency: 4919500000, capacity: Kbps: 4000, start_time: 0, value: 0], bandwidth: None, value: None, min_value: 158.22452343978236, max_value: 242.52946194432448>, <id_: TA9, minimum_voice_bandwidth: 120, minimum_safety_bandwidth: 904, total_minimum_bandwidth: Kbps: 1024, latency: 50000, scaling_factor: 0.9280357380168678, c: 0.0005781412972131164, eligible_channels: [frequency: frequency: 4919500000, capacity: Kbps: 4000, start_time: 0, value: 0], bandwidth: None, value: None, min_value: 41.46366179552476, max_value: 91.89387818980167>, <id_: TA10, minimum_voice_bandwidth: 120, minimum_safety_bandwidth: 995, total_minimum_bandwidth: Kbps: 1115, latency: 50000, scaling_factor: 2.8390859702864084, c: 0.0022088767334754863, eligible_channels: [frequency: frequency: 4919500000, capacity: Kbps: 4000, start_time: 0, value: 0], bandwidth: None, value: None, min_value: 259.7230605797878, max_value: 283.90859102029765>]], ID: 1, Channels: [[frequency: frequency: 4919500000, capacity: Kbps: 4000, start_time: 0, value: 0]]
2019-07-21 17:42:55,148 INFO 
************

2019-07-21 17:42:55,196 INFO Goal Throughput Bulk: type_: BandwidthTypes.BULK, value: 0, Goal Throughput Voice: type_: BandwidthTypes.VOICE, value: 0, Goal Throughput Safety: type_: BandwidthTypes.SAFETY, value: 0, Guard Band: 0, Epoch: 0, TxOp Timeout: TxOpTimeout: 255, Candidate TAs: [[<id_: TA1, minimum_voice_bandwidth: 73, minimum_safety_bandwidth: 756, total_minimum_bandwidth: Kbps: 829, latency: 50000, scaling_factor: 1.0190916233849219, c: 0.001508470718837517, eligible_channels: [frequency: frequency: 4919500000, capacity: Kbps: 4000, start_time: 0, value: 0], bandwidth: None, value: None, min_value: 72.72694217615332, max_value: 101.90857721281414>, <id_: TA2, minimum_voice_bandwidth: 120, minimum_safety_bandwidth: 652, total_minimum_bandwidth: Kbps: 772, latency: 50000, scaling_factor: 1.0221001045413884, c: 0.0014359751872092762, eligible_channels: [frequency: frequency: 4919500000, capacity: Kbps: 4000, start_time: 0, value: 0], bandwidth: None, value: None, min_value: 68.4776786516018, max_value: 102.20896234952431>, <id_: TA3, minimum_voice_bandwidth: 120, minimum_safety_bandwidth: 772, total_minimum_bandwidth: Kbps: 892, latency: 50000, scaling_factor: 0.9586027368568396, c: 0.0030083103492055444, eligible_channels: [frequency: frequency: 4919500000, capacity: Kbps: 4000, start_time: 0, value: 0], bandwidth: None, value: None, min_value: 89.310183506988, max_value: 95.86027368229787>, <id_: TA4, minimum_voice_bandwidth: 120, minimum_safety_bandwidth: 577, total_minimum_bandwidth: Kbps: 697, latency: 50000, scaling_factor: 0.9928598247737376, c: 0.001996817554488034, eligible_channels: [frequency: frequency: 4919500000, capacity: Kbps: 4000, start_time: 0, value: 0], bandwidth: None, value: None, min_value: 74.60032114433625, max_value: 99.28597101609236>, <id_: TA5, minimum_voice_bandwidth: 120, minimum_safety_bandwidth: 853, total_minimum_bandwidth: Kbps: 973, latency: 50000, scaling_factor: 1.0595890641765808, c: 0.004518899897343189, eligible_channels: [frequency: frequency: 4919500000, capacity: Kbps: 4000, start_time: 0, value: 0], bandwidth: None, value: None, min_value: 104.65396030945409, max_value: 105.95890641765807>, <id_: TA6, minimum_voice_bandwidth: 120, minimum_safety_bandwidth: 657, total_minimum_bandwidth: Kbps: 777, latency: 50000, scaling_factor: 1.0634393762891747, c: 0.000851421598261631, eligible_channels: [frequency: frequency: 4919500000, capacity: Kbps: 4000, start_time: 0, value: 0], bandwidth: None, value: None, min_value: 51.46531121449031, max_value: 106.22683379285215>, <id_: TA7, minimum_voice_bandwidth: 120, minimum_safety_bandwidth: 973, total_minimum_bandwidth: Kbps: 1093, latency: 50000, scaling_factor: 1.0566691204983338, c: 0.0010265561510183537, eligible_channels: [frequency: frequency: 4919500000, capacity: Kbps: 4000, start_time: 0, value: 0], bandwidth: None, value: None, min_value: 71.25970896772824, max_value: 105.6382493139373>, <id_: TA8, minimum_voice_bandwidth: 120, minimum_safety_bandwidth: 640, total_minimum_bandwidth: Kbps: 760, latency: 50000, scaling_factor: 0.5832110170603818, c: 0.0008112775543139317, eligible_channels: [frequency: frequency: 4919500000, capacity: Kbps: 4000, start_time: 0, value: 0], bandwidth: None, value: None, min_value: 26.839823170202997, max_value: 58.232557775182585>, <id_: TA9, minimum_voice_bandwidth: 120, minimum_safety_bandwidth: 970, total_minimum_bandwidth: Kbps: 1090, latency: 50000, scaling_factor: 0.4882860427096847, c: 0.0022819294373545383, eligible_channels: [frequency: frequency: 4919500000, capacity: Kbps: 4000, start_time: 0, value: 0], bandwidth: None, value: None, min_value: 44.76929346282397, max_value: 48.82860369494602>, <id_: TA10, minimum_voice_bandwidth: 120, minimum_safety_bandwidth: 541, total_minimum_bandwidth: Kbps: 661, latency: 50000, scaling_factor: 0.48736112726657915, c: 0.0017200878136511759, eligible_channels: [frequency: frequency: 4919500000, capacity: Kbps: 4000, start_time: 0, value: 0], bandwidth: None, value: None, min_value: 33.102203167609545, max_value: 48.73606124485836>]], ID: 1, Channels: [[frequency: frequency: 4919500000, capacity: Kbps: 4000, start_time: 0, value: 0]]
2019-07-21 17:42:55,201 INFO 
************

2019-07-21 17:42:55,208 INFO Goal Throughput Bulk: type_: BandwidthTypes.BULK, value: 0, Goal Throughput Voice: type_: BandwidthTypes.VOICE, value: 0, Goal Throughput Safety: type_: BandwidthTypes.SAFETY, value: 0, Guard Band: 0, Epoch: 0, TxOp Timeout: TxOpTimeout: 255, Candidate TAs: [[<id_: TA1, minimum_voice_bandwidth: 120, minimum_safety_bandwidth: 646, total_minimum_bandwidth: Kbps: 766, latency: 50000, scaling_factor: 1.0091319479012713, c: 0.0018012039357655286, eligible_channels: [frequency: frequency: 4919500000, capacity: Kbps: 4000, start_time: 0, value: 0], bandwidth: None, value: None, min_value: 75.51854598219347, max_value: 100.91313908123587>, <id_: TA2, minimum_voice_bandwidth: 120, minimum_safety_bandwidth: 554, total_minimum_bandwidth: Kbps: 674, latency: 50000, scaling_factor: 1.0286201726397097, c: 0.0018708613431300417, eligible_channels: [frequency: frequency: 4919500000, capacity: Kbps: 4000, start_time: 0, value: 0], bandwidth: None, value: None, min_value: 73.7128044831339, max_value: 102.86198473899567>, <id_: TA3, minimum_voice_bandwidth: 171, minimum_safety_bandwidth: 505, total_minimum_bandwidth: Kbps: 676, latency: 50000, scaling_factor: 2.605502365254146, c: 0.0016669736429015313, eligible_channels: [frequency: frequency: 4919500000, capacity: Kbps: 4000, start_time: 0, value: 0], bandwidth: None, value: None, min_value: 176.12034477602268, max_value: 260.549815574134>, <id_: TA4, minimum_voice_bandwidth: 120, minimum_safety_bandwidth: 710, total_minimum_bandwidth: Kbps: 830, latency: 50000, scaling_factor: 1.030496026546037, c: 0.0020451580073252507, eligible_channels: [frequency: frequency: 4919500000, capacity: Kbps: 4000, start_time: 0, value: 0], bandwidth: None, value: None, min_value: 84.17665972377903, max_value: 103.04959457407784>, <id_: TA5, minimum_voice_bandwidth: 117, minimum_safety_bandwidth: 6705, total_minimum_bandwidth: Kbps: 6822, latency: 50000, scaling_factor: 0.53354267595264, c: 0.005426562288418559, eligible_channels: [frequency: frequency: 4919500000, capacity: Kbps: 4000, start_time: 0, value: 0], bandwidth: None, value: None, min_value: 53.354267595264, max_value: 53.354267595264005>, <id_: TA6, minimum_voice_bandwidth: 120, minimum_safety_bandwidth: 5066, total_minimum_bandwidth: Kbps: 5186, latency: 50000, scaling_factor: 0.5938493461306531, c: 0.0011761869110124934, eligible_channels: [frequency: frequency: 4919500000, capacity: Kbps: 4000, start_time: 0, value: 0], bandwidth: None, value: None, min_value: 59.25170280530092, max_value: 59.38006847528413>, <id_: TA7, minimum_voice_bandwidth: 120, minimum_safety_bandwidth: 1974, total_minimum_bandwidth: Kbps: 2094, latency: 50000, scaling_factor: 0.9973260544367464, c: 0.001805753436996595, eligible_channels: [frequency: frequency: 4919500000, capacity: Kbps: 4000, start_time: 0, value: 0], bandwidth: None, value: None, min_value: 97.45927715988968, max_value: 99.73255235435767>, <id_: TA8, minimum_voice_bandwidth: 120, minimum_safety_bandwidth: 814, total_minimum_bandwidth: Kbps: 934, latency: 50000, scaling_factor: 2.825273087419292, c: 0.006485401913462403, eligible_channels: [frequency: frequency: 4919500000, capacity: Kbps: 4000, start_time: 0, value: 0], bandwidth: None, value: None, min_value: 281.86603683920544, max_value: 282.5273087419292>, <id_: TA9, minimum_voice_bandwidth: 120, minimum_safety_bandwidth: 1270, total_minimum_bandwidth: Kbps: 1390, latency: 50000, scaling_factor: 2.99303483686398, c: 0.0007145947560283177, eligible_channels: [frequency: frequency: 4919500000, capacity: Kbps: 4000, start_time: 0, value: 0], bandwidth: None, value: None, min_value: 188.45421448523456, max_value: 298.3186672301314>, <id_: TA10, minimum_voice_bandwidth: 120, minimum_safety_bandwidth: 843, total_minimum_bandwidth: Kbps: 963, latency: 50000, scaling_factor: 1.0333929221446563, c: 0.0018401810884301464, eligible_channels: [frequency: frequency: 4919500000, capacity: Kbps: 4000, start_time: 0, value: 0], bandwidth: None, value: None, min_value: 85.77402873987826, max_value: 103.33925044859456>]], ID: 1, Channels: [[frequency: frequency: 4919500000, capacity: Kbps: 4000, start_time: 0, value: 0]]
2019-07-21 17:42:55,256 INFO 
************

2019-07-21 17:42:55,308 INFO Goal Throughput Bulk: type_: BandwidthTypes.BULK, value: 0, Goal Throughput Voice: type_: BandwidthTypes.VOICE, value: 0, Goal Throughput Safety: type_: BandwidthTypes.SAFETY, value: 0, Guard Band: 0, Epoch: 0, TxOp Timeout: TxOpTimeout: 255, Candidate TAs: [[<id_: TA1, minimum_voice_bandwidth: 120, minimum_safety_bandwidth: 3424, total_minimum_bandwidth: Kbps: 3544, latency: 50000, scaling_factor: 0.5202828644685495, c: 0.0024154593798346403, eligible_channels: [frequency: frequency: 4919500000, capacity: Kbps: 4000, start_time: 0, value: 0], bandwidth: None, value: None, min_value: 52.01832069124016, max_value: 52.028286235956166>, <id_: TA2, minimum_voice_bandwidth: 120, minimum_safety_bandwidth: 739, total_minimum_bandwidth: Kbps: 859, latency: 50000, scaling_factor: 1.0710697991982707, c: 0.0006166475129625942, eligible_channels: [frequency: frequency: 4919500000, capacity: Kbps: 4000, start_time: 0, value: 0], bandwidth: None, value: None, min_value: 44.044376776698755, max_value: 106.33542849702472>, <id_: TA3, minimum_voice_bandwidth: 120, minimum_safety_bandwidth: 767, total_minimum_bandwidth: Kbps: 887, latency: 50000, scaling_factor: 0.9545036977092243, c: 0.003329102436206265, eligible_channels: [frequency: frequency: 4919500000, capacity: Kbps: 4000, start_time: 0, value: 0], bandwidth: None, value: None, min_value: 90.46906149161029, max_value: 95.45036977066343>, <id_: TA4, minimum_voice_bandwidth: 120, minimum_safety_bandwidth: 500, total_minimum_bandwidth: Kbps: 620, latency: 50000, scaling_factor: 1.0515914451441846, c: 0.0021871123200925494, eligible_channels: [frequency: frequency: 4919500000, capacity: Kbps: 4000, start_time: 0, value: 0], bandwidth: None, value: None, min_value: 78.06100084419299, max_value: 105.15914186567103>, <id_: TA5, minimum_voice_bandwidth: 120, minimum_safety_bandwidth: 427, total_minimum_bandwidth: Kbps: 547, latency: 50000, scaling_factor: 0.9935537261920897, c: 0.0013210606942818573, eligible_channels: [frequency: frequency: 4919500000, capacity: Kbps: 4000, start_time: 0, value: 0], bandwidth: None, value: None, min_value: 51.12047165337116, max_value: 99.3528178222051>, <id_: TA6, minimum_voice_bandwidth: 120, minimum_safety_bandwidth: 880, total_minimum_bandwidth: Kbps: 1000, latency: 50000, scaling_factor: 0.9905729518777597, c: 0.0018665850246907623, eligible_channels: [frequency: frequency: 4919500000, capacity: Kbps: 4000, start_time: 0, value: 0], bandwidth: None, value: None, min_value: 83.73799632221953, max_value: 99.0572627757741>, <id_: TA7, minimum_voice_bandwidth: 120, minimum_safety_bandwidth: 556, total_minimum_bandwidth: Kbps: 676, latency: 50000, scaling_factor: 0.9532340829064376, c: 0.0009256800449821456, eligible_channels: [frequency: frequency: 4919500000, capacity: Kbps: 4000, start_time: 0, value: 0], bandwidth: None, value: None, min_value: 44.339212538590964, max_value: 95.26545772520942>, <id_: TA8, minimum_voice_bandwidth: 120, minimum_safety_bandwidth: 813, total_minimum_bandwidth: Kbps: 933, latency: 50000, scaling_factor: 1.0176000397215879, c: 0.0011404851845906497, eligible_channels: [frequency: frequency: 4919500000, capacity: Kbps: 4000, start_time: 0, value: 0], bandwidth: None, value: None, min_value: 66.6479509875005, max_value: 101.74890901227269>, <id_: TA9, minimum_voice_bandwidth: 120, minimum_safety_bandwidth: 615, total_minimum_bandwidth: Kbps: 735, latency: 50000, scaling_factor: 0.5857196283013859, c: 0.0014509036659443664, eligible_channels: [frequency: frequency: 4919500000, capacity: Kbps: 4000, start_time: 0, value: 0], bandwidth: None, value: None, min_value: 38.40911010082695, max_value: 58.57142982164339>, <id_: TA10, minimum_voice_bandwidth: 173, minimum_safety_bandwidth: 3213, total_minimum_bandwidth: Kbps: 3386, latency: 50000, scaling_factor: 0.5158841469940143, c: 0.0016420876477232578, eligible_channels: [frequency: frequency: 4919500000, capacity: Kbps: 4000, start_time: 0, value: 0], bandwidth: None, value: None, min_value: 51.38988402290303, max_value: 51.58831299134656>]], ID: 1, Channels: [[frequency: frequency: 4919500000, capacity: Kbps: 4000, start_time: 0, value: 0]]
2019-07-21 17:42:55,358 INFO 
************

2019-07-21 17:42:55,403 INFO Setting up Discretization Algorithms...
2019-07-21 17:42:55,437 DEBUG Setting up Optimization Algorithms...
2019-07-21 17:42:55,457 DEBUG Setting up Scheduling Algorithms...
2019-07-21 17:42:55,469 DEBUG ***************************Challenge Problem 1 Complete********************
2019-07-21 17:43:55,420 DEBUG ***************************Challenge Problem 1 Started*********************
2019-07-21 17:43:55,425 INFO Deleting previous runs...
2019-07-21 17:43:55,574 DEBUG Generating Constraints Objects...
2019-07-21 17:43:55,675 INFO Storing and Retrieving Constraints in OrientDB...
2019-07-21 17:44:03,084 INFO Setting up Discretization Algorithms...
2019-07-21 17:44:03,085 DEBUG Setting up Optimization Algorithms...
2019-07-21 17:44:03,111 DEBUG Setting up Scheduling Algorithms...
2019-07-21 17:44:03,119 DEBUG ***************************Challenge Problem 1 Complete********************
2019-07-21 17:50:23,991 DEBUG ***************************Challenge Problem 1 Started*********************
2019-07-21 17:50:23,996 INFO Deleting previous runs...
2019-07-21 17:50:24,122 DEBUG Generating Constraints Objects...
2019-07-21 17:50:24,206 INFO Storing and Retrieving Constraints in OrientDB...
2019-07-21 17:50:34,040 INFO Setting up Discretization Algorithms...
2019-07-21 17:50:34,040 DEBUG Setting up Optimization Algorithms...
2019-07-21 17:50:34,071 DEBUG Setting up Scheduling Algorithms...
2019-07-21 17:50:34,087 DEBUG ***************************Challenge Problem 1 Complete********************
2019-07-21 17:52:35,151 DEBUG ***************************Challenge Problem 1 Started*********************
2019-07-21 17:52:35,166 INFO Deleting previous runs...
2019-07-21 17:52:35,260 DEBUG Generating Constraints Objects...
2019-07-21 17:52:35,338 INFO Storing and Retrieving Constraints in OrientDB...
2019-07-21 17:52:43,979 INFO Setting up Discretization Algorithms...
2019-07-21 17:52:43,979 DEBUG Setting up Optimization Algorithms...
2019-07-21 17:52:44,010 DEBUG Setting up Scheduling Algorithms...
2019-07-21 17:52:44,073 DEBUG ***************************Challenge Problem 1 Complete********************
2019-07-21 17:54:33,825 DEBUG ***************************Challenge Problem 1 Started*********************
2019-07-21 17:54:33,825 INFO Deleting previous runs...
2019-07-21 17:54:33,965 DEBUG Generating Constraints Objects...
2019-07-21 17:54:34,043 INFO Storing and Retrieving Constraints in OrientDB...
2019-07-21 17:54:42,137 INFO Setting up Discretization Algorithms...
2019-07-21 17:54:42,137 DEBUG Setting up Optimization Algorithms...
2019-07-21 17:54:42,184 DEBUG Setting up Scheduling Algorithms...
2019-07-21 17:54:42,231 DEBUG Optimizing...
2019-07-21 17:54:42,231 DEBUG Beginning CBC Integer Program...
2019-07-21 17:54:42,309 DEBUG CBC Integer Program complete in 0.04162679155891278 seconds
2019-07-21 17:54:42,309 INFO Constructing schedule...
2019-07-21 17:54:42,325 INFO new schedule
2019-07-21 17:54:42,340 INFO []
2019-07-21 17:54:42,340 INFO end new schedule
2019-07-21 17:54:42,356 INFO Updating MDL File Schedule...
2019-07-21 17:54:42,372 INFO []
2019-07-21 17:57:26,277 DEBUG ***************************Challenge Problem 1 Started*********************
2019-07-21 17:57:26,277 INFO Deleting previous runs...
2019-07-21 17:57:26,402 DEBUG Generating Constraints Objects...
2019-07-21 17:57:26,480 INFO Storing and Retrieving Constraints in OrientDB...
2019-07-21 17:57:34,683 INFO Setting up Discretization Algorithms...
2019-07-21 17:57:34,683 DEBUG Setting up Optimization Algorithms...
2019-07-21 17:57:34,730 DEBUG Setting up Scheduling Algorithms...
2019-07-21 17:57:34,730 DEBUG Optimizing...
2019-07-21 17:57:34,745 DEBUG Beginning CBC Integer Program...
2019-07-21 17:57:34,824 DEBUG CBC Integer Program complete in 0.07683489554426085 seconds
2019-07-21 17:57:34,886 INFO Constructing schedule...
2019-07-21 17:57:34,949 INFO new schedule
2019-07-21 17:57:34,949 INFO []
2019-07-21 17:57:34,949 INFO end new schedule
2019-07-21 17:57:34,964 INFO Updating MDL File Schedule...
2019-07-21 17:57:34,996 INFO []
2019-07-21 18:09:55,133 DEBUG ***************************Challenge Problem 1 Started*********************
2019-07-21 18:09:55,137 INFO Deleting previous runs...
2019-07-21 18:09:55,239 DEBUG Generating Constraints Objects...
2019-07-21 18:09:55,309 INFO Storing and Retrieving Constraints in OrientDB...
2019-07-21 18:10:02,939 INFO Setting up Discretization Algorithms...
2019-07-21 18:10:02,940 DEBUG Setting up Optimization Algorithms...
2019-07-21 18:10:02,963 DEBUG Setting up Scheduling Algorithms...
2019-07-21 18:10:02,964 DEBUG Optimizing...
2019-07-21 18:10:02,965 DEBUG Beginning CBC Integer Program...
2019-07-21 18:10:03,011 DEBUG CBC Integer Program complete in 0.045634283965305306 seconds
2019-07-21 18:10:03,021 INFO Constructing schedule...
2019-07-21 18:10:03,234 INFO new schedule
2019-07-21 18:10:03,252 INFO []
2019-07-21 18:10:03,264 INFO end new schedule
2019-07-21 18:10:03,284 INFO Updating MDL File Schedule...
2019-07-21 18:10:03,294 INFO []
2019-07-21 18:14:42,342 DEBUG ***************************Challenge Problem 1 Started*********************
2019-07-21 18:14:42,347 INFO Deleting previous runs...
2019-07-21 18:14:42,445 DEBUG Generating Constraints Objects...
2019-07-21 18:14:42,669 INFO Setting up Discretization Algorithms...
2019-07-21 18:14:42,670 DEBUG Setting up Optimization Algorithms...
2019-07-21 18:14:42,759 DEBUG Setting up Scheduling Algorithms...
2019-07-21 18:14:42,760 DEBUG Optimizing...
2019-07-21 18:14:42,769 DEBUG Beginning CBC Integer Program...
2019-07-21 18:14:43,153 DEBUG CBC Integer Program complete in 0.3631680241246459 seconds
2019-07-21 18:14:43,272 INFO Constructing schedule...
2019-07-21 18:14:43,543 INFO new schedule
2019-07-21 18:14:43,557 INFO [radio_link_id: RadioLink_4145to61489, start_usec: 0:00:00.000001, stop_usec: 0:00:00.000049, center_frequency_hz: frequency: 4919500000, txop_timeout: TxOpTimeout: 255, _rid: None, radio_link_id: RadioLink_8241to61745, start_usec: 0:00:00.000051, stop_usec: 0:00:00.000099, center_frequency_hz: frequency: 4919500000, txop_timeout: TxOpTimeout: 255, _rid: None]
2019-07-21 18:14:43,575 INFO end new schedule
2019-07-21 18:14:43,587 INFO Updating MDL File Schedule...
2019-07-21 18:14:43,609 INFO [radio_link_id: RadioLink_4145to61489, start_usec: 0:00:00.000001, stop_usec: 0:00:00.000049, center_frequency_hz: frequency: 4919500000, txop_timeout: TxOpTimeout: 255, _rid: None, radio_link_id: RadioLink_8241to61745, start_usec: 0:00:00.000051, stop_usec: 0:00:00.000099, center_frequency_hz: frequency: 4919500000, txop_timeout: TxOpTimeout: 255, _rid: None]
2019-07-21 18:30:33,864 DEBUG ***************************Challenge Problem 1 Started*********************
2019-07-21 18:30:33,981 INFO Generating MDL File...
2019-07-21 18:30:34,047 INFO Importing MDL File...
2019-07-21 18:30:38,272 DEBUG Creating OrientDB classes for MDL Elements...
2019-07-21 18:30:38,922 DEBUG Created 20 Node Classes
2019-07-21 18:30:39,756 DEBUG Created 40 Node Classes
2019-07-21 18:30:40,518 DEBUG Created 60 Node Classes
2019-07-21 18:30:41,266 DEBUG Created 80 Node Classes
2019-07-21 18:30:41,310 DEBUG Indexing Started...
2019-07-21 18:30:42,194 DEBUG Indexed 100 MDL Elements
2019-07-21 18:30:43,226 DEBUG Indexed 200 MDL Elements
2019-07-21 18:30:43,951 DEBUG Indexed 300 MDL Elements
2019-07-21 18:30:44,921 DEBUG Creating Containment Edges...
2019-07-21 18:30:47,333 DEBUG Created 100 Containment Edges
2019-07-21 18:30:49,272 DEBUG Created 200 Containment Edges
2019-07-21 18:30:51,219 DEBUG Created 300 Containment Edges
2019-07-21 18:30:52,948 DEBUG Creating Reference Edges...
2019-07-21 18:30:53,274 DEBUG Created 10 Reference Edges
2019-07-21 18:30:53,520 DEBUG Created 20 Reference Edges
2019-07-21 18:30:53,709 DEBUG Created 30 Reference Edges
2019-07-21 18:30:56,039 INFO Updating MDL File Schedule...
2019-07-21 18:36:01,694 DEBUG ***************************Challenge Problem 1 Started*********************
2019-07-21 18:36:01,807 INFO Generating MDL File...
2019-07-21 18:36:01,862 INFO Importing MDL File...
2019-07-21 18:36:08,138 DEBUG Creating OrientDB classes for MDL Elements...
2019-07-21 18:36:08,875 DEBUG Created 20 Node Classes
2019-07-21 18:36:09,607 DEBUG Created 40 Node Classes
2019-07-21 18:36:10,358 DEBUG Created 60 Node Classes
2019-07-21 18:36:11,372 DEBUG Created 80 Node Classes
2019-07-21 18:36:11,418 DEBUG Indexing Started...
2019-07-21 18:36:21,940 DEBUG ***************************Challenge Problem 1 Started*********************
2019-07-21 18:36:22,050 INFO Generating MDL File...
2019-07-21 18:36:22,096 INFO Importing MDL File...
2019-07-21 18:36:28,195 DEBUG Creating OrientDB classes for MDL Elements...
2019-07-21 18:36:28,820 DEBUG Created 20 Node Classes
2019-07-21 18:36:29,478 DEBUG Created 40 Node Classes
2019-07-21 18:36:30,274 DEBUG Created 60 Node Classes
2019-07-21 18:36:31,004 DEBUG Created 80 Node Classes
2019-07-21 18:36:31,045 DEBUG Indexing Started...
2019-07-21 18:36:31,901 DEBUG Indexed 100 MDL Elements
2019-07-21 18:36:32,993 DEBUG Indexed 200 MDL Elements
2019-07-21 18:36:33,878 DEBUG Indexed 300 MDL Elements
2019-07-21 18:36:34,867 DEBUG Creating Containment Edges...
2019-07-21 18:36:36,659 DEBUG Created 100 Containment Edges
2019-07-21 18:36:38,599 DEBUG Created 200 Containment Edges
2019-07-21 18:36:40,471 DEBUG Created 300 Containment Edges
2019-07-21 18:36:42,284 DEBUG Creating Reference Edges...
2019-07-21 18:36:42,471 DEBUG Created 10 Reference Edges
2019-07-21 18:36:42,675 DEBUG Created 20 Reference Edges
2019-07-21 18:36:42,905 DEBUG Created 30 Reference Edges
2019-07-21 18:36:43,024 DEBUG Generating Constraints Objects...
2019-07-21 18:36:43,041 INFO Storing and Retrieving Constraints in OrientDB...
2019-07-21 18:36:47,637 INFO Setting up Discretization Algorithms...
2019-07-21 18:36:47,639 DEBUG Setting up Optimization Algorithms...
2019-07-21 18:36:47,665 DEBUG Setting up Scheduling Algorithms...
2019-07-21 18:36:47,673 DEBUG Optimizing...
2019-07-21 18:36:48,581 INFO Constructing schedule...
2019-07-21 18:36:48,581 INFO Updating MDL File Schedule...
2019-07-21 18:36:48,746 DEBUG Writing results...
2019-07-21 18:36:48,819 DEBUG Exporting OrientDB Nodes...
2019-07-21 18:36:49,265 DEBUG Exported 100 Nodes
2019-07-21 18:36:49,634 DEBUG Exported 200 Nodes
2019-07-21 18:36:50,004 DEBUG Exported 300 Nodes
2019-07-21 18:36:50,377 INFO **********Optimization Algorithm: DynamicProgram, Discretization: AccuracyDiscretization, Scheduling Algorithm: Greedy Scheduler*********
2019-07-21 18:36:50,378 DEBUG Optimizing...
2019-07-21 18:36:51,209 INFO Constructing schedule...
2019-07-21 18:36:51,222 INFO Updating MDL File Schedule...
2019-07-21 18:36:51,364 DEBUG Writing results...
2019-07-21 18:36:51,435 DEBUG Exporting OrientDB Nodes...
2019-07-21 18:36:51,917 DEBUG Exported 100 Nodes
2019-07-21 18:36:52,346 DEBUG Exported 200 Nodes
2019-07-21 18:36:52,753 DEBUG Exported 300 Nodes
2019-07-21 18:36:53,109 INFO **********Optimization Algorithm: DynamicProgram, Discretization: AccuracyDiscretization, Scheduling Algorithm: Greedy Scheduler*********
2019-07-21 18:36:53,110 DEBUG Optimizing...
2019-07-21 18:36:54,409 INFO Constructing schedule...
2019-07-21 18:36:54,425 INFO Updating MDL File Schedule...
2019-07-21 18:36:54,550 DEBUG Writing results...
2019-07-21 18:36:54,633 DEBUG Exporting OrientDB Nodes...
2019-07-21 18:36:54,961 DEBUG Exported 100 Nodes
2019-07-21 18:36:55,384 DEBUG Exported 200 Nodes
2019-07-21 18:36:55,847 DEBUG Exported 300 Nodes
2019-07-21 18:36:56,261 INFO **********Optimization Algorithm: DynamicProgram, Discretization: BandwidthDiscretization, Scheduling Algorithm: Greedy Scheduler*********
2019-07-21 18:36:56,262 DEBUG Optimizing...
2019-07-21 18:36:57,760 INFO Constructing schedule...
2019-07-21 18:36:57,774 INFO Updating MDL File Schedule...
2019-07-21 18:36:57,919 DEBUG Writing results...
2019-07-21 18:36:57,993 DEBUG Exporting OrientDB Nodes...
2019-07-21 18:36:58,315 DEBUG Exported 100 Nodes
2019-07-21 18:36:58,658 DEBUG Exported 200 Nodes
2019-07-21 18:36:59,027 DEBUG Exported 300 Nodes
2019-07-21 18:36:59,354 INFO **********Optimization Algorithm: DynamicProgram, Discretization: Value Discretization, Scheduling Algorithm: Greedy Scheduler*********
2019-07-21 18:36:59,355 DEBUG ***************************Challenge Problem 1 Complete********************
2019-07-21 18:37:38,049 DEBUG ***************************Challenge Problem 1 Started*********************
2019-07-21 18:37:38,150 INFO Generating MDL File...
2019-07-21 18:37:38,216 INFO Importing MDL File...
2019-07-21 18:37:44,983 DEBUG Creating OrientDB classes for MDL Elements...
2019-07-21 18:37:45,717 DEBUG Created 20 Node Classes
2019-07-21 18:37:46,446 DEBUG Created 40 Node Classes
2019-07-21 18:37:47,195 DEBUG Created 60 Node Classes
2019-07-21 18:37:48,154 DEBUG Created 80 Node Classes
2019-07-21 18:37:48,195 DEBUG Indexing Started...
2019-07-21 18:37:49,438 DEBUG Indexed 100 MDL Elements
2019-07-21 18:37:50,694 DEBUG Indexed 200 MDL Elements
2019-07-21 18:37:51,422 DEBUG Indexed 300 MDL Elements
2019-07-21 18:37:52,342 DEBUG Creating Containment Edges...
2019-07-21 18:37:54,110 DEBUG Created 100 Containment Edges
2019-07-21 18:37:55,948 DEBUG Created 200 Containment Edges
2019-07-21 18:37:58,459 DEBUG Created 300 Containment Edges
2019-07-21 18:38:01,425 DEBUG Creating Reference Edges...
2019-07-21 18:38:01,761 DEBUG Created 10 Reference Edges
2019-07-21 18:38:02,002 DEBUG Created 20 Reference Edges
2019-07-21 18:38:02,220 DEBUG Created 30 Reference Edges
2019-07-21 18:38:02,313 DEBUG Generating Constraints Objects...
2019-07-21 18:38:02,342 INFO Storing and Retrieving Constraints in OrientDB...
2019-07-21 18:38:07,339 INFO Setting up Discretization Algorithms...
2019-07-21 18:38:07,341 DEBUG Setting up Optimization Algorithms...
2019-07-21 18:38:07,388 DEBUG Setting up Scheduling Algorithms...
2019-07-21 18:38:07,415 DEBUG Optimizing...
2019-07-21 18:38:08,415 INFO Constructing schedule...
2019-07-21 18:40:51,523 DEBUG ***************************Challenge Problem 1 Started*********************
2019-07-21 18:40:51,631 INFO Generating MDL File...
2019-07-21 18:40:51,687 INFO Importing MDL File...
2019-07-21 18:40:57,533 DEBUG Creating OrientDB classes for MDL Elements...
2019-07-21 18:40:58,138 DEBUG Created 20 Node Classes
2019-07-21 18:40:58,772 DEBUG Created 40 Node Classes
2019-07-21 18:40:59,490 DEBUG Created 60 Node Classes
2019-07-21 18:41:00,208 DEBUG Created 80 Node Classes
2019-07-21 18:41:00,249 DEBUG Indexing Started...
2019-07-21 18:41:00,973 DEBUG Indexed 100 MDL Elements
2019-07-21 18:41:01,971 DEBUG Indexed 200 MDL Elements
2019-07-21 18:41:02,645 DEBUG Indexed 300 MDL Elements
2019-07-21 18:41:03,568 DEBUG Creating Containment Edges...
2019-07-21 18:41:05,149 DEBUG Created 100 Containment Edges
2019-07-21 18:41:06,814 DEBUG Created 200 Containment Edges
2019-07-21 18:41:08,422 DEBUG Created 300 Containment Edges
2019-07-21 18:41:10,073 DEBUG Creating Reference Edges...
2019-07-21 18:41:10,249 DEBUG Created 10 Reference Edges
2019-07-21 18:41:10,447 DEBUG Created 20 Reference Edges
2019-07-21 18:41:10,640 DEBUG Created 30 Reference Edges
2019-07-21 18:41:10,749 DEBUG Generating Constraints Objects...
2019-07-21 18:41:10,763 INFO Storing and Retrieving Constraints in OrientDB...
2019-07-21 18:41:15,366 INFO Setting up Discretization Algorithms...
2019-07-21 18:41:15,367 DEBUG Setting up Optimization Algorithms...
2019-07-21 18:41:15,394 DEBUG Setting up Scheduling Algorithms...
2019-07-21 18:41:15,402 DEBUG Optimizing...
2019-07-21 18:41:16,251 DEBUG Optimizing...
2019-07-21 18:41:17,034 DEBUG Optimizing...
2019-07-21 18:41:18,250 DEBUG Optimizing...
2019-07-21 18:41:19,468 DEBUG ***************************Challenge Problem 1 Complete********************
2019-07-21 18:41:48,472 DEBUG ***************************Challenge Problem 1 Started*********************
2019-07-21 18:41:48,576 INFO Generating MDL File...
2019-07-21 18:41:48,644 INFO Importing MDL File...
2019-07-21 18:41:55,650 DEBUG Creating OrientDB classes for MDL Elements...
2019-07-21 18:41:56,456 DEBUG Created 20 Node Classes
2019-07-21 18:41:57,142 DEBUG Created 40 Node Classes
2019-07-21 18:41:58,150 DEBUG Created 60 Node Classes
2019-07-21 18:41:58,994 DEBUG Created 80 Node Classes
2019-07-21 18:41:59,037 DEBUG Indexing Started...
2019-07-21 18:42:00,136 DEBUG Indexed 100 MDL Elements
2019-07-21 18:42:01,623 DEBUG Indexed 200 MDL Elements
2019-07-21 18:42:02,428 DEBUG Indexed 300 MDL Elements
2019-07-21 18:42:03,572 DEBUG Creating Containment Edges...
2019-07-21 18:42:05,695 DEBUG Created 100 Containment Edges
2019-07-21 18:42:08,422 DEBUG Created 200 Containment Edges
2019-07-21 18:42:23,344 DEBUG ***************************Challenge Problem 1 Started*********************
2019-07-21 18:42:23,450 INFO Generating MDL File...
2019-07-21 18:42:23,528 INFO Importing MDL File...
2019-07-21 18:42:29,854 DEBUG Creating OrientDB classes for MDL Elements...
2019-07-21 18:42:30,580 DEBUG Created 20 Node Classes
2019-07-21 18:42:31,267 DEBUG Created 40 Node Classes
2019-07-21 18:42:31,960 DEBUG Created 60 Node Classes
2019-07-21 18:42:32,694 DEBUG Created 80 Node Classes
2019-07-21 18:42:32,737 DEBUG Indexing Started...
2019-07-21 18:42:33,754 DEBUG Indexed 100 MDL Elements
2019-07-21 18:42:34,914 DEBUG Indexed 200 MDL Elements
2019-07-21 18:42:35,624 DEBUG Indexed 300 MDL Elements
2019-07-21 18:42:36,775 DEBUG Creating Containment Edges...
2019-07-21 18:42:38,838 DEBUG Created 100 Containment Edges
2019-07-21 18:42:40,590 DEBUG Created 200 Containment Edges
2019-07-21 18:42:42,270 DEBUG Created 300 Containment Edges
2019-07-21 18:42:43,948 DEBUG Creating Reference Edges...
2019-07-21 18:42:44,120 DEBUG Created 10 Reference Edges
2019-07-21 18:42:44,297 DEBUG Created 20 Reference Edges
2019-07-21 18:42:44,513 DEBUG Created 30 Reference Edges
2019-07-21 18:42:44,611 DEBUG Generating Constraints Objects...
2019-07-21 18:42:44,627 INFO Storing and Retrieving Constraints in OrientDB...
2019-07-21 18:42:49,152 INFO Setting up Discretization Algorithms...
2019-07-21 18:42:49,153 DEBUG Setting up Optimization Algorithms...
2019-07-21 18:42:49,183 DEBUG Setting up Scheduling Algorithms...
2019-07-21 18:43:15,979 DEBUG ***************************Challenge Problem 1 Started*********************
2019-07-21 18:43:36,390 DEBUG ***************************Challenge Problem 1 Started*********************
2019-07-21 18:43:36,503 INFO Generating MDL File...
2019-07-21 18:43:36,566 INFO Importing MDL File...
2019-07-21 18:43:42,647 DEBUG Creating OrientDB classes for MDL Elements...
2019-07-21 18:43:43,283 DEBUG Created 20 Node Classes
2019-07-21 18:43:43,901 DEBUG Created 40 Node Classes
2019-07-21 18:43:44,581 DEBUG Created 60 Node Classes
2019-07-21 18:43:45,253 DEBUG Created 80 Node Classes
2019-07-21 18:43:45,292 DEBUG Indexing Started...
2019-07-21 18:43:46,096 DEBUG Indexed 100 MDL Elements
2019-07-21 18:43:47,131 DEBUG Indexed 200 MDL Elements
2019-07-21 18:43:47,801 DEBUG Indexed 300 MDL Elements
2019-07-21 18:43:48,733 DEBUG Creating Containment Edges...
2019-07-21 18:43:50,374 DEBUG Created 100 Containment Edges
2019-07-21 18:43:52,056 DEBUG Created 200 Containment Edges
2019-07-21 18:43:53,711 DEBUG Created 300 Containment Edges
2019-07-21 18:43:55,391 DEBUG Creating Reference Edges...
2019-07-21 18:43:55,595 DEBUG Created 10 Reference Edges
2019-07-21 18:43:55,793 DEBUG Created 20 Reference Edges
2019-07-21 18:43:55,988 DEBUG Created 30 Reference Edges
2019-07-21 18:43:56,082 DEBUG Generating Constraints Objects...
2019-07-21 18:43:56,098 INFO Storing and Retrieving Constraints in OrientDB...
2019-07-21 18:44:00,464 INFO Setting up Discretization Algorithms...
2019-07-21 18:44:00,465 DEBUG Setting up Optimization Algorithms...
2019-07-21 18:44:00,478 DEBUG Setting up Scheduling Algorithms...
2019-07-21 18:44:00,497 DEBUG Optimizing...
2019-07-21 18:44:01,376 INFO Constructing schedule...
