2019-07-10 14:11:05,089 DEBUG ***************************Challenge Problem 1 Started*********************
2019-07-10 14:11:05,114 INFO Generating MDL File...
2019-07-10 14:11:05,145 INFO Importing MDL File...
2019-07-10 14:11:08,605 DEBUG Creating OrientDB classes for MDL Elements...
2019-07-10 14:11:09,311 DEBUG Created 20 Node Classes
2019-07-10 14:11:09,961 DEBUG Created 40 Node Classes
2019-07-10 14:11:10,543 DEBUG Created 60 Node Classes
2019-07-10 14:11:11,099 DEBUG Created 80 Node Classes
2019-07-10 14:11:11,115 DEBUG Indexing Started...
2019-07-10 14:11:11,423 DEBUG Indexed 100 MDL Elements
2019-07-10 14:11:11,727 DEBUG Indexed 200 MDL Elements
2019-07-10 14:11:11,930 DEBUG Indexed 300 MDL Elements
2019-07-10 14:11:12,211 DEBUG Creating Containment Edges...
2019-07-10 14:11:12,841 DEBUG Created 100 Containment Edges
2019-07-10 14:11:13,296 DEBUG Created 200 Containment Edges
2019-07-10 14:11:13,742 DEBUG Created 300 Containment Edges
2019-07-10 14:11:14,224 DEBUG Creating Reference Edges...
2019-07-10 14:11:14,285 DEBUG Created 10 Reference Edges
2019-07-10 14:11:14,331 DEBUG Created 20 Reference Edges
2019-07-10 14:11:14,393 DEBUG Created 30 Reference Edges
2019-07-10 14:11:14,409 DEBUG Generating Constraints Objects...
2019-07-10 14:11:14,429 INFO Storing and Retrieving Constraints in OrientDB...
2019-07-10 14:11:19,280 INFO Setting up Discretization Algorithms...
2019-07-10 14:11:19,280 DEBUG Setting up Optimization Algorithms...
2019-07-10 14:11:19,280 DEBUG Setting up Scheduling Algorithms...
2019-07-10 14:11:19,280 DEBUG Optimizing...
2019-07-10 14:11:19,280 DEBUG Beginning CBC Integer Program...
2019-07-10 14:11:19,358 DEBUG CBC Integer Program complete in 0.08338308177020982 seconds
2019-07-10 14:11:19,358 INFO Constructing schedule...
2019-07-10 14:11:19,374 INFO Updating MDL File Schedule...
2019-07-10 14:11:19,593 DEBUG Writing raw results...
2019-07-10 14:11:19,609 INFO Exporting MDL File c:\dev\cp1\output\mdl\.xml
2019-07-10 14:11:19,630 DEBUG Exporting OrientDB Nodes...
2019-07-10 14:11:19,758 DEBUG Exported 100 Nodes
2019-07-10 14:11:19,891 DEBUG Exported 200 Nodes
2019-07-10 14:11:20,008 DEBUG Exported 300 Nodes
2019-07-10 14:11:20,127 DEBUG Exported 400 Nodes
2019-07-10 14:11:20,143 INFO **********Optimization Algorithm: CBC, Discretization: AccuracyDiscretization, Scheduling Algorithm: Greedy Scheduler*********
2019-07-10 14:11:20,143 DEBUG Optimizing...
2019-07-10 14:39:58,507 DEBUG ***************************Challenge Problem 1 Started*********************
2019-07-10 14:39:58,554 INFO Generating MDL File...
2019-07-10 14:39:58,570 INFO Importing MDL File...
2019-07-10 14:40:01,739 DEBUG Creating OrientDB classes for MDL Elements...
2019-07-10 14:40:02,404 DEBUG Created 20 Node Classes
2019-07-10 14:40:03,058 DEBUG Created 40 Node Classes
2019-07-10 14:40:04,022 DEBUG Created 60 Node Classes
2019-07-10 14:40:04,837 DEBUG Created 80 Node Classes
2019-07-10 14:40:04,858 DEBUG Indexing Started...
2019-07-10 14:40:05,095 DEBUG Indexed 100 MDL Elements
2019-07-10 14:40:05,479 DEBUG Indexed 200 MDL Elements
2019-07-10 14:40:05,697 DEBUG Indexed 300 MDL Elements
2019-07-10 14:40:06,096 DEBUG Creating Containment Edges...
2019-07-10 14:40:06,498 DEBUG Created 100 Containment Edges
2019-07-10 14:40:06,903 DEBUG Created 200 Containment Edges
2019-07-10 14:40:07,306 DEBUG Created 300 Containment Edges
2019-07-10 14:40:07,753 DEBUG Creating Reference Edges...
2019-07-10 14:40:07,817 DEBUG Created 10 Reference Edges
2019-07-10 14:40:07,864 DEBUG Created 20 Reference Edges
2019-07-10 14:40:07,911 DEBUG Created 30 Reference Edges
2019-07-10 14:40:07,940 DEBUG Generating Constraints Objects...
2019-07-10 14:58:23,019 DEBUG ***************************Challenge Problem 1 Started*********************
2019-07-10 14:58:23,066 INFO Generating MDL File...
2019-07-10 14:58:23,081 INFO Importing MDL File...
2019-07-10 14:58:26,402 DEBUG Creating OrientDB classes for MDL Elements...
2019-07-10 14:58:27,414 DEBUG Created 20 Node Classes
2019-07-10 14:58:27,849 DEBUG Created 40 Node Classes
2019-07-10 14:58:28,281 DEBUG Created 60 Node Classes
2019-07-10 14:58:28,897 DEBUG Created 80 Node Classes
2019-07-10 14:58:28,919 DEBUG Indexing Started...
2019-07-10 14:58:29,127 DEBUG Indexed 100 MDL Elements
2019-07-10 14:58:29,495 DEBUG Indexed 200 MDL Elements
2019-07-10 14:58:29,700 DEBUG Indexed 300 MDL Elements
2019-07-10 14:58:29,954 DEBUG Creating Containment Edges...
2019-07-10 14:58:30,355 DEBUG Created 100 Containment Edges
2019-07-10 14:58:30,737 DEBUG Created 200 Containment Edges
2019-07-10 14:58:31,124 DEBUG Created 300 Containment Edges
2019-07-10 14:58:31,539 DEBUG Creating Reference Edges...
2019-07-10 14:58:31,601 DEBUG Created 10 Reference Edges
2019-07-10 14:58:31,668 DEBUG Created 20 Reference Edges
2019-07-10 14:58:31,733 DEBUG Created 30 Reference Edges
2019-07-10 14:58:31,764 DEBUG Generating Constraints Objects...
