2019-02-21 09:32:31,753 INFO ***************************Challenge Problem 1 Started*********************
2019-02-21 09:32:31,753 INFO ***************************Retrieving Constraints...***********************
2019-02-21 10:13:53,539 INFO ***************************Challenge Problem 1 Started*********************
2019-02-21 10:13:53,539 INFO ***************************Retrieving Constraints...***********************
2019-02-21 10:14:31,183 INFO ***************************Challenge Problem 1 Started*********************
2019-02-21 10:14:31,183 INFO ***************************Retrieving Constraints...***********************
2019-02-21 10:14:31,199 INFO ***************************Optimizing Schedule...**************************
2019-02-21 10:15:02,723 INFO ***************************Challenge Problem 1 Started*********************
2019-02-21 10:15:02,723 INFO ***************************Retrieving Constraints...***********************
2019-02-21 10:15:02,739 DEBUG Constraints Object: Goal Throughput Bulk: bandwidth_type: BandwidthTypes.BULK, value: 100.0, Goal Throughput Voice: bandwidth_type: BandwidthTypes.VOICE, value: 100.0, Goal Throughput Safety: bandwidth_type: BandwidthTypes.SAFETY, value: 100.0, Latency: 50.0, Guard Band: 1.0, Epoch: 100, TxOp Timeout: TxOpTimeout: 255, Candidate TAs: [[<id_: TA1, total_minimum_bandwidth: 50, minimum_voice_bandwidth: 25, minimum_safety_bandwidth: 25, scaling_factor: 1.0, c: 0.05>, <id_: TA2, total_minimum_bandwidth: 50, minimum_voice_bandwidth: 25, minimum_safety_bandwidth: 25, scaling_factor: 1.0, c: 0.05>, <id_: TA3, total_minimum_bandwidth: 40, minimum_voice_bandwidth: 15, minimum_safety_bandwidth: 25, scaling_factor: 1.0, c: 0.05>]], Channels: [[<frequency: 4919500000, length: 0.1, latency: 5e-05, capacity: 10000>, <frequency: 4919600000, length: 0.1, latency: 5e-05, capacity: 10000>]]
2019-02-21 10:15:02,739 INFO ***************************Optimizing Schedule...**************************
2019-02-21 10:15:56,212 INFO ***************************Challenge Problem 1 Started*********************
2019-02-21 10:15:56,212 INFO ***************************Retrieving Constraints...***********************
2019-02-21 10:15:56,227 DEBUG Constraints Object: Goal Throughput Bulk: bandwidth_type: BandwidthTypes.BULK, value: 100.0, Goal Throughput Voice: bandwidth_type: BandwidthTypes.VOICE, value: 100.0, Goal Throughput Safety: bandwidth_type: BandwidthTypes.SAFETY, value: 100.0, Latency: 50.0, Guard Band: 1.0, Epoch: 100, TxOp Timeout: TxOpTimeout: 255, Candidate TAs: [[<id_: TA1, total_minimum_bandwidth: 50, minimum_voice_bandwidth: 25, minimum_safety_bandwidth: 25, scaling_factor: 1.0, c: 0.05>, <id_: TA2, total_minimum_bandwidth: 50, minimum_voice_bandwidth: 25, minimum_safety_bandwidth: 25, scaling_factor: 1.0, c: 0.05>, <id_: TA3, total_minimum_bandwidth: 40, minimum_voice_bandwidth: 15, minimum_safety_bandwidth: 25, scaling_factor: 1.0, c: 0.05>]], Channels: [[<frequency: 4919500000, length: 0.1, latency: 5e-05, capacity: 10000>, <frequency: 4919600000, length: 0.1, latency: 5e-05, capacity: 10000>]]
2019-02-21 10:15:56,227 INFO ***************************Optimizing Schedule...**************************
2019-02-21 10:15:56,227 DEBUG Greedy algorithm
2019-02-21 10:19:55,514 INFO ***************************Challenge Problem 1 Started*********************
2019-02-21 10:19:55,514 INFO ***************************Retrieving Constraints...***********************
2019-02-21 10:19:55,530 DEBUG Constraints Object: Goal Throughput Bulk: bandwidth_type: BandwidthTypes.BULK, value: 100.0, Goal Throughput Voice: bandwidth_type: BandwidthTypes.VOICE, value: 100.0, Goal Throughput Safety: bandwidth_type: BandwidthTypes.SAFETY, value: 100.0, Latency: 50.0, Guard Band: 1.0, Epoch: 100, TxOp Timeout: TxOpTimeout: 255, Candidate TAs: [[<id_: TA1, total_minimum_bandwidth: 50, minimum_voice_bandwidth: 25, minimum_safety_bandwidth: 25, scaling_factor: 1.0, c: 0.05>, <id_: TA2, total_minimum_bandwidth: 50, minimum_voice_bandwidth: 25, minimum_safety_bandwidth: 25, scaling_factor: 1.0, c: 0.05>, <id_: TA3, total_minimum_bandwidth: 40, minimum_voice_bandwidth: 15, minimum_safety_bandwidth: 25, scaling_factor: 1.0, c: 0.05>]], Channels: [[<frequency: 4919500000, length: 100, latency: 50.0, capacity: 10000>, <frequency: 4919600000, length: 100, latency: 50.0, capacity: 10000>]]
2019-02-21 10:19:55,530 INFO ***************************Optimizing Schedule...**************************
2019-02-21 10:19:55,530 INFO MdlId: TA3 selected for scheduling on frequency 4919500000
2019-02-21 10:19:55,530 INFO MdlId: TA1 selected for scheduling on frequency 4919500000
2019-02-21 10:19:55,530 INFO MdlId: TA2 selected for scheduling on frequency 4919500000
2019-02-21 10:19:55,530 INFO Scheduled TxOp: Frequency: 4919500000, ID: GR1_to_TA3, StartUSec: 0.0, StopUSec: 1.0
2019-02-21 10:19:55,530 INFO Scheduled TxOp: Frequency: 4919500000, ID: 1000.9999999999999, StartUSec: 1000.9999999999999, StopUSec: 1001.9999999999998
2019-02-21 10:19:55,530 INFO Scheduled TxOp: Frequency: 4919500000, ID: GR1_to_TA3, StartUSec: 50000.0, StopUSec: 50001.0
2019-02-21 10:19:55,530 INFO Scheduled TxOp: Frequency: 4919500000, ID: 51001.0, StartUSec: 51001.0, StopUSec: 51002.0
2019-02-21 10:19:55,530 INFO Scheduled TxOp: Frequency: 4919500000, ID: GR1_to_TA1, StartUSec: 2001.9999999999998, StopUSec: 2003.25
2019-02-21 10:19:55,530 INFO Scheduled TxOp: Frequency: 4919500000, ID: 3003.25, StartUSec: 3003.25, StopUSec: 3004.5
2019-02-21 10:19:55,530 INFO Scheduled TxOp: Frequency: 4919500000, ID: GR1_to_TA1, StartUSec: 52002.0, StopUSec: 52003.25
2019-02-21 10:19:55,530 INFO Scheduled TxOp: Frequency: 4919500000, ID: 53003.25, StartUSec: 53003.25, StopUSec: 53004.5
2019-02-21 10:19:55,530 INFO Scheduled TxOp: Frequency: 4919500000, ID: GR1_to_TA2, StartUSec: 4004.5, StopUSec: 4005.75
2019-02-21 10:19:55,530 INFO Scheduled TxOp: Frequency: 4919500000, ID: 5005.75, StartUSec: 5005.75, StopUSec: 5007.0
2019-02-21 10:19:55,530 INFO Scheduled TxOp: Frequency: 4919500000, ID: GR1_to_TA2, StartUSec: 54004.5, StopUSec: 54005.75
2019-02-21 10:19:55,530 INFO Scheduled TxOp: Frequency: 4919500000, ID: 55005.75, StartUSec: 55005.75, StopUSec: 55007.0
2019-02-21 11:40:33,921 INFO ***************************Challenge Problem 1 Started*********************
2019-02-21 11:40:33,922 INFO ***************************Retrieving Constraints...***********************
