2019-06-25 10:00:08,045 DEBUG ***************************Challenge Problem 1 Started*********************
2019-06-25 10:00:27,685 DEBUG ***************************Challenge Problem 1 Started*********************
2019-06-25 10:00:27,731 INFO Generating MDL File...
2019-06-25 10:00:27,747 INFO Importing MDL File...
2019-06-25 10:00:31,824 DEBUG Creating OrientDB classes for MDL Elements...
2019-06-25 10:00:32,312 DEBUG Created 20 Node Classes
2019-06-25 10:00:32,868 DEBUG Created 40 Node Classes
2019-06-25 10:00:33,360 DEBUG Created 60 Node Classes
2019-06-25 10:00:33,825 DEBUG Created 80 Node Classes
2019-06-25 10:00:33,856 DEBUG Indexing Started...
2019-06-25 10:00:34,242 DEBUG Indexed 100 MDL Elements
2019-06-25 10:00:34,687 DEBUG Indexed 200 MDL Elements
2019-06-25 10:00:34,946 DEBUG Indexed 300 MDL Elements
2019-06-25 10:00:35,252 DEBUG Creating Containment Edges...
2019-06-25 10:00:36,020 DEBUG Created 100 Containment Edges
2019-06-25 10:00:36,561 DEBUG Created 200 Containment Edges
2019-06-25 10:00:36,993 DEBUG Created 300 Containment Edges
2019-06-25 10:00:37,517 DEBUG Creating Reference Edges...
2019-06-25 10:00:37,610 DEBUG Created 10 Reference Edges
2019-06-25 10:00:37,668 DEBUG Created 20 Reference Edges
2019-06-25 10:00:37,746 DEBUG Created 30 Reference Edges
2019-06-25 10:00:37,777 DEBUG Generating Constraints Objects...
2019-06-25 10:00:37,777 INFO Storing and Retrieving Constraints in OrientDB...
2019-06-25 10:00:40,089 INFO Setting up Discretization Algorithms...
2019-06-25 10:00:40,089 DEBUG Setting up Optimization Algorithms...
2019-06-25 10:00:40,089 DEBUG Setting up Scheduling Algorithms...
2019-06-25 10:00:40,089 DEBUG Optimizing...
2019-06-25 10:00:40,089 DEBUG Beginning CBC Integer Program...
2019-06-25 10:00:40,105 DEBUG CBC Integer Program complete in 0.006909887952337429 seconds
2019-06-25 10:00:40,105 INFO Constructing schedule...
2019-06-25 10:00:40,105 INFO Updating MDL File Schedule...
2019-06-25 10:00:40,292 DEBUG Writing raw results...
2019-06-25 10:00:40,292 INFO Exporting MDL File c:\dev\cp1\output\mdl\.xml
2019-06-25 10:00:40,308 DEBUG Exporting OrientDB Nodes...
2019-06-25 10:00:40,500 DEBUG Exported 100 Nodes
2019-06-25 10:00:40,683 DEBUG Exported 200 Nodes
2019-06-25 10:00:40,867 DEBUG Exported 300 Nodes
2019-06-25 10:00:41,024 DEBUG Exported 400 Nodes
2019-06-25 10:00:41,056 INFO **********Optimization Algorithm: CBC, Discretization: AccuracyDiscretization, Scheduling Algorithm: Greedy Scheduler*********
2019-06-25 10:00:41,057 INFO Constructing schedule...
2019-06-25 10:00:41,061 INFO Updating MDL File Schedule...
2019-06-25 10:00:41,453 DEBUG Writing raw results...
2019-06-25 10:00:41,453 INFO Exporting MDL File c:\dev\cp1\output\mdl\.xml
2019-06-25 10:00:41,484 DEBUG Exporting OrientDB Nodes...
2019-06-25 10:00:41,637 DEBUG Exported 100 Nodes
2019-06-25 10:00:41,777 DEBUG Exported 200 Nodes
2019-06-25 10:00:41,927 DEBUG Exported 300 Nodes
2019-06-25 10:00:42,083 DEBUG Exported 400 Nodes
2019-06-25 10:00:42,114 INFO **********Optimization Algorithm: CBC, Discretization: AccuracyDiscretization, Scheduling Algorithm: OS Schedule*********
2019-06-25 10:00:42,114 DEBUG Optimizing...
2019-06-25 10:00:42,358 INFO Constructing schedule...
2019-06-25 10:00:42,358 INFO Updating MDL File Schedule...
2019-06-25 10:00:42,655 DEBUG Writing raw results...
2019-06-25 10:00:42,655 INFO Exporting MDL File c:\dev\cp1\output\mdl\.xml
2019-06-25 10:00:42,687 DEBUG Exporting OrientDB Nodes...
2019-06-25 10:00:42,821 DEBUG Exported 100 Nodes
2019-06-25 10:00:42,962 DEBUG Exported 200 Nodes
2019-06-25 10:00:43,120 DEBUG Exported 300 Nodes
2019-06-25 10:00:43,273 DEBUG Exported 400 Nodes
2019-06-25 10:00:43,309 INFO **********Optimization Algorithm: DynamicProgram, Discretization: AccuracyDiscretization, Scheduling Algorithm: Greedy Scheduler*********
2019-06-25 10:00:43,309 INFO Constructing schedule...
2019-06-25 10:00:43,312 INFO Updating MDL File Schedule...
2019-06-25 10:00:43,668 DEBUG Writing raw results...
2019-06-25 10:00:43,673 INFO Exporting MDL File c:\dev\cp1\output\mdl\.xml
2019-06-25 10:00:43,697 DEBUG Exporting OrientDB Nodes...
2019-06-25 10:00:43,838 DEBUG Exported 100 Nodes
2019-06-25 10:00:43,985 DEBUG Exported 200 Nodes
2019-06-25 10:00:44,136 DEBUG Exported 300 Nodes
2019-06-25 10:00:44,273 DEBUG Exported 400 Nodes
2019-06-25 10:00:44,300 INFO **********Optimization Algorithm: DynamicProgram, Discretization: AccuracyDiscretization, Scheduling Algorithm: OS Schedule*********
2019-06-25 10:00:44,313 DEBUG Optimizing...
2019-06-25 10:00:44,315 DEBUG Beginning Greedy Optimization...
2019-06-25 10:00:44,315 DEBUG Greedy Optimization complete in 4.654547916516094e-05 seconds
2019-06-25 10:00:44,316 INFO Constructing schedule...
2019-06-25 10:00:44,318 INFO Updating MDL File Schedule...
2019-06-25 10:00:44,655 DEBUG Writing raw results...
2019-06-25 10:00:44,659 INFO Exporting MDL File c:\dev\cp1\output\mdl\.xml
2019-06-25 10:00:44,680 DEBUG Exporting OrientDB Nodes...
2019-06-25 10:00:44,833 DEBUG Exported 100 Nodes
2019-06-25 10:00:44,970 DEBUG Exported 200 Nodes
2019-06-25 10:00:45,107 DEBUG Exported 300 Nodes
2019-06-25 10:00:45,219 DEBUG Exported 400 Nodes
2019-06-25 10:00:45,236 INFO **********Optimization Algorithm: Greedy, Discretization: AccuracyDiscretization, Scheduling Algorithm: Greedy Scheduler*********
2019-06-25 10:00:45,237 INFO Constructing schedule...
2019-06-25 10:00:45,238 INFO Updating MDL File Schedule...
2019-06-25 10:00:45,537 DEBUG Writing raw results...
2019-06-25 10:00:45,541 INFO Exporting MDL File c:\dev\cp1\output\mdl\.xml
2019-06-25 10:00:45,561 DEBUG Exporting OrientDB Nodes...
2019-06-25 10:00:45,700 DEBUG Exported 100 Nodes
2019-06-25 10:00:45,826 DEBUG Exported 200 Nodes
2019-06-25 10:00:45,958 DEBUG Exported 300 Nodes
2019-06-25 10:00:46,089 DEBUG Exported 400 Nodes
2019-06-25 10:00:46,111 INFO **********Optimization Algorithm: Greedy, Discretization: AccuracyDiscretization, Scheduling Algorithm: OS Schedule*********
2019-06-25 10:00:46,112 DEBUG Optimizing...
2019-06-25 10:00:46,113 DEBUG Beginning CBC Integer Program...
2019-06-25 10:00:46,185 DEBUG CBC Integer Program complete in 0.07172482030624128 seconds
2019-06-25 10:00:46,186 INFO Constructing schedule...
2019-06-25 10:00:46,188 INFO Updating MDL File Schedule...
2019-06-25 10:00:46,465 DEBUG Writing raw results...
2019-06-25 10:00:46,465 INFO Exporting MDL File c:\dev\cp1\output\mdl\.xml
2019-06-25 10:00:46,481 DEBUG Exporting OrientDB Nodes...
2019-06-25 10:00:46,597 DEBUG Exported 100 Nodes
2019-06-25 10:00:46,713 DEBUG Exported 200 Nodes
2019-06-25 10:00:46,852 DEBUG Exported 300 Nodes
2019-06-25 10:00:46,993 DEBUG Exported 400 Nodes
2019-06-25 10:00:47,013 INFO **********Optimization Algorithm: CBC, Discretization: BandwidthDiscretization, Scheduling Algorithm: Greedy Scheduler*********
2019-06-25 10:00:47,013 INFO Constructing schedule...
2019-06-25 10:00:47,015 INFO Updating MDL File Schedule...
2019-06-25 10:00:47,323 DEBUG Writing raw results...
2019-06-25 10:00:47,323 INFO Exporting MDL File c:\dev\cp1\output\mdl\.xml
2019-06-25 10:00:47,338 DEBUG Exporting OrientDB Nodes...
2019-06-25 10:00:47,456 DEBUG Exported 100 Nodes
2019-06-25 10:00:47,561 DEBUG Exported 200 Nodes
2019-06-25 10:00:47,677 DEBUG Exported 300 Nodes
2019-06-25 10:00:47,793 DEBUG Exported 400 Nodes
2019-06-25 10:00:47,824 INFO **********Optimization Algorithm: CBC, Discretization: BandwidthDiscretization, Scheduling Algorithm: OS Schedule*********
2019-06-25 10:00:47,824 DEBUG Optimizing...
2019-06-25 10:00:48,162 INFO Constructing schedule...
2019-06-25 10:00:48,162 INFO Updating MDL File Schedule...
2019-06-25 10:00:48,414 DEBUG Writing raw results...
2019-06-25 10:00:48,417 INFO Exporting MDL File c:\dev\cp1\output\mdl\.xml
2019-06-25 10:00:48,436 DEBUG Exporting OrientDB Nodes...
2019-06-25 10:00:48,558 DEBUG Exported 100 Nodes
2019-06-25 10:00:48,665 DEBUG Exported 200 Nodes
2019-06-25 10:00:48,774 DEBUG Exported 300 Nodes
2019-06-25 10:00:48,883 DEBUG Exported 400 Nodes
2019-06-25 10:00:48,903 INFO **********Optimization Algorithm: DynamicProgram, Discretization: BandwidthDiscretization, Scheduling Algorithm: Greedy Scheduler*********
2019-06-25 10:00:48,903 INFO Constructing schedule...
2019-06-25 10:00:48,903 INFO Updating MDL File Schedule...
2019-06-25 10:00:49,217 DEBUG Writing raw results...
2019-06-25 10:00:49,220 INFO Exporting MDL File c:\dev\cp1\output\mdl\.xml
2019-06-25 10:00:49,238 DEBUG Exporting OrientDB Nodes...
2019-06-25 10:00:49,350 DEBUG Exported 100 Nodes
2019-06-25 10:00:49,450 DEBUG Exported 200 Nodes
2019-06-25 10:00:49,558 DEBUG Exported 300 Nodes
2019-06-25 10:00:49,685 DEBUG Exported 400 Nodes
2019-06-25 10:00:49,719 INFO **********Optimization Algorithm: DynamicProgram, Discretization: BandwidthDiscretization, Scheduling Algorithm: OS Schedule*********
2019-06-25 10:00:49,719 DEBUG Optimizing...
2019-06-25 10:00:49,719 DEBUG Beginning Greedy Optimization...
2019-06-25 10:00:49,719 DEBUG Greedy Optimization complete in 6.206063888569702e-05 seconds
2019-06-25 10:00:49,719 INFO Constructing schedule...
2019-06-25 10:00:49,719 INFO Updating MDL File Schedule...
2019-06-25 10:00:50,034 DEBUG Writing raw results...
2019-06-25 10:00:50,034 INFO Exporting MDL File c:\dev\cp1\output\mdl\.xml
2019-06-25 10:00:50,050 DEBUG Exporting OrientDB Nodes...
2019-06-25 10:00:50,166 DEBUG Exported 100 Nodes
2019-06-25 10:00:50,281 DEBUG Exported 200 Nodes
2019-06-25 10:00:50,366 DEBUG Exported 300 Nodes
2019-06-25 10:00:50,466 DEBUG Exported 400 Nodes
2019-06-25 10:00:50,482 INFO **********Optimization Algorithm: Greedy, Discretization: BandwidthDiscretization, Scheduling Algorithm: Greedy Scheduler*********
2019-06-25 10:00:50,482 INFO Constructing schedule...
2019-06-25 10:00:50,482 INFO Updating MDL File Schedule...
2019-06-25 10:00:50,776 DEBUG Writing raw results...
2019-06-25 10:00:50,776 INFO Exporting MDL File c:\dev\cp1\output\mdl\.xml
2019-06-25 10:00:50,803 DEBUG Exporting OrientDB Nodes...
2019-06-25 10:00:50,883 DEBUG Exported 100 Nodes
2019-06-25 10:00:50,992 DEBUG Exported 200 Nodes
2019-06-25 10:00:51,070 DEBUG Exported 300 Nodes
2019-06-25 10:00:51,158 DEBUG Exported 400 Nodes
2019-06-25 10:00:51,174 INFO **********Optimization Algorithm: Greedy, Discretization: BandwidthDiscretization, Scheduling Algorithm: OS Schedule*********
2019-06-25 10:00:51,174 DEBUG Optimizing...
2019-06-25 10:00:51,174 DEBUG Beginning CBC Integer Program...
2019-06-25 10:00:51,237 DEBUG CBC Integer Program complete in 0.060735503198943164 seconds
2019-06-25 10:00:51,237 INFO Constructing schedule...
2019-06-25 10:00:51,237 INFO Updating MDL File Schedule...
2019-06-25 10:00:51,503 DEBUG Writing raw results...
2019-06-25 10:00:51,503 INFO Exporting MDL File c:\dev\cp1\output\mdl\.xml
2019-06-25 10:00:51,529 DEBUG Exporting OrientDB Nodes...
2019-06-25 10:00:51,622 DEBUG Exported 100 Nodes
2019-06-25 10:00:51,700 DEBUG Exported 200 Nodes
2019-06-25 10:00:51,778 DEBUG Exported 300 Nodes
2019-06-25 10:00:51,872 DEBUG Exported 400 Nodes
2019-06-25 10:00:51,888 INFO **********Optimization Algorithm: CBC, Discretization: Value Discretization, Scheduling Algorithm: Greedy Scheduler*********
2019-06-25 10:00:51,888 INFO Constructing schedule...
2019-06-25 10:00:51,888 INFO Updating MDL File Schedule...
2019-06-25 10:00:52,165 DEBUG Writing raw results...
2019-06-25 10:00:52,169 INFO Exporting MDL File c:\dev\cp1\output\mdl\.xml
2019-06-25 10:00:52,192 DEBUG Exporting OrientDB Nodes...
2019-06-25 10:00:52,266 DEBUG Exported 100 Nodes
2019-06-25 10:00:52,379 DEBUG Exported 200 Nodes
2019-06-25 10:00:52,465 DEBUG Exported 300 Nodes
2019-06-25 10:00:52,535 DEBUG Exported 400 Nodes
2019-06-25 10:00:52,550 INFO **********Optimization Algorithm: CBC, Discretization: Value Discretization, Scheduling Algorithm: OS Schedule*********
2019-06-25 10:00:52,550 DEBUG Optimizing...
2019-06-25 10:00:52,818 INFO Constructing schedule...
2019-06-25 10:00:52,819 INFO Updating MDL File Schedule...
2019-06-25 10:00:53,086 DEBUG Writing raw results...
2019-06-25 10:00:53,102 INFO Exporting MDL File c:\dev\cp1\output\mdl\.xml
2019-06-25 10:00:53,121 DEBUG Exporting OrientDB Nodes...
2019-06-25 10:00:53,200 DEBUG Exported 100 Nodes
2019-06-25 10:00:53,285 DEBUG Exported 200 Nodes
2019-06-25 10:00:53,363 DEBUG Exported 300 Nodes
2019-06-25 10:00:53,492 DEBUG Exported 400 Nodes
2019-06-25 10:00:53,517 INFO **********Optimization Algorithm: DynamicProgram, Discretization: Value Discretization, Scheduling Algorithm: Greedy Scheduler*********
2019-06-25 10:00:53,517 INFO Constructing schedule...
2019-06-25 10:00:53,520 INFO Updating MDL File Schedule...
2019-06-25 10:00:53,811 DEBUG Writing raw results...
2019-06-25 10:00:53,815 INFO Exporting MDL File c:\dev\cp1\output\mdl\.xml
2019-06-25 10:00:53,839 DEBUG Exporting OrientDB Nodes...
2019-06-25 10:00:53,933 DEBUG Exported 100 Nodes
2019-06-25 10:00:54,017 DEBUG Exported 200 Nodes
2019-06-25 10:00:54,127 DEBUG Exported 300 Nodes
2019-06-25 10:00:54,233 DEBUG Exported 400 Nodes
2019-06-25 10:00:54,256 INFO **********Optimization Algorithm: DynamicProgram, Discretization: Value Discretization, Scheduling Algorithm: OS Schedule*********
2019-06-25 10:00:54,256 DEBUG Optimizing...
2019-06-25 10:00:54,258 DEBUG Beginning Greedy Optimization...
2019-06-25 10:00:54,258 DEBUG Greedy Optimization complete in 3.032508490896646e-05 seconds
2019-06-25 10:00:54,259 INFO Constructing schedule...
2019-06-25 10:00:54,262 INFO Updating MDL File Schedule...
2019-06-25 10:00:54,494 DEBUG Writing raw results...
2019-06-25 10:00:54,497 INFO Exporting MDL File c:\dev\cp1\output\mdl\.xml
2019-06-25 10:00:54,517 DEBUG Exporting OrientDB Nodes...
2019-06-25 10:00:54,623 DEBUG Exported 100 Nodes
2019-06-25 10:00:54,706 DEBUG Exported 200 Nodes
2019-06-25 10:00:54,774 DEBUG Exported 300 Nodes
2019-06-25 10:00:54,852 INFO **********Optimization Algorithm: Greedy, Discretization: Value Discretization, Scheduling Algorithm: Greedy Scheduler*********
2019-06-25 10:00:54,852 INFO Constructing schedule...
2019-06-25 10:02:51,720 DEBUG ***************************Challenge Problem 1 Started*********************
2019-06-25 10:02:51,767 INFO Generating MDL File...
2019-06-25 10:02:51,783 INFO Importing MDL File...
2019-06-25 10:02:54,813 DEBUG Creating OrientDB classes for MDL Elements...
2019-06-25 10:02:55,250 DEBUG Created 20 Node Classes
2019-06-25 10:02:55,688 DEBUG Created 40 Node Classes
2019-06-25 10:02:56,141 DEBUG Created 60 Node Classes
2019-06-25 10:02:56,625 DEBUG Created 80 Node Classes
2019-06-25 10:02:56,641 DEBUG Indexing Started...
2019-06-25 10:02:56,859 DEBUG Indexed 100 MDL Elements
2019-06-25 10:02:57,109 DEBUG Indexed 200 MDL Elements
2019-06-25 10:02:57,266 DEBUG Indexed 300 MDL Elements
2019-06-25 10:02:57,516 DEBUG Creating Containment Edges...
2019-06-25 10:02:57,906 DEBUG Created 100 Containment Edges
2019-06-25 10:02:58,266 DEBUG Created 200 Containment Edges
2019-06-25 10:02:58,656 DEBUG Created 300 Containment Edges
2019-06-25 10:02:59,063 DEBUG Creating Reference Edges...
2019-06-25 10:02:59,109 DEBUG Created 10 Reference Edges
2019-06-25 10:02:59,156 DEBUG Created 20 Reference Edges
2019-06-25 10:02:59,188 DEBUG Created 30 Reference Edges
2019-06-25 10:02:59,219 DEBUG Generating Constraints Objects...
2019-06-25 10:02:59,219 INFO Storing and Retrieving Constraints in OrientDB...
2019-06-25 10:03:01,281 INFO Setting up Discretization Algorithms...
2019-06-25 10:03:01,281 DEBUG Setting up Optimization Algorithms...
2019-06-25 10:03:01,297 DEBUG Setting up Scheduling Algorithms...
2019-06-25 10:03:01,297 DEBUG Optimizing...
2019-06-25 10:03:01,297 DEBUG Beginning CBC Integer Program...
2019-06-25 10:03:01,297 DEBUG CBC Integer Program complete in 0.005222966949888855 seconds
2019-06-25 10:03:01,297 INFO Constructing schedule...
2019-06-25 10:03:01,297 INFO Updating MDL File Schedule...
2019-06-25 10:03:01,438 DEBUG Writing raw results...
2019-06-25 10:03:01,453 INFO Exporting MDL File c:\dev\cp1\output\mdl\.xml
2019-06-25 10:03:01,469 DEBUG Exporting OrientDB Nodes...
2019-06-25 10:03:01,547 DEBUG Exported 100 Nodes
2019-06-25 10:03:01,625 DEBUG Exported 200 Nodes
2019-06-25 10:03:01,688 DEBUG Exported 300 Nodes
2019-06-25 10:03:01,750 DEBUG Exported 400 Nodes
2019-06-25 10:03:01,766 INFO **********Optimization Algorithm: CBC, Discretization: AccuracyDiscretization, Scheduling Algorithm: Greedy Scheduler*********
2019-06-25 10:03:01,766 INFO Constructing schedule...
2019-06-25 10:03:01,766 INFO Updating MDL File Schedule...
2019-06-25 10:03:01,984 DEBUG Writing raw results...
2019-06-25 10:03:01,984 INFO Exporting MDL File c:\dev\cp1\output\mdl\.xml
2019-06-25 10:03:02,016 DEBUG Exporting OrientDB Nodes...
2019-06-25 10:03:02,094 DEBUG Exported 100 Nodes
2019-06-25 10:03:02,172 DEBUG Exported 200 Nodes
2019-06-25 10:03:02,234 DEBUG Exported 300 Nodes
2019-06-25 10:03:02,313 DEBUG Exported 400 Nodes
2019-06-25 10:03:02,328 INFO **********Optimization Algorithm: CBC, Discretization: AccuracyDiscretization, Scheduling Algorithm: OS Schedule*********
2019-06-25 10:03:02,328 DEBUG Optimizing...
2019-06-25 10:03:02,484 INFO Constructing schedule...
2019-06-25 10:03:02,484 INFO Updating MDL File Schedule...
2019-06-25 10:03:02,703 DEBUG Writing raw results...
2019-06-25 10:03:02,719 INFO Exporting MDL File c:\dev\cp1\output\mdl\.xml
2019-06-25 10:03:02,734 DEBUG Exporting OrientDB Nodes...
2019-06-25 10:03:02,797 DEBUG Exported 100 Nodes
2019-06-25 10:03:02,875 DEBUG Exported 200 Nodes
2019-06-25 10:03:02,938 DEBUG Exported 300 Nodes
2019-06-25 10:03:03,000 DEBUG Exported 400 Nodes
2019-06-25 10:03:03,000 INFO **********Optimization Algorithm: DynamicProgram, Discretization: AccuracyDiscretization, Scheduling Algorithm: Greedy Scheduler*********
2019-06-25 10:03:03,016 INFO Constructing schedule...
2019-06-25 10:03:03,016 INFO Updating MDL File Schedule...
2019-06-25 10:03:03,250 DEBUG Writing raw results...
2019-06-25 10:03:03,266 INFO Exporting MDL File c:\dev\cp1\output\mdl\.xml
2019-06-25 10:03:03,282 DEBUG Exporting OrientDB Nodes...
2019-06-25 10:03:03,359 DEBUG Exported 100 Nodes
2019-06-25 10:03:03,422 DEBUG Exported 200 Nodes
2019-06-25 10:03:03,500 DEBUG Exported 300 Nodes
2019-06-25 10:03:03,563 DEBUG Exported 400 Nodes
2019-06-25 10:03:03,578 INFO **********Optimization Algorithm: DynamicProgram, Discretization: AccuracyDiscretization, Scheduling Algorithm: OS Schedule*********
2019-06-25 10:03:03,578 DEBUG Optimizing...
2019-06-25 10:03:03,578 DEBUG Beginning Greedy Optimization...
2019-06-25 10:03:03,578 DEBUG Greedy Optimization complete in 4.3371923766688525e-05 seconds
2019-06-25 10:03:03,578 INFO Constructing schedule...
2019-06-25 10:03:03,578 INFO Updating MDL File Schedule...
2019-06-25 10:03:03,813 DEBUG Writing raw results...
2019-06-25 10:03:03,828 INFO Exporting MDL File c:\dev\cp1\output\mdl\.xml
2019-06-25 10:03:03,844 DEBUG Exporting OrientDB Nodes...
2019-06-25 10:03:03,906 DEBUG Exported 100 Nodes
2019-06-25 10:03:03,984 DEBUG Exported 200 Nodes
2019-06-25 10:03:04,047 DEBUG Exported 300 Nodes
2019-06-25 10:03:04,109 DEBUG Exported 400 Nodes
2019-06-25 10:03:04,125 INFO **********Optimization Algorithm: Greedy, Discretization: AccuracyDiscretization, Scheduling Algorithm: Greedy Scheduler*********
2019-06-25 10:03:04,125 INFO Constructing schedule...
2019-06-25 10:03:04,125 INFO Updating MDL File Schedule...
2019-06-25 10:03:04,360 DEBUG Writing raw results...
2019-06-25 10:03:04,360 INFO Exporting MDL File c:\dev\cp1\output\mdl\.xml
2019-06-25 10:03:04,375 DEBUG Exporting OrientDB Nodes...
2019-06-25 10:03:04,453 DEBUG Exported 100 Nodes
2019-06-25 10:03:04,538 DEBUG Exported 200 Nodes
2019-06-25 10:03:04,611 DEBUG Exported 300 Nodes
2019-06-25 10:03:04,685 DEBUG Exported 400 Nodes
2019-06-25 10:03:04,702 INFO **********Optimization Algorithm: Greedy, Discretization: AccuracyDiscretization, Scheduling Algorithm: OS Schedule*********
2019-06-25 10:03:04,702 DEBUG Optimizing...
2019-06-25 10:03:04,703 DEBUG Beginning CBC Integer Program...
2019-06-25 10:03:04,763 DEBUG CBC Integer Program complete in 0.058158928833373036 seconds
2019-06-25 10:03:04,771 INFO Constructing schedule...
2019-06-25 10:03:04,772 INFO Updating MDL File Schedule...
2019-06-25 10:03:05,048 DEBUG Writing raw results...
2019-06-25 10:03:05,053 INFO Exporting MDL File c:\dev\cp1\output\mdl\.xml
2019-06-25 10:03:05,081 DEBUG Exporting OrientDB Nodes...
2019-06-25 10:03:05,158 DEBUG Exported 100 Nodes
2019-06-25 10:03:05,234 DEBUG Exported 200 Nodes
2019-06-25 10:03:05,310 DEBUG Exported 300 Nodes
2019-06-25 10:03:05,384 DEBUG Exported 400 Nodes
2019-06-25 10:03:05,387 INFO **********Optimization Algorithm: CBC, Discretization: BandwidthDiscretization, Scheduling Algorithm: Greedy Scheduler*********
2019-06-25 10:03:05,387 INFO Constructing schedule...
2019-06-25 10:03:05,387 INFO Updating MDL File Schedule...
2019-06-25 10:03:05,625 DEBUG Writing raw results...
2019-06-25 10:03:05,641 INFO Exporting MDL File c:\dev\cp1\output\mdl\.xml
2019-06-25 10:03:05,656 DEBUG Exporting OrientDB Nodes...
2019-06-25 10:03:05,734 DEBUG Exported 100 Nodes
2019-06-25 10:03:05,813 DEBUG Exported 200 Nodes
2019-06-25 10:03:05,875 DEBUG Exported 300 Nodes
2019-06-25 10:03:05,953 DEBUG Exported 400 Nodes
2019-06-25 10:03:05,953 INFO **********Optimization Algorithm: CBC, Discretization: BandwidthDiscretization, Scheduling Algorithm: OS Schedule*********
2019-06-25 10:03:05,969 DEBUG Optimizing...
2019-06-25 10:03:06,173 INFO Constructing schedule...
2019-06-25 10:03:06,177 INFO Updating MDL File Schedule...
2019-06-25 10:03:06,432 DEBUG Writing raw results...
2019-06-25 10:03:06,435 INFO Exporting MDL File c:\dev\cp1\output\mdl\.xml
2019-06-25 10:03:06,464 DEBUG Exporting OrientDB Nodes...
2019-06-25 10:03:06,538 DEBUG Exported 100 Nodes
2019-06-25 10:03:06,603 DEBUG Exported 200 Nodes
2019-06-25 10:03:06,681 DEBUG Exported 300 Nodes
2019-06-25 10:03:06,758 DEBUG Exported 400 Nodes
2019-06-25 10:03:06,773 INFO **********Optimization Algorithm: DynamicProgram, Discretization: BandwidthDiscretization, Scheduling Algorithm: Greedy Scheduler*********
2019-06-25 10:03:06,773 INFO Constructing schedule...
2019-06-25 10:03:06,774 INFO Updating MDL File Schedule...
2019-06-25 10:03:07,072 DEBUG Writing raw results...
2019-06-25 10:03:07,072 INFO Exporting MDL File c:\dev\cp1\output\mdl\.xml
2019-06-25 10:03:07,097 DEBUG Exporting OrientDB Nodes...
2019-06-25 10:03:07,168 DEBUG Exported 100 Nodes
2019-06-25 10:03:07,235 DEBUG Exported 200 Nodes
2019-06-25 10:03:07,307 DEBUG Exported 300 Nodes
2019-06-25 10:03:07,377 DEBUG Exported 400 Nodes
2019-06-25 10:03:07,393 INFO **********Optimization Algorithm: DynamicProgram, Discretization: BandwidthDiscretization, Scheduling Algorithm: OS Schedule*********
2019-06-25 10:03:07,393 DEBUG Optimizing...
2019-06-25 10:03:07,393 DEBUG Beginning Greedy Optimization...
2019-06-25 10:03:07,393 DEBUG Greedy Optimization complete in 2.856199857870223e-05 seconds
2019-06-25 10:03:07,393 INFO Constructing schedule...
2019-06-25 10:03:07,393 INFO Updating MDL File Schedule...
2019-06-25 10:03:07,687 DEBUG Writing raw results...
2019-06-25 10:03:07,689 INFO Exporting MDL File c:\dev\cp1\output\mdl\.xml
2019-06-25 10:03:07,720 DEBUG Exporting OrientDB Nodes...
2019-06-25 10:03:07,783 DEBUG Exported 100 Nodes
2019-06-25 10:03:07,861 DEBUG Exported 200 Nodes
2019-06-25 10:03:07,955 DEBUG Exported 300 Nodes
2019-06-25 10:03:08,034 DEBUG Exported 400 Nodes
2019-06-25 10:03:08,051 INFO **********Optimization Algorithm: Greedy, Discretization: BandwidthDiscretization, Scheduling Algorithm: Greedy Scheduler*********
2019-06-25 10:03:08,052 INFO Constructing schedule...
2019-06-25 10:03:08,053 INFO Updating MDL File Schedule...
2019-06-25 10:03:08,292 DEBUG Writing raw results...
2019-06-25 10:03:08,295 INFO Exporting MDL File c:\dev\cp1\output\mdl\.xml
2019-06-25 10:03:08,325 DEBUG Exporting OrientDB Nodes...
2019-06-25 10:03:08,403 DEBUG Exported 100 Nodes
2019-06-25 10:03:08,482 DEBUG Exported 200 Nodes
2019-06-25 10:03:08,558 DEBUG Exported 300 Nodes
2019-06-25 10:03:08,625 DEBUG Exported 400 Nodes
2019-06-25 10:03:08,644 INFO **********Optimization Algorithm: Greedy, Discretization: BandwidthDiscretization, Scheduling Algorithm: OS Schedule*********
2019-06-25 10:03:08,645 DEBUG Optimizing...
2019-06-25 10:03:08,647 DEBUG Beginning CBC Integer Program...
2019-06-25 10:03:08,706 DEBUG CBC Integer Program complete in 0.056836966701646396 seconds
2019-06-25 10:03:08,708 INFO Constructing schedule...
2019-06-25 10:03:08,709 INFO Updating MDL File Schedule...
2019-06-25 10:03:08,974 DEBUG Writing raw results...
2019-06-25 10:03:08,990 INFO Exporting MDL File c:\dev\cp1\output\mdl\.xml
2019-06-25 10:03:09,006 DEBUG Exporting OrientDB Nodes...
2019-06-25 10:03:09,084 DEBUG Exported 100 Nodes
2019-06-25 10:03:09,146 DEBUG Exported 200 Nodes
2019-06-25 10:03:09,224 DEBUG Exported 300 Nodes
2019-06-25 10:03:09,306 DEBUG Exported 400 Nodes
2019-06-25 10:03:09,322 INFO **********Optimization Algorithm: CBC, Discretization: Value Discretization, Scheduling Algorithm: Greedy Scheduler*********
2019-06-25 10:03:09,322 INFO Constructing schedule...
2019-06-25 10:03:09,322 INFO Updating MDL File Schedule...
2019-06-25 10:03:09,591 DEBUG Writing raw results...
2019-06-25 10:03:09,591 INFO Exporting MDL File c:\dev\cp1\output\mdl\.xml
2019-06-25 10:03:09,622 DEBUG Exporting OrientDB Nodes...
2019-06-25 10:03:09,691 DEBUG Exported 100 Nodes
2019-06-25 10:03:09,772 DEBUG Exported 200 Nodes
2019-06-25 10:03:09,846 DEBUG Exported 300 Nodes
2019-06-25 10:03:09,918 DEBUG Exported 400 Nodes
2019-06-25 10:03:09,937 INFO **********Optimization Algorithm: CBC, Discretization: Value Discretization, Scheduling Algorithm: OS Schedule*********
2019-06-25 10:03:09,938 DEBUG Optimizing...
2019-06-25 10:03:10,157 INFO Constructing schedule...
2019-06-25 10:03:10,159 INFO Updating MDL File Schedule...
2019-06-25 10:03:10,404 DEBUG Writing raw results...
2019-06-25 10:03:10,409 INFO Exporting MDL File c:\dev\cp1\output\mdl\.xml
2019-06-25 10:03:10,431 DEBUG Exporting OrientDB Nodes...
2019-06-25 10:03:10,505 DEBUG Exported 100 Nodes
2019-06-25 10:03:10,591 DEBUG Exported 200 Nodes
2019-06-25 10:03:10,685 DEBUG Exported 300 Nodes
2019-06-25 10:03:10,768 DEBUG Exported 400 Nodes
2019-06-25 10:03:10,785 INFO **********Optimization Algorithm: DynamicProgram, Discretization: Value Discretization, Scheduling Algorithm: Greedy Scheduler*********
2019-06-25 10:03:10,786 INFO Constructing schedule...
2019-06-25 10:03:10,788 INFO Updating MDL File Schedule...
2019-06-25 10:03:11,065 DEBUG Writing raw results...
2019-06-25 10:03:11,069 INFO Exporting MDL File c:\dev\cp1\output\mdl\.xml
2019-06-25 10:03:11,095 DEBUG Exporting OrientDB Nodes...
2019-06-25 10:03:11,172 DEBUG Exported 100 Nodes
2019-06-25 10:03:11,243 DEBUG Exported 200 Nodes
2019-06-25 10:03:11,321 DEBUG Exported 300 Nodes
2019-06-25 10:03:11,397 DEBUG Exported 400 Nodes
2019-06-25 10:03:11,414 INFO **********Optimization Algorithm: DynamicProgram, Discretization: Value Discretization, Scheduling Algorithm: OS Schedule*********
2019-06-25 10:03:11,414 DEBUG Optimizing...
2019-06-25 10:03:11,415 DEBUG Beginning Greedy Optimization...
2019-06-25 10:03:11,416 DEBUG Greedy Optimization complete in 4.372454103318546e-05 seconds
2019-06-25 10:03:11,416 INFO Constructing schedule...
2019-06-25 10:03:11,417 INFO Updating MDL File Schedule...
2019-06-25 10:03:11,623 DEBUG Writing raw results...
2019-06-25 10:03:11,626 INFO Exporting MDL File c:\dev\cp1\output\mdl\.xml
2019-06-25 10:03:11,656 DEBUG Exporting OrientDB Nodes...
2019-06-25 10:03:11,727 DEBUG Exported 100 Nodes
2019-06-25 10:03:11,801 DEBUG Exported 200 Nodes
2019-06-25 10:03:11,874 DEBUG Exported 300 Nodes
2019-06-25 10:03:11,949 INFO **********Optimization Algorithm: Greedy, Discretization: Value Discretization, Scheduling Algorithm: Greedy Scheduler*********
2019-06-25 10:03:11,949 INFO Constructing schedule...
2019-06-25 10:03:41,801 DEBUG ***************************Challenge Problem 1 Started*********************
2019-06-25 10:03:41,848 INFO Generating MDL File...
2019-06-25 10:03:41,863 INFO Importing MDL File...
2019-06-25 10:03:44,861 DEBUG Creating OrientDB classes for MDL Elements...
2019-06-25 10:03:45,307 DEBUG Created 20 Node Classes
2019-06-25 10:03:45,818 DEBUG Created 40 Node Classes
2019-06-25 10:03:46,294 DEBUG Created 60 Node Classes
2019-06-25 10:03:46,798 DEBUG Created 80 Node Classes
2019-06-25 10:03:46,829 DEBUG Indexing Started...
2019-06-25 10:03:47,032 DEBUG Indexed 100 MDL Elements
2019-06-25 10:03:47,308 DEBUG Indexed 200 MDL Elements
2019-06-25 10:03:47,496 DEBUG Indexed 300 MDL Elements
2019-06-25 10:03:47,740 DEBUG Creating Containment Edges...
2019-06-25 10:03:48,108 DEBUG Created 100 Containment Edges
2019-06-25 10:03:48,476 DEBUG Created 200 Containment Edges
2019-06-25 10:03:48,861 DEBUG Created 300 Containment Edges
2019-06-25 10:03:49,291 DEBUG Creating Reference Edges...
2019-06-25 10:03:49,338 DEBUG Created 10 Reference Edges
2019-06-25 10:03:49,385 DEBUG Created 20 Reference Edges
2019-06-25 10:03:49,432 DEBUG Created 30 Reference Edges
2019-06-25 10:03:49,463 DEBUG Generating Constraints Objects...
2019-06-25 10:03:49,463 INFO Storing and Retrieving Constraints in OrientDB...
2019-06-25 10:03:51,495 INFO Setting up Discretization Algorithms...
2019-06-25 10:03:51,495 DEBUG Setting up Optimization Algorithms...
2019-06-25 10:03:51,511 DEBUG Setting up Scheduling Algorithms...
2019-06-25 10:03:51,511 DEBUG Optimizing...
2019-06-25 10:03:51,511 DEBUG Beginning CBC Integer Program...
2019-06-25 10:03:51,511 DEBUG CBC Integer Program complete in 0.007547772587251617 seconds
2019-06-25 10:03:51,511 INFO Constructing schedule...
2019-06-25 10:03:51,526 INFO Updating MDL File Schedule...
2019-06-25 10:03:51,660 DEBUG Writing raw results...
2019-06-25 10:03:51,660 INFO Exporting MDL File c:\dev\cp1\output\mdl\.xml
2019-06-25 10:03:51,692 DEBUG Exporting OrientDB Nodes...
2019-06-25 10:03:51,785 DEBUG Exported 100 Nodes
2019-06-25 10:03:51,863 DEBUG Exported 200 Nodes
2019-06-25 10:03:51,926 DEBUG Exported 300 Nodes
2019-06-25 10:03:52,014 DEBUG Exported 400 Nodes
2019-06-25 10:03:52,030 INFO **********Optimization Algorithm: CBC, Discretization: AccuracyDiscretization, Scheduling Algorithm: Greedy Scheduler*********
2019-06-25 10:03:52,030 INFO Constructing schedule...
2019-06-25 10:03:52,045 INFO Updating MDL File Schedule...
2019-06-25 10:03:52,295 DEBUG Writing raw results...
2019-06-25 10:03:52,295 INFO Exporting MDL File c:\dev\cp1\output\mdl\.xml
2019-06-25 10:03:52,327 DEBUG Exporting OrientDB Nodes...
2019-06-25 10:03:52,398 DEBUG Exported 100 Nodes
2019-06-25 10:03:52,476 DEBUG Exported 200 Nodes
2019-06-25 10:03:52,570 DEBUG Exported 300 Nodes
2019-06-25 10:03:52,648 DEBUG Exported 400 Nodes
2019-06-25 10:03:52,664 INFO **********Optimization Algorithm: CBC, Discretization: AccuracyDiscretization, Scheduling Algorithm: OS Schedule*********
2019-06-25 10:03:52,664 DEBUG Optimizing...
2019-06-25 10:03:52,862 INFO Constructing schedule...
2019-06-25 10:03:52,877 INFO Updating MDL File Schedule...
2019-06-25 10:03:53,096 DEBUG Writing raw results...
2019-06-25 10:03:53,096 INFO Exporting MDL File c:\dev\cp1\output\mdl\.xml
2019-06-25 10:03:53,112 DEBUG Exporting OrientDB Nodes...
2019-06-25 10:03:53,214 DEBUG Exported 100 Nodes
2019-06-25 10:03:53,292 DEBUG Exported 200 Nodes
2019-06-25 10:03:53,370 DEBUG Exported 300 Nodes
2019-06-25 10:03:53,464 DEBUG Exported 400 Nodes
2019-06-25 10:03:53,479 INFO **********Optimization Algorithm: DynamicProgram, Discretization: AccuracyDiscretization, Scheduling Algorithm: Greedy Scheduler*********
2019-06-25 10:03:53,479 INFO Constructing schedule...
2019-06-25 10:03:53,495 INFO Updating MDL File Schedule...
2019-06-25 10:03:53,770 DEBUG Writing raw results...
2019-06-25 10:03:53,785 INFO Exporting MDL File c:\dev\cp1\output\mdl\.xml
2019-06-25 10:03:53,801 DEBUG Exporting OrientDB Nodes...
2019-06-25 10:03:53,863 DEBUG Exported 100 Nodes
2019-06-25 10:03:53,965 DEBUG Exported 200 Nodes
2019-06-25 10:03:54,045 DEBUG Exported 300 Nodes
2019-06-25 10:03:54,108 DEBUG Exported 400 Nodes
2019-06-25 10:03:54,124 INFO **********Optimization Algorithm: DynamicProgram, Discretization: AccuracyDiscretization, Scheduling Algorithm: OS Schedule*********
2019-06-25 10:03:54,124 DEBUG Optimizing...
2019-06-25 10:03:54,124 DEBUG Beginning Greedy Optimization...
2019-06-25 10:03:54,139 DEBUG Greedy Optimization complete in 5.712399715651628e-05 seconds
2019-06-25 10:03:54,139 INFO Constructing schedule...
2019-06-25 10:03:54,139 INFO Updating MDL File Schedule...
2019-06-25 10:03:54,398 DEBUG Writing raw results...
2019-06-25 10:03:54,398 INFO Exporting MDL File c:\dev\cp1\output\mdl\.xml
2019-06-25 10:03:54,414 DEBUG Exporting OrientDB Nodes...
2019-06-25 10:03:54,508 DEBUG Exported 100 Nodes
2019-06-25 10:03:54,570 DEBUG Exported 200 Nodes
2019-06-25 10:03:54,670 DEBUG Exported 300 Nodes
2019-06-25 10:03:54,755 DEBUG Exported 400 Nodes
2019-06-25 10:03:54,770 INFO **********Optimization Algorithm: Greedy, Discretization: AccuracyDiscretization, Scheduling Algorithm: Greedy Scheduler*********
2019-06-25 10:03:54,770 INFO Constructing schedule...
2019-06-25 10:03:54,783 INFO Updating MDL File Schedule...
2019-06-25 10:03:55,063 DEBUG Writing raw results...
2019-06-25 10:03:55,066 INFO Exporting MDL File c:\dev\cp1\output\mdl\.xml
2019-06-25 10:03:55,087 DEBUG Exporting OrientDB Nodes...
2019-06-25 10:03:55,182 DEBUG Exported 100 Nodes
2019-06-25 10:03:55,253 DEBUG Exported 200 Nodes
2019-06-25 10:03:55,331 DEBUG Exported 300 Nodes
2019-06-25 10:03:55,409 DEBUG Exported 400 Nodes
2019-06-25 10:03:55,425 INFO **********Optimization Algorithm: Greedy, Discretization: AccuracyDiscretization, Scheduling Algorithm: OS Schedule*********
2019-06-25 10:03:55,425 DEBUG Optimizing...
2019-06-25 10:03:55,425 DEBUG Beginning CBC Integer Program...
2019-06-25 10:03:55,503 DEBUG CBC Integer Program complete in 0.07361167529873747 seconds
2019-06-25 10:03:55,503 INFO Constructing schedule...
2019-06-25 10:03:55,518 INFO Updating MDL File Schedule...
2019-06-25 10:03:55,793 DEBUG Writing raw results...
2019-06-25 10:03:55,796 INFO Exporting MDL File c:\dev\cp1\output\mdl\.xml
2019-06-25 10:03:55,813 DEBUG Exporting OrientDB Nodes...
2019-06-25 10:03:55,899 DEBUG Exported 100 Nodes
2019-06-25 10:03:55,985 DEBUG Exported 200 Nodes
2019-06-25 10:03:56,048 DEBUG Exported 300 Nodes
2019-06-25 10:03:56,142 DEBUG Exported 400 Nodes
2019-06-25 10:03:56,157 INFO **********Optimization Algorithm: CBC, Discretization: BandwidthDiscretization, Scheduling Algorithm: Greedy Scheduler*********
2019-06-25 10:03:56,157 INFO Constructing schedule...
2019-06-25 10:03:56,173 INFO Updating MDL File Schedule...
2019-06-25 10:03:56,462 DEBUG Writing raw results...
2019-06-25 10:03:56,462 INFO Exporting MDL File c:\dev\cp1\output\mdl\.xml
2019-06-25 10:03:56,477 DEBUG Exporting OrientDB Nodes...
2019-06-25 10:03:56,555 DEBUG Exported 100 Nodes
2019-06-25 10:03:56,634 DEBUG Exported 200 Nodes
2019-06-25 10:03:56,727 DEBUG Exported 300 Nodes
2019-06-25 10:03:56,798 DEBUG Exported 400 Nodes
2019-06-25 10:03:58,077 INFO **********Optimization Algorithm: CBC, Discretization: BandwidthDiscretization, Scheduling Algorithm: OS Schedule*********
2019-06-25 10:03:58,077 DEBUG Optimizing...
2019-06-25 10:03:58,383 INFO Constructing schedule...
2019-06-25 10:03:58,398 INFO Updating MDL File Schedule...
2019-06-25 10:03:58,648 DEBUG Writing raw results...
2019-06-25 10:03:58,664 INFO Exporting MDL File c:\dev\cp1\output\mdl\.xml
2019-06-25 10:03:58,680 DEBUG Exporting OrientDB Nodes...
2019-06-25 10:03:58,778 DEBUG Exported 100 Nodes
2019-06-25 10:03:58,877 DEBUG Exported 200 Nodes
2019-06-25 10:03:58,955 DEBUG Exported 300 Nodes
2019-06-25 10:03:59,034 DEBUG Exported 400 Nodes
2019-06-25 10:03:59,049 INFO **********Optimization Algorithm: DynamicProgram, Discretization: BandwidthDiscretization, Scheduling Algorithm: Greedy Scheduler*********
2019-06-25 10:03:59,049 INFO Constructing schedule...
2019-06-25 10:03:59,065 INFO Updating MDL File Schedule...
2019-06-25 10:03:59,363 DEBUG Writing raw results...
2019-06-25 10:03:59,363 INFO Exporting MDL File c:\dev\cp1\output\mdl\.xml
2019-06-25 10:03:59,394 DEBUG Exporting OrientDB Nodes...
2019-06-25 10:03:59,488 DEBUG Exported 100 Nodes
2019-06-25 10:03:59,568 DEBUG Exported 200 Nodes
2019-06-25 10:03:59,648 DEBUG Exported 300 Nodes
2019-06-25 10:03:59,726 DEBUG Exported 400 Nodes
2019-06-25 10:03:59,741 INFO **********Optimization Algorithm: DynamicProgram, Discretization: BandwidthDiscretization, Scheduling Algorithm: OS Schedule*********
2019-06-25 10:03:59,741 DEBUG Optimizing...
2019-06-25 10:03:59,741 DEBUG Beginning Greedy Optimization...
2019-06-25 10:03:59,741 DEBUG Greedy Optimization complete in 3.420387483998866e-05 seconds
2019-06-25 10:03:59,741 INFO Constructing schedule...
2019-06-25 10:03:59,757 INFO Updating MDL File Schedule...
2019-06-25 10:04:00,060 DEBUG Writing raw results...
2019-06-25 10:06:43,425 INFO Exporting MDL File c:\dev\cp1\output\mdl\.xml
2019-06-25 10:06:43,441 DEBUG Exporting OrientDB Nodes...
2019-06-25 10:06:43,543 DEBUG Exported 100 Nodes
2019-06-25 10:06:43,637 DEBUG Exported 200 Nodes
2019-06-25 10:06:43,715 DEBUG Exported 300 Nodes
2019-06-25 10:06:43,809 DEBUG Exported 400 Nodes
2019-06-25 10:06:43,824 INFO **********Optimization Algorithm: Greedy, Discretization: BandwidthDiscretization, Scheduling Algorithm: Greedy Scheduler*********
2019-06-25 10:06:43,824 INFO Constructing schedule...
2019-06-25 10:06:43,840 INFO Updating MDL File Schedule...
2019-06-25 10:06:44,100 DEBUG Writing raw results...
2019-06-25 10:06:44,100 INFO Exporting MDL File c:\dev\cp1\output\mdl\.xml
2019-06-25 10:06:44,131 DEBUG Exporting OrientDB Nodes...
2019-06-25 10:06:44,209 DEBUG Exported 100 Nodes
2019-06-25 10:06:44,287 DEBUG Exported 200 Nodes
2019-06-25 10:06:44,374 DEBUG Exported 300 Nodes
2019-06-25 10:06:44,452 DEBUG Exported 400 Nodes
2019-06-25 10:06:44,468 INFO **********Optimization Algorithm: Greedy, Discretization: BandwidthDiscretization, Scheduling Algorithm: OS Schedule*********
2019-06-25 10:06:44,468 DEBUG Optimizing...
2019-06-25 10:06:44,468 DEBUG Beginning CBC Integer Program...
2019-06-25 10:06:44,530 DEBUG CBC Integer Program complete in 0.06269288164472187 seconds
2019-06-25 10:06:44,530 INFO Constructing schedule...
2019-06-25 10:06:44,546 INFO Updating MDL File Schedule...
2019-06-25 10:06:44,790 DEBUG Writing raw results...
2019-06-25 10:06:44,806 INFO Exporting MDL File c:\dev\cp1\output\mdl\.xml
2019-06-25 10:06:44,821 DEBUG Exporting OrientDB Nodes...
2019-06-25 10:48:02,028 DEBUG Creating OrientDB classes for MDL Elements...
2019-06-25 10:48:02,444 DEBUG Created 20 Node Classes
2019-06-25 10:48:02,846 DEBUG Created 40 Node Classes
2019-06-25 10:48:03,317 DEBUG Created 60 Node Classes
2019-06-25 10:48:03,786 DEBUG Created 80 Node Classes
2019-06-25 10:48:03,821 DEBUG Indexing Started...
2019-06-25 10:48:04,032 DEBUG Indexed 100 MDL Elements
2019-06-25 10:48:04,291 DEBUG Indexed 200 MDL Elements
2019-06-25 10:48:04,453 DEBUG Indexed 300 MDL Elements
2019-06-25 10:48:04,683 DEBUG Creating Containment Edges...
2019-06-25 10:48:05,079 DEBUG Created 100 Containment Edges
2019-06-25 10:48:05,499 DEBUG Created 200 Containment Edges
2019-06-25 10:48:05,897 DEBUG Created 300 Containment Edges
2019-06-25 10:48:06,320 DEBUG Creating Reference Edges...
2019-06-25 10:48:06,363 DEBUG Created 10 Reference Edges
2019-06-25 10:48:06,412 DEBUG Created 20 Reference Edges
2019-06-25 10:48:06,456 DEBUG Created 30 Reference Edges
2019-06-25 10:48:35,887 DEBUG Creating OrientDB classes for MDL Elements...
2019-06-25 10:48:36,280 DEBUG Created 20 Node Classes
2019-06-25 10:48:36,702 DEBUG Created 40 Node Classes
2019-06-25 10:48:37,112 DEBUG Created 60 Node Classes
2019-06-25 10:48:37,538 DEBUG Created 80 Node Classes
2019-06-25 10:48:37,563 DEBUG Indexing Started...
2019-06-25 10:48:37,780 DEBUG Indexed 100 MDL Elements
2019-06-25 10:48:38,060 DEBUG Indexed 200 MDL Elements
2019-06-25 10:48:38,236 DEBUG Indexed 300 MDL Elements
2019-06-25 10:48:38,479 DEBUG Creating Containment Edges...
2019-06-25 10:48:38,884 DEBUG Created 100 Containment Edges
2019-06-25 10:48:39,313 DEBUG Created 200 Containment Edges
2019-06-25 10:48:39,710 DEBUG Created 300 Containment Edges
2019-06-25 10:48:40,128 DEBUG Creating Reference Edges...
2019-06-25 10:48:40,175 DEBUG Created 10 Reference Edges
2019-06-25 10:48:40,226 DEBUG Created 20 Reference Edges
2019-06-25 10:48:40,270 DEBUG Created 30 Reference Edges
2019-06-25 10:49:32,058 DEBUG Creating OrientDB classes for MDL Elements...
2019-06-25 10:49:32,450 DEBUG Created 20 Node Classes
2019-06-25 10:49:32,817 DEBUG Created 40 Node Classes
2019-06-25 10:49:33,197 DEBUG Created 60 Node Classes
2019-06-25 10:49:33,570 DEBUG Created 80 Node Classes
2019-06-25 10:49:33,591 DEBUG Indexing Started...
2019-06-25 10:49:33,803 DEBUG Indexed 100 MDL Elements
2019-06-25 10:49:34,067 DEBUG Indexed 200 MDL Elements
2019-06-25 10:49:34,242 DEBUG Indexed 300 MDL Elements
2019-06-25 10:49:34,469 DEBUG Creating Containment Edges...
2019-06-25 10:49:34,861 DEBUG Created 100 Containment Edges
2019-06-25 10:49:35,274 DEBUG Created 200 Containment Edges
2019-06-25 10:49:35,679 DEBUG Created 300 Containment Edges
2019-06-25 10:49:36,094 DEBUG Creating Reference Edges...
2019-06-25 10:49:36,138 DEBUG Created 10 Reference Edges
2019-06-25 10:49:36,184 DEBUG Created 20 Reference Edges
2019-06-25 10:49:36,235 DEBUG Created 30 Reference Edges
2019-06-25 10:50:07,903 DEBUG Creating OrientDB classes for MDL Elements...
2019-06-25 10:50:08,282 DEBUG Created 20 Node Classes
2019-06-25 10:50:08,645 DEBUG Created 40 Node Classes
2019-06-25 10:50:09,090 DEBUG Created 60 Node Classes
2019-06-25 10:50:09,536 DEBUG Created 80 Node Classes
2019-06-25 10:50:09,556 DEBUG Indexing Started...
2019-06-25 10:50:09,758 DEBUG Indexed 100 MDL Elements
2019-06-25 10:50:10,006 DEBUG Indexed 200 MDL Elements
2019-06-25 10:50:10,176 DEBUG Indexed 300 MDL Elements
2019-06-25 10:50:10,411 DEBUG Creating Containment Edges...
2019-06-25 10:50:10,824 DEBUG Created 100 Containment Edges
2019-06-25 10:50:11,234 DEBUG Created 200 Containment Edges
2019-06-25 10:50:11,643 DEBUG Created 300 Containment Edges
2019-06-25 10:50:12,074 DEBUG Creating Reference Edges...
2019-06-25 10:50:12,119 DEBUG Created 10 Reference Edges
2019-06-25 10:50:12,168 DEBUG Created 20 Reference Edges
2019-06-25 10:50:12,216 DEBUG Created 30 Reference Edges
2019-06-25 10:51:19,399 DEBUG Creating OrientDB classes for MDL Elements...
2019-06-25 10:51:19,791 DEBUG Created 20 Node Classes
2019-06-25 10:51:20,183 DEBUG Created 40 Node Classes
2019-06-25 10:51:20,565 DEBUG Created 60 Node Classes
2019-06-25 10:51:20,982 DEBUG Created 80 Node Classes
2019-06-25 10:51:20,999 DEBUG Indexing Started...
2019-06-25 10:51:21,211 DEBUG Indexed 100 MDL Elements
2019-06-25 10:51:21,483 DEBUG Indexed 200 MDL Elements
2019-06-25 10:51:21,691 DEBUG Indexed 300 MDL Elements
2019-06-25 10:51:21,942 DEBUG Creating Containment Edges...
2019-06-25 10:51:22,366 DEBUG Created 100 Containment Edges
2019-06-25 10:51:22,791 DEBUG Created 200 Containment Edges
2019-06-25 10:51:23,201 DEBUG Created 300 Containment Edges
2019-06-25 10:51:23,750 DEBUG Creating Reference Edges...
2019-06-25 10:51:23,810 DEBUG Created 10 Reference Edges
2019-06-25 10:51:23,863 DEBUG Created 20 Reference Edges
2019-06-25 10:51:23,913 DEBUG Created 30 Reference Edges
2019-06-25 10:52:15,862 DEBUG Creating OrientDB classes for MDL Elements...
2019-06-25 10:52:16,231 DEBUG Created 20 Node Classes
2019-06-25 10:52:16,595 DEBUG Created 40 Node Classes
2019-06-25 10:52:16,954 DEBUG Created 60 Node Classes
2019-06-25 10:52:17,378 DEBUG Created 80 Node Classes
2019-06-25 10:52:17,405 DEBUG Indexing Started...
2019-06-25 10:52:17,602 DEBUG Indexed 100 MDL Elements
2019-06-25 10:52:17,856 DEBUG Indexed 200 MDL Elements
2019-06-25 10:52:18,027 DEBUG Indexed 300 MDL Elements
2019-06-25 10:52:18,261 DEBUG Creating Containment Edges...
2019-06-25 10:52:18,705 DEBUG Created 100 Containment Edges
2019-06-25 10:52:19,177 DEBUG Created 200 Containment Edges
2019-06-25 10:52:19,597 DEBUG Created 300 Containment Edges
2019-06-25 10:52:20,046 DEBUG Creating Reference Edges...
2019-06-25 10:52:20,097 DEBUG Created 10 Reference Edges
2019-06-25 10:52:20,147 DEBUG Created 20 Reference Edges
2019-06-25 10:52:20,199 DEBUG Created 30 Reference Edges
2019-06-25 10:53:00,380 DEBUG Creating OrientDB classes for MDL Elements...
2019-06-25 10:53:00,725 DEBUG Created 20 Node Classes
2019-06-25 10:53:01,116 DEBUG Created 40 Node Classes
2019-06-25 10:53:01,521 DEBUG Created 60 Node Classes
2019-06-25 10:53:01,941 DEBUG Created 80 Node Classes
2019-06-25 10:53:01,960 DEBUG Indexing Started...
2019-06-25 10:53:02,159 DEBUG Indexed 100 MDL Elements
2019-06-25 10:53:02,405 DEBUG Indexed 200 MDL Elements
2019-06-25 10:53:02,578 DEBUG Indexed 300 MDL Elements
2019-06-25 10:53:02,823 DEBUG Creating Containment Edges...
2019-06-25 10:53:03,240 DEBUG Created 100 Containment Edges
2019-06-25 10:53:03,650 DEBUG Created 200 Containment Edges
2019-06-25 10:53:04,081 DEBUG Created 300 Containment Edges
2019-06-25 10:53:04,520 DEBUG Creating Reference Edges...
2019-06-25 10:53:04,569 DEBUG Created 10 Reference Edges
2019-06-25 10:53:04,616 DEBUG Created 20 Reference Edges
2019-06-25 10:53:04,659 DEBUG Created 30 Reference Edges
2019-06-25 10:53:05,044 DEBUG Exporting OrientDB Nodes...
2019-06-25 10:53:05,141 DEBUG Exported 100 Nodes
2019-06-25 10:53:05,222 DEBUG Exported 200 Nodes
2019-06-25 10:53:05,312 DEBUG Exported 300 Nodes
2019-06-25 10:53:05,412 DEBUG Exported 400 Nodes
2019-06-25 11:03:49,565 DEBUG Creating OrientDB classes for MDL Elements...
2019-06-25 11:03:49,929 DEBUG Created 20 Node Classes
2019-06-25 11:03:50,286 DEBUG Created 40 Node Classes
2019-06-25 11:03:50,701 DEBUG Created 60 Node Classes
2019-06-25 11:03:51,050 DEBUG Created 80 Node Classes
2019-06-25 11:03:51,068 DEBUG Indexing Started...
2019-06-25 11:03:51,279 DEBUG Indexed 100 MDL Elements
2019-06-25 11:03:51,560 DEBUG Indexed 200 MDL Elements
2019-06-25 11:03:51,755 DEBUG Indexed 300 MDL Elements
2019-06-25 11:03:52,059 DEBUG Creating Containment Edges...
2019-06-25 11:03:52,486 DEBUG Created 100 Containment Edges
2019-06-25 11:03:52,901 DEBUG Created 200 Containment Edges
2019-06-25 11:03:53,342 DEBUG Created 300 Containment Edges
2019-06-25 11:03:53,947 DEBUG Creating Reference Edges...
2019-06-25 11:03:53,992 DEBUG Created 10 Reference Edges
2019-06-25 11:03:54,044 DEBUG Created 20 Reference Edges
2019-06-25 11:03:54,092 DEBUG Created 30 Reference Edges
2019-06-25 11:03:54,467 DEBUG Exporting OrientDB Nodes...
2019-06-25 11:03:54,561 DEBUG Exported 100 Nodes
2019-06-25 11:03:54,656 DEBUG Exported 200 Nodes
2019-06-25 11:03:54,738 DEBUG Exported 300 Nodes
2019-06-25 11:03:54,835 DEBUG Exported 400 Nodes
2019-06-25 11:04:00,448 DEBUG Creating OrientDB classes for MDL Elements...
2019-06-25 11:04:00,915 DEBUG Created 20 Node Classes
2019-06-25 11:04:01,336 DEBUG Created 40 Node Classes
2019-06-25 11:04:02,007 DEBUG Created 60 Node Classes
2019-06-25 11:04:02,458 DEBUG Created 80 Node Classes
2019-06-25 11:04:02,479 DEBUG Indexing Started...
2019-06-25 11:04:02,678 DEBUG Indexed 100 MDL Elements
2019-06-25 11:04:02,935 DEBUG Indexed 200 MDL Elements
2019-06-25 11:04:03,130 DEBUG Indexed 300 MDL Elements
2019-06-25 11:04:03,356 DEBUG Creating Containment Edges...
2019-06-25 11:04:03,744 DEBUG Created 100 Containment Edges
2019-06-25 11:04:04,141 DEBUG Created 200 Containment Edges
2019-06-25 11:04:04,529 DEBUG Created 300 Containment Edges
2019-06-25 11:04:04,948 DEBUG Creating Reference Edges...
2019-06-25 11:04:04,991 DEBUG Created 10 Reference Edges
2019-06-25 11:04:05,042 DEBUG Created 20 Reference Edges
2019-06-25 11:04:05,093 DEBUG Created 30 Reference Edges
2019-06-25 11:04:05,475 DEBUG Exporting OrientDB Nodes...
2019-06-25 11:04:05,572 DEBUG Exported 100 Nodes
2019-06-25 11:04:05,663 DEBUG Exported 200 Nodes
2019-06-25 11:04:05,744 DEBUG Exported 300 Nodes
2019-06-25 11:04:05,809 DEBUG Exported 400 Nodes
2019-06-25 11:06:36,167 DEBUG Creating OrientDB classes for MDL Elements...
2019-06-25 11:06:36,515 DEBUG Created 20 Node Classes
2019-06-25 11:06:36,966 DEBUG Created 40 Node Classes
2019-06-25 11:06:37,366 DEBUG Created 60 Node Classes
2019-06-25 11:06:37,800 DEBUG Created 80 Node Classes
2019-06-25 11:06:37,821 DEBUG Indexing Started...
2019-06-25 11:06:38,015 DEBUG Indexed 100 MDL Elements
2019-06-25 11:06:38,272 DEBUG Indexed 200 MDL Elements
2019-06-25 11:06:38,435 DEBUG Indexed 300 MDL Elements
2019-06-25 11:06:38,674 DEBUG Creating Containment Edges...
2019-06-25 11:06:39,065 DEBUG Created 100 Containment Edges
2019-06-25 11:06:39,443 DEBUG Created 200 Containment Edges
2019-06-25 11:06:39,831 DEBUG Created 300 Containment Edges
2019-06-25 11:06:40,244 DEBUG Creating Reference Edges...
2019-06-25 11:06:40,289 DEBUG Created 10 Reference Edges
2019-06-25 11:06:40,333 DEBUG Created 20 Reference Edges
2019-06-25 11:06:40,376 DEBUG Created 30 Reference Edges
2019-06-25 11:06:40,767 DEBUG Exporting OrientDB Nodes...
2019-06-25 11:06:40,861 DEBUG Exported 100 Nodes
2019-06-25 11:06:40,958 DEBUG Exported 200 Nodes
2019-06-25 11:06:41,041 DEBUG Exported 300 Nodes
2019-06-25 11:06:41,113 DEBUG Exported 400 Nodes
2019-06-25 11:08:44,565 DEBUG Creating OrientDB classes for MDL Elements...
2019-06-25 11:08:44,954 DEBUG Created 20 Node Classes
2019-06-25 11:08:45,317 DEBUG Created 40 Node Classes
2019-06-25 11:08:45,743 DEBUG Created 60 Node Classes
2019-06-25 11:08:46,146 DEBUG Created 80 Node Classes
2019-06-25 11:08:46,165 DEBUG Indexing Started...
2019-06-25 11:08:46,375 DEBUG Indexed 100 MDL Elements
2019-06-25 11:08:46,630 DEBUG Indexed 200 MDL Elements
2019-06-25 11:08:46,800 DEBUG Indexed 300 MDL Elements
2019-06-25 11:08:47,026 DEBUG Creating Containment Edges...
2019-06-25 11:08:47,412 DEBUG Created 100 Containment Edges
2019-06-25 11:08:47,810 DEBUG Created 200 Containment Edges
2019-06-25 11:08:48,192 DEBUG Created 300 Containment Edges
2019-06-25 11:08:48,629 DEBUG Creating Reference Edges...
2019-06-25 11:08:48,679 DEBUG Created 10 Reference Edges
2019-06-25 11:08:48,727 DEBUG Created 20 Reference Edges
2019-06-25 11:08:48,774 DEBUG Created 30 Reference Edges
2019-06-25 11:08:49,391 DEBUG Exporting OrientDB Nodes...
2019-06-25 11:08:49,494 DEBUG Exported 100 Nodes
2019-06-25 11:08:49,591 DEBUG Exported 200 Nodes
2019-06-25 11:08:49,670 DEBUG Exported 300 Nodes
2019-06-25 11:08:49,734 DEBUG Exported 400 Nodes
2019-06-25 11:10:22,579 DEBUG Creating OrientDB classes for MDL Elements...
2019-06-25 11:10:22,947 DEBUG Created 20 Node Classes
2019-06-25 11:10:23,392 DEBUG Created 40 Node Classes
2019-06-25 11:10:23,826 DEBUG Created 60 Node Classes
2019-06-25 11:10:24,216 DEBUG Created 80 Node Classes
2019-06-25 11:10:24,236 DEBUG Indexing Started...
2019-06-25 11:10:24,442 DEBUG Indexed 100 MDL Elements
2019-06-25 11:10:24,697 DEBUG Indexed 200 MDL Elements
2019-06-25 11:10:24,858 DEBUG Indexed 300 MDL Elements
2019-06-25 11:10:25,085 DEBUG Creating Containment Edges...
2019-06-25 11:10:25,473 DEBUG Created 100 Containment Edges
2019-06-25 11:10:25,874 DEBUG Created 200 Containment Edges
2019-06-25 11:10:26,261 DEBUG Created 300 Containment Edges
2019-06-25 11:10:26,672 DEBUG Creating Reference Edges...
2019-06-25 11:10:26,718 DEBUG Created 10 Reference Edges
2019-06-25 11:10:26,763 DEBUG Created 20 Reference Edges
2019-06-25 11:10:26,805 DEBUG Created 30 Reference Edges
2019-06-25 11:10:27,201 DEBUG Exporting OrientDB Nodes...
2019-06-25 11:10:27,296 DEBUG Exported 100 Nodes
2019-06-25 11:10:27,386 DEBUG Exported 200 Nodes
2019-06-25 11:10:27,469 DEBUG Exported 300 Nodes
2019-06-25 11:10:27,543 DEBUG Exported 400 Nodes
2019-06-25 11:13:49,165 DEBUG Creating OrientDB classes for MDL Elements...
2019-06-25 11:13:49,548 DEBUG Created 20 Node Classes
2019-06-25 11:13:49,930 DEBUG Created 40 Node Classes
2019-06-25 11:13:50,323 DEBUG Created 60 Node Classes
2019-06-25 11:13:50,697 DEBUG Created 80 Node Classes
2019-06-25 11:13:50,717 DEBUG Indexing Started...
2019-06-25 11:13:50,923 DEBUG Indexed 100 MDL Elements
2019-06-25 11:13:51,177 DEBUG Indexed 200 MDL Elements
2019-06-25 11:13:51,336 DEBUG Indexed 300 MDL Elements
2019-06-25 11:13:51,562 DEBUG Creating Containment Edges...
2019-06-25 11:13:51,957 DEBUG Created 100 Containment Edges
2019-06-25 11:13:52,351 DEBUG Created 200 Containment Edges
2019-06-25 11:13:52,735 DEBUG Created 300 Containment Edges
2019-06-25 11:13:53,155 DEBUG Creating Reference Edges...
2019-06-25 11:13:53,198 DEBUG Created 10 Reference Edges
2019-06-25 11:13:53,245 DEBUG Created 20 Reference Edges
2019-06-25 11:13:53,287 DEBUG Created 30 Reference Edges
2019-06-25 11:13:53,676 DEBUG Exporting OrientDB Nodes...
2019-06-25 11:13:53,776 DEBUG Exported 100 Nodes
2019-06-25 11:13:53,869 DEBUG Exported 200 Nodes
2019-06-25 11:13:53,946 DEBUG Exported 300 Nodes
2019-06-25 11:13:54,035 DEBUG Exported 400 Nodes
2019-06-25 11:16:05,713 DEBUG Creating OrientDB classes for MDL Elements...
2019-06-25 11:16:06,071 DEBUG Created 20 Node Classes
2019-06-25 11:16:06,410 DEBUG Created 40 Node Classes
2019-06-25 11:16:06,913 DEBUG Created 60 Node Classes
2019-06-25 11:16:07,357 DEBUG Created 80 Node Classes
2019-06-25 11:16:07,381 DEBUG Indexing Started...
2019-06-25 11:16:07,582 DEBUG Indexed 100 MDL Elements
2019-06-25 11:16:07,831 DEBUG Indexed 200 MDL Elements
2019-06-25 11:16:08,004 DEBUG Indexed 300 MDL Elements
2019-06-25 11:16:08,236 DEBUG Creating Containment Edges...
2019-06-25 11:16:08,629 DEBUG Created 100 Containment Edges
2019-06-25 11:16:09,025 DEBUG Created 200 Containment Edges
2019-06-25 11:16:09,427 DEBUG Created 300 Containment Edges
2019-06-25 11:16:09,841 DEBUG Creating Reference Edges...
2019-06-25 11:16:09,885 DEBUG Created 10 Reference Edges
2019-06-25 11:16:09,928 DEBUG Created 20 Reference Edges
2019-06-25 11:16:09,972 DEBUG Created 30 Reference Edges
2019-06-25 11:16:10,378 DEBUG Exporting OrientDB Nodes...
2019-06-25 11:16:10,469 DEBUG Exported 100 Nodes
2019-06-25 11:16:10,546 DEBUG Exported 200 Nodes
2019-06-25 11:16:10,627 DEBUG Exported 300 Nodes
2019-06-25 11:16:10,710 DEBUG Exported 400 Nodes
2019-06-25 11:16:25,102 DEBUG Creating OrientDB classes for MDL Elements...
2019-06-25 11:16:25,661 DEBUG Created 20 Node Classes
2019-06-25 11:16:26,133 DEBUG Created 40 Node Classes
2019-06-25 11:16:26,589 DEBUG Created 60 Node Classes
2019-06-25 11:16:27,040 DEBUG Created 80 Node Classes
2019-06-25 11:16:27,066 DEBUG Indexing Started...
2019-06-25 11:16:27,272 DEBUG Indexed 100 MDL Elements
2019-06-25 11:16:27,545 DEBUG Indexed 200 MDL Elements
2019-06-25 11:16:27,707 DEBUG Indexed 300 MDL Elements
2019-06-25 11:16:27,932 DEBUG Creating Containment Edges...
2019-06-25 11:16:28,333 DEBUG Created 100 Containment Edges
2019-06-25 11:16:28,738 DEBUG Created 200 Containment Edges
2019-06-25 11:16:29,141 DEBUG Created 300 Containment Edges
2019-06-25 11:16:29,568 DEBUG Creating Reference Edges...
2019-06-25 11:16:29,618 DEBUG Created 10 Reference Edges
2019-06-25 11:16:29,660 DEBUG Created 20 Reference Edges
2019-06-25 11:16:29,710 DEBUG Created 30 Reference Edges
2019-06-25 11:16:30,102 DEBUG Exporting OrientDB Nodes...
2019-06-25 11:16:30,194 DEBUG Exported 100 Nodes
2019-06-25 11:16:30,273 DEBUG Exported 200 Nodes
2019-06-25 11:16:30,360 DEBUG Exported 300 Nodes
2019-06-25 11:16:30,435 DEBUG Exported 400 Nodes
2019-06-25 11:17:18,239 DEBUG Creating OrientDB classes for MDL Elements...
2019-06-25 11:17:18,617 DEBUG Created 20 Node Classes
2019-06-25 11:17:18,977 DEBUG Created 40 Node Classes
2019-06-25 11:17:19,400 DEBUG Created 60 Node Classes
2019-06-25 11:17:19,897 DEBUG Created 80 Node Classes
2019-06-25 11:17:19,915 DEBUG Indexing Started...
2019-06-25 11:17:20,123 DEBUG Indexed 100 MDL Elements
2019-06-25 11:17:20,372 DEBUG Indexed 200 MDL Elements
2019-06-25 11:17:20,537 DEBUG Indexed 300 MDL Elements
2019-06-25 11:17:20,775 DEBUG Creating Containment Edges...
2019-06-25 11:17:21,185 DEBUG Created 100 Containment Edges
2019-06-25 11:17:21,592 DEBUG Created 200 Containment Edges
2019-06-25 11:17:22,011 DEBUG Created 300 Containment Edges
2019-06-25 11:17:22,429 DEBUG Creating Reference Edges...
2019-06-25 11:17:22,474 DEBUG Created 10 Reference Edges
2019-06-25 11:17:22,522 DEBUG Created 20 Reference Edges
2019-06-25 11:17:22,567 DEBUG Created 30 Reference Edges
2019-06-25 11:17:51,795 DEBUG Creating OrientDB classes for MDL Elements...
2019-06-25 11:17:52,216 DEBUG Created 20 Node Classes
2019-06-25 11:17:52,609 DEBUG Created 40 Node Classes
2019-06-25 11:17:52,997 DEBUG Created 60 Node Classes
2019-06-25 11:17:53,449 DEBUG Created 80 Node Classes
2019-06-25 11:17:53,469 DEBUG Indexing Started...
2019-06-25 11:17:53,679 DEBUG Indexed 100 MDL Elements
2019-06-25 11:17:53,931 DEBUG Indexed 200 MDL Elements
2019-06-25 11:17:54,098 DEBUG Indexed 300 MDL Elements
2019-06-25 11:17:54,333 DEBUG Creating Containment Edges...
2019-06-25 11:17:54,736 DEBUG Created 100 Containment Edges
2019-06-25 11:17:55,126 DEBUG Created 200 Containment Edges
2019-06-25 11:17:55,513 DEBUG Created 300 Containment Edges
2019-06-25 11:17:55,951 DEBUG Creating Reference Edges...
2019-06-25 11:17:55,995 DEBUG Created 10 Reference Edges
2019-06-25 11:17:56,039 DEBUG Created 20 Reference Edges
2019-06-25 11:17:56,085 DEBUG Created 30 Reference Edges
2019-06-25 11:17:56,429 DEBUG Exporting OrientDB Nodes...
2019-06-25 11:17:56,524 DEBUG Exported 100 Nodes
2019-06-25 11:17:56,602 DEBUG Exported 200 Nodes
2019-06-25 11:17:56,677 DEBUG Exported 300 Nodes
2019-06-25 11:17:56,762 DEBUG Exported 400 Nodes
2019-06-25 11:20:20,700 DEBUG Creating OrientDB classes for MDL Elements...
2019-06-25 11:20:21,044 DEBUG Created 20 Node Classes
2019-06-25 11:20:21,466 DEBUG Created 40 Node Classes
2019-06-25 11:20:21,867 DEBUG Created 60 Node Classes
2019-06-25 11:20:22,246 DEBUG Created 80 Node Classes
2019-06-25 11:20:22,263 DEBUG Indexing Started...
2019-06-25 11:20:22,488 DEBUG Indexed 100 MDL Elements
2019-06-25 11:20:22,763 DEBUG Indexed 200 MDL Elements
2019-06-25 11:20:22,945 DEBUG Indexed 300 MDL Elements
2019-06-25 11:20:23,216 DEBUG Creating Containment Edges...
2019-06-25 11:20:23,622 DEBUG Created 100 Containment Edges
2019-06-25 11:20:24,037 DEBUG Created 200 Containment Edges
2019-06-25 11:20:24,444 DEBUG Created 300 Containment Edges
2019-06-25 11:20:24,897 DEBUG Creating Reference Edges...
2019-06-25 11:20:24,952 DEBUG Created 10 Reference Edges
2019-06-25 11:20:25,001 DEBUG Created 20 Reference Edges
2019-06-25 11:20:25,053 DEBUG Created 30 Reference Edges
2019-06-25 11:20:38,575 DEBUG Creating OrientDB classes for MDL Elements...
2019-06-25 11:20:38,978 DEBUG Created 20 Node Classes
2019-06-25 11:20:39,398 DEBUG Created 40 Node Classes
2019-06-25 11:20:39,820 DEBUG Created 60 Node Classes
2019-06-25 11:20:40,289 DEBUG Created 80 Node Classes
2019-06-25 11:20:40,312 DEBUG Indexing Started...
2019-06-25 11:20:40,519 DEBUG Indexed 100 MDL Elements
2019-06-25 11:20:40,775 DEBUG Indexed 200 MDL Elements
2019-06-25 11:20:40,939 DEBUG Indexed 300 MDL Elements
2019-06-25 11:20:41,189 DEBUG Creating Containment Edges...
2019-06-25 11:20:41,615 DEBUG Created 100 Containment Edges
2019-06-25 11:20:42,034 DEBUG Created 200 Containment Edges
2019-06-25 11:20:42,479 DEBUG Created 300 Containment Edges
2019-06-25 11:20:42,943 DEBUG Creating Reference Edges...
2019-06-25 11:20:42,990 DEBUG Created 10 Reference Edges
2019-06-25 11:20:43,037 DEBUG Created 20 Reference Edges
2019-06-25 11:20:43,084 DEBUG Created 30 Reference Edges
2019-06-25 11:26:01,748 DEBUG Creating OrientDB classes for MDL Elements...
2019-06-25 11:26:02,122 DEBUG Created 20 Node Classes
2019-06-25 11:26:02,518 DEBUG Created 40 Node Classes
2019-06-25 11:26:02,963 DEBUG Created 60 Node Classes
2019-06-25 11:26:03,479 DEBUG Created 80 Node Classes
2019-06-25 11:26:03,502 DEBUG Indexing Started...
2019-06-25 11:26:03,703 DEBUG Indexed 100 MDL Elements
2019-06-25 11:26:03,948 DEBUG Indexed 200 MDL Elements
2019-06-25 11:26:04,110 DEBUG Indexed 300 MDL Elements
2019-06-25 11:26:04,350 DEBUG Creating Containment Edges...
2019-06-25 11:26:04,768 DEBUG Created 100 Containment Edges
2019-06-25 11:26:05,180 DEBUG Created 200 Containment Edges
2019-06-25 11:26:05,584 DEBUG Created 300 Containment Edges
2019-06-25 11:26:06,012 DEBUG Creating Reference Edges...
2019-06-25 11:26:06,055 DEBUG Created 10 Reference Edges
2019-06-25 11:26:06,102 DEBUG Created 20 Reference Edges
2019-06-25 11:26:06,151 DEBUG Created 30 Reference Edges
2019-06-25 11:26:25,941 DEBUG Creating OrientDB classes for MDL Elements...
2019-06-25 11:26:26,336 DEBUG Created 20 Node Classes
2019-06-25 11:26:26,721 DEBUG Created 40 Node Classes
2019-06-25 11:26:27,134 DEBUG Created 60 Node Classes
2019-06-25 11:26:27,665 DEBUG Created 80 Node Classes
2019-06-25 11:26:27,689 DEBUG Indexing Started...
2019-06-25 11:26:34,145 DEBUG Creating OrientDB classes for MDL Elements...
2019-06-25 11:26:34,544 DEBUG Created 20 Node Classes
2019-06-25 11:26:35,006 DEBUG Created 40 Node Classes
2019-06-25 11:26:35,395 DEBUG Created 60 Node Classes
2019-06-25 11:26:35,853 DEBUG Created 80 Node Classes
2019-06-25 11:26:35,874 DEBUG Indexing Started...
2019-06-25 11:26:36,071 DEBUG Indexed 100 MDL Elements
2019-06-25 11:26:36,321 DEBUG Indexed 200 MDL Elements
2019-06-25 11:26:36,484 DEBUG Indexed 300 MDL Elements
2019-06-25 11:26:36,719 DEBUG Creating Containment Edges...
2019-06-25 11:26:37,124 DEBUG Created 100 Containment Edges
2019-06-25 11:26:37,551 DEBUG Created 200 Containment Edges
2019-06-25 11:26:37,949 DEBUG Created 300 Containment Edges
2019-06-25 11:26:38,358 DEBUG Creating Reference Edges...
2019-06-25 11:26:38,405 DEBUG Created 10 Reference Edges
2019-06-25 11:26:38,448 DEBUG Created 20 Reference Edges
2019-06-25 11:26:38,492 DEBUG Created 30 Reference Edges
2019-06-25 11:27:16,321 DEBUG Creating OrientDB classes for MDL Elements...
2019-06-25 11:27:16,669 DEBUG Created 20 Node Classes
2019-06-25 11:27:17,124 DEBUG Created 40 Node Classes
2019-06-25 11:27:17,628 DEBUG Created 60 Node Classes
2019-06-25 11:27:18,089 DEBUG Created 80 Node Classes
2019-06-25 11:27:18,111 DEBUG Indexing Started...
2019-06-25 11:27:18,312 DEBUG Indexed 100 MDL Elements
2019-06-25 11:27:18,569 DEBUG Indexed 200 MDL Elements
2019-06-25 11:27:18,730 DEBUG Indexed 300 MDL Elements
2019-06-25 11:27:18,958 DEBUG Creating Containment Edges...
2019-06-25 11:27:19,362 DEBUG Created 100 Containment Edges
2019-06-25 11:27:19,848 DEBUG Created 200 Containment Edges
2019-06-25 11:27:20,293 DEBUG Created 300 Containment Edges
2019-06-25 11:27:20,758 DEBUG Creating Reference Edges...
2019-06-25 11:27:20,801 DEBUG Created 10 Reference Edges
2019-06-25 11:27:20,844 DEBUG Created 20 Reference Edges
2019-06-25 11:27:20,887 DEBUG Created 30 Reference Edges
2019-06-25 11:30:44,239 DEBUG Creating OrientDB classes for MDL Elements...
2019-06-25 11:30:44,622 DEBUG Created 20 Node Classes
2019-06-25 11:30:45,056 DEBUG Created 40 Node Classes
2019-06-25 11:30:45,526 DEBUG Created 60 Node Classes
2019-06-25 11:30:45,944 DEBUG Created 80 Node Classes
2019-06-25 11:30:45,966 DEBUG Indexing Started...
2019-06-25 11:30:46,178 DEBUG Indexed 100 MDL Elements
2019-06-25 11:30:46,457 DEBUG Indexed 200 MDL Elements
2019-06-25 11:30:46,655 DEBUG Indexed 300 MDL Elements
2019-06-25 11:30:46,915 DEBUG Creating Containment Edges...
2019-06-25 11:30:47,314 DEBUG Created 100 Containment Edges
2019-06-25 11:30:47,719 DEBUG Created 200 Containment Edges
2019-06-25 11:30:48,128 DEBUG Created 300 Containment Edges
2019-06-25 11:30:48,576 DEBUG Creating Reference Edges...
2019-06-25 11:30:48,631 DEBUG Created 10 Reference Edges
2019-06-25 11:30:48,676 DEBUG Created 20 Reference Edges
2019-06-25 11:30:48,719 DEBUG Created 30 Reference Edges
2019-06-25 11:31:30,885 DEBUG Creating OrientDB classes for MDL Elements...
2019-06-25 11:31:31,292 DEBUG Created 20 Node Classes
2019-06-25 11:31:31,725 DEBUG Created 40 Node Classes
2019-06-25 11:31:32,212 DEBUG Created 60 Node Classes
2019-06-25 11:31:32,657 DEBUG Created 80 Node Classes
2019-06-25 11:31:32,674 DEBUG Indexing Started...
2019-06-25 11:31:32,905 DEBUG Indexed 100 MDL Elements
2019-06-25 11:31:33,180 DEBUG Indexed 200 MDL Elements
2019-06-25 11:31:33,371 DEBUG Indexed 300 MDL Elements
2019-06-25 11:31:33,627 DEBUG Creating Containment Edges...
2019-06-25 11:31:34,037 DEBUG Created 100 Containment Edges
2019-06-25 11:31:34,438 DEBUG Created 200 Containment Edges
2019-06-25 11:31:34,864 DEBUG Created 300 Containment Edges
2019-06-25 11:31:35,296 DEBUG Creating Reference Edges...
2019-06-25 11:31:35,340 DEBUG Created 10 Reference Edges
2019-06-25 11:31:35,389 DEBUG Created 20 Reference Edges
2019-06-25 11:31:35,434 DEBUG Created 30 Reference Edges
2019-06-25 11:34:30,696 DEBUG Creating OrientDB classes for MDL Elements...
2019-06-25 11:34:31,053 DEBUG Created 20 Node Classes
2019-06-25 11:34:31,518 DEBUG Created 40 Node Classes
2019-06-25 11:34:31,886 DEBUG Created 60 Node Classes
2019-06-25 11:34:32,314 DEBUG Created 80 Node Classes
2019-06-25 11:34:32,340 DEBUG Indexing Started...
2019-06-25 11:34:32,544 DEBUG Indexed 100 MDL Elements
2019-06-25 11:34:32,816 DEBUG Indexed 200 MDL Elements
2019-06-25 11:34:32,995 DEBUG Indexed 300 MDL Elements
2019-06-25 11:34:33,237 DEBUG Creating Containment Edges...
2019-06-25 11:34:33,628 DEBUG Created 100 Containment Edges
2019-06-25 11:34:34,032 DEBUG Created 200 Containment Edges
2019-06-25 11:34:34,421 DEBUG Created 300 Containment Edges
2019-06-25 11:34:34,832 DEBUG Creating Reference Edges...
2019-06-25 11:34:34,875 DEBUG Created 10 Reference Edges
2019-06-25 11:34:34,918 DEBUG Created 20 Reference Edges
2019-06-25 11:34:34,963 DEBUG Created 30 Reference Edges
2019-06-25 14:18:53,543 DEBUG Creating OrientDB classes for MDL Elements...
2019-06-25 14:18:53,955 DEBUG Created 20 Node Classes
2019-06-25 14:18:54,468 DEBUG Created 40 Node Classes
2019-06-25 14:18:55,085 DEBUG Created 60 Node Classes
2019-06-25 14:18:55,648 DEBUG Created 80 Node Classes
2019-06-25 14:18:55,669 DEBUG Indexing Started...
2019-06-25 14:18:55,874 DEBUG Indexed 100 MDL Elements
2019-06-25 14:18:56,119 DEBUG Indexed 200 MDL Elements
2019-06-25 14:18:56,291 DEBUG Indexed 300 MDL Elements
2019-06-25 14:18:56,517 DEBUG Creating Containment Edges...
2019-06-25 14:18:56,909 DEBUG Created 100 Containment Edges
2019-06-25 14:18:57,318 DEBUG Created 200 Containment Edges
2019-06-25 14:18:57,774 DEBUG Created 300 Containment Edges
2019-06-25 14:18:58,184 DEBUG Creating Reference Edges...
2019-06-25 14:18:58,234 DEBUG Created 10 Reference Edges
2019-06-25 14:18:58,290 DEBUG Created 20 Reference Edges
2019-06-25 14:18:58,341 DEBUG Created 30 Reference Edges
2019-06-25 14:22:10,867 DEBUG Creating OrientDB classes for MDL Elements...
2019-06-25 14:22:11,241 DEBUG Created 20 Node Classes
2019-06-25 14:22:11,712 DEBUG Created 40 Node Classes
2019-06-25 14:22:12,081 DEBUG Created 60 Node Classes
2019-06-25 14:22:12,662 DEBUG Created 80 Node Classes
2019-06-25 14:22:12,682 DEBUG Indexing Started...
2019-06-25 14:22:12,910 DEBUG Indexed 100 MDL Elements
2019-06-25 14:22:13,190 DEBUG Indexed 200 MDL Elements
2019-06-25 14:22:13,382 DEBUG Indexed 300 MDL Elements
2019-06-25 14:22:13,657 DEBUG Creating Containment Edges...
2019-06-25 14:22:14,056 DEBUG Created 100 Containment Edges
2019-06-25 14:22:14,501 DEBUG Created 200 Containment Edges
2019-06-25 14:22:14,979 DEBUG Created 300 Containment Edges
2019-06-25 14:22:15,485 DEBUG Creating Reference Edges...
2019-06-25 14:22:15,536 DEBUG Created 10 Reference Edges
2019-06-25 14:22:15,587 DEBUG Created 20 Reference Edges
2019-06-25 14:22:15,656 DEBUG Created 30 Reference Edges
2019-06-25 14:22:22,547 DEBUG Creating OrientDB classes for MDL Elements...
2019-06-25 14:22:23,041 DEBUG Created 20 Node Classes
2019-06-25 14:22:23,503 DEBUG Created 40 Node Classes
2019-06-25 14:22:23,908 DEBUG Created 60 Node Classes
2019-06-25 14:22:24,407 DEBUG Created 80 Node Classes
2019-06-25 14:22:24,428 DEBUG Indexing Started...
2019-06-25 14:22:24,624 DEBUG Indexed 100 MDL Elements
2019-06-25 14:22:24,879 DEBUG Indexed 200 MDL Elements
2019-06-25 14:22:25,042 DEBUG Indexed 300 MDL Elements
2019-06-25 14:22:25,293 DEBUG Creating Containment Edges...
2019-06-25 14:22:25,683 DEBUG Created 100 Containment Edges
2019-06-25 14:22:26,141 DEBUG Created 200 Containment Edges
2019-06-25 14:22:26,571 DEBUG Created 300 Containment Edges
2019-06-25 14:22:26,978 DEBUG Creating Reference Edges...
2019-06-25 14:22:27,029 DEBUG Created 10 Reference Edges
2019-06-25 14:22:27,080 DEBUG Created 20 Reference Edges
2019-06-25 14:22:27,124 DEBUG Created 30 Reference Edges
2019-06-25 14:57:46,644 DEBUG Creating OrientDB classes for MDL Elements...
2019-06-25 14:57:46,993 DEBUG Created 20 Node Classes
2019-06-25 14:57:47,711 DEBUG Created 40 Node Classes
2019-06-25 14:57:48,208 DEBUG Created 60 Node Classes
2019-06-25 14:57:48,648 DEBUG Created 80 Node Classes
2019-06-25 14:57:48,668 DEBUG Indexing Started...
2019-06-25 14:57:48,871 DEBUG Indexed 100 MDL Elements
2019-06-25 14:57:49,109 DEBUG Indexed 200 MDL Elements
2019-06-25 14:57:49,273 DEBUG Indexed 300 MDL Elements
2019-06-25 14:57:49,514 DEBUG Creating Containment Edges...
2019-06-25 14:57:49,886 DEBUG Created 100 Containment Edges
2019-06-25 14:57:50,267 DEBUG Created 200 Containment Edges
2019-06-25 14:57:50,637 DEBUG Created 300 Containment Edges
2019-06-25 14:57:51,032 DEBUG Creating Reference Edges...
2019-06-25 14:57:51,076 DEBUG Created 10 Reference Edges
2019-06-25 14:57:51,118 DEBUG Created 20 Reference Edges
2019-06-25 14:57:51,163 DEBUG Created 30 Reference Edges
2019-06-25 14:58:36,801 DEBUG Creating OrientDB classes for MDL Elements...
2019-06-25 14:58:37,144 DEBUG Created 20 Node Classes
2019-06-25 14:58:37,693 DEBUG Created 40 Node Classes
2019-06-25 14:58:38,280 DEBUG Created 60 Node Classes
2019-06-25 14:58:38,694 DEBUG Created 80 Node Classes
2019-06-25 14:58:38,751 DEBUG Indexing Started...
2019-06-25 14:58:38,967 DEBUG Indexed 100 MDL Elements
2019-06-25 14:58:39,224 DEBUG Indexed 200 MDL Elements
2019-06-25 14:58:39,415 DEBUG Indexed 300 MDL Elements
2019-06-25 14:58:39,663 DEBUG Creating Containment Edges...
2019-06-25 14:58:40,073 DEBUG Created 100 Containment Edges
2019-06-25 14:58:40,564 DEBUG Created 200 Containment Edges
2019-06-25 14:58:41,018 DEBUG Created 300 Containment Edges
2019-06-25 14:58:41,475 DEBUG Creating Reference Edges...
2019-06-25 14:58:41,524 DEBUG Created 10 Reference Edges
2019-06-25 14:58:41,570 DEBUG Created 20 Reference Edges
2019-06-25 14:58:41,617 DEBUG Created 30 Reference Edges
2019-06-25 15:29:31,903 DEBUG Creating OrientDB classes for MDL Elements...
2019-06-25 15:29:32,251 DEBUG Created 20 Node Classes
2019-06-25 15:29:32,661 DEBUG Created 40 Node Classes
2019-06-25 15:29:33,118 DEBUG Created 60 Node Classes
2019-06-25 15:29:33,637 DEBUG Created 80 Node Classes
2019-06-25 15:29:33,656 DEBUG Indexing Started...
2019-06-25 15:29:33,898 DEBUG Indexed 100 MDL Elements
2019-06-25 15:29:34,157 DEBUG Indexed 200 MDL Elements
2019-06-25 15:29:34,340 DEBUG Indexed 300 MDL Elements
2019-06-25 15:29:34,591 DEBUG Creating Containment Edges...
2019-06-25 15:29:34,984 DEBUG Created 100 Containment Edges
2019-06-25 15:29:35,455 DEBUG Created 200 Containment Edges
2019-06-25 15:29:35,847 DEBUG Created 300 Containment Edges
2019-06-25 15:29:36,258 DEBUG Creating Reference Edges...
2019-06-25 15:29:36,304 DEBUG Created 10 Reference Edges
2019-06-25 15:29:36,347 DEBUG Created 20 Reference Edges
2019-06-25 15:29:36,416 DEBUG Created 30 Reference Edges
2019-06-25 15:31:05,180 DEBUG Creating OrientDB classes for MDL Elements...
2019-06-25 15:31:05,525 DEBUG Created 20 Node Classes
2019-06-25 15:31:06,249 DEBUG Created 40 Node Classes
2019-06-25 15:31:06,647 DEBUG Created 60 Node Classes
2019-06-25 15:31:07,124 DEBUG Created 80 Node Classes
2019-06-25 15:31:07,148 DEBUG Indexing Started...
2019-06-25 15:31:07,346 DEBUG Indexed 100 MDL Elements
2019-06-25 15:31:07,585 DEBUG Indexed 200 MDL Elements
2019-06-25 15:31:07,779 DEBUG Indexed 300 MDL Elements
2019-06-25 15:31:08,028 DEBUG Creating Containment Edges...
2019-06-25 15:31:08,398 DEBUG Created 100 Containment Edges
2019-06-25 15:31:08,795 DEBUG Created 200 Containment Edges
2019-06-25 15:31:09,202 DEBUG Created 300 Containment Edges
2019-06-25 15:31:09,640 DEBUG Creating Reference Edges...
2019-06-25 15:31:09,687 DEBUG Created 10 Reference Edges
2019-06-25 15:31:09,732 DEBUG Created 20 Reference Edges
2019-06-25 15:31:09,776 DEBUG Created 30 Reference Edges
2019-06-25 15:32:13,537 DEBUG Creating OrientDB classes for MDL Elements...
2019-06-25 15:32:14,019 DEBUG Created 20 Node Classes
2019-06-25 15:32:14,442 DEBUG Created 40 Node Classes
2019-06-25 15:32:14,957 DEBUG Created 60 Node Classes
2019-06-25 15:32:15,520 DEBUG Created 80 Node Classes
2019-06-25 15:32:15,539 DEBUG Indexing Started...
2019-06-25 15:32:15,735 DEBUG Indexed 100 MDL Elements
2019-06-25 15:32:15,979 DEBUG Indexed 200 MDL Elements
2019-06-25 15:32:16,146 DEBUG Indexed 300 MDL Elements
2019-06-25 15:32:16,415 DEBUG Creating Containment Edges...
2019-06-25 15:32:16,819 DEBUG Created 100 Containment Edges
2019-06-25 15:32:17,232 DEBUG Created 200 Containment Edges
2019-06-25 15:32:17,650 DEBUG Created 300 Containment Edges
2019-06-25 15:32:18,075 DEBUG Creating Reference Edges...
2019-06-25 15:32:18,127 DEBUG Created 10 Reference Edges
2019-06-25 15:32:18,173 DEBUG Created 20 Reference Edges
2019-06-25 15:32:18,217 DEBUG Created 30 Reference Edges
2019-06-25 15:32:18,688 DEBUG Exporting OrientDB Nodes...
2019-06-25 15:32:18,771 DEBUG Exported 100 Nodes
2019-06-25 15:32:18,860 DEBUG Exported 200 Nodes
2019-06-25 15:32:18,945 DEBUG Exported 300 Nodes
2019-06-25 15:32:19,031 DEBUG Exported 400 Nodes
2019-06-25 15:34:56,555 DEBUG Creating OrientDB classes for MDL Elements...
2019-06-25 15:34:56,932 DEBUG Created 20 Node Classes
2019-06-25 15:34:57,379 DEBUG Created 40 Node Classes
2019-06-25 15:34:57,770 DEBUG Created 60 Node Classes
2019-06-25 15:34:58,310 DEBUG Created 80 Node Classes
2019-06-25 15:34:58,328 DEBUG Indexing Started...
2019-06-25 15:34:58,538 DEBUG Indexed 100 MDL Elements
2019-06-25 15:34:58,781 DEBUG Indexed 200 MDL Elements
2019-06-25 15:34:58,949 DEBUG Indexed 300 MDL Elements
2019-06-25 15:34:59,188 DEBUG Creating Containment Edges...
2019-06-25 15:34:59,586 DEBUG Created 100 Containment Edges
2019-06-25 15:34:59,975 DEBUG Created 200 Containment Edges
2019-06-25 15:35:00,410 DEBUG Created 300 Containment Edges
2019-06-25 15:35:00,803 DEBUG Creating Reference Edges...
2019-06-25 15:35:00,846 DEBUG Created 10 Reference Edges
2019-06-25 15:35:00,889 DEBUG Created 20 Reference Edges
2019-06-25 15:35:00,932 DEBUG Created 30 Reference Edges
2019-06-25 15:35:01,311 DEBUG Exporting OrientDB Nodes...
2019-06-25 15:35:01,401 DEBUG Exported 100 Nodes
2019-06-25 15:35:01,486 DEBUG Exported 200 Nodes
2019-06-25 15:35:01,568 DEBUG Exported 300 Nodes
2019-06-25 15:35:01,656 DEBUG Exported 400 Nodes
2019-06-25 15:37:07,579 DEBUG Creating OrientDB classes for MDL Elements...
2019-06-25 15:37:08,231 DEBUG Created 20 Node Classes
2019-06-25 15:37:08,813 DEBUG Created 40 Node Classes
2019-06-25 15:37:09,305 DEBUG Created 60 Node Classes
2019-06-25 15:37:09,813 DEBUG Created 80 Node Classes
2019-06-25 15:37:09,833 DEBUG Indexing Started...
2019-06-25 15:37:10,028 DEBUG Indexed 100 MDL Elements
2019-06-25 15:37:10,275 DEBUG Indexed 200 MDL Elements
2019-06-25 15:37:10,436 DEBUG Indexed 300 MDL Elements
2019-06-25 15:37:10,676 DEBUG Creating Containment Edges...
2019-06-25 15:37:11,067 DEBUG Created 100 Containment Edges
2019-06-25 15:37:11,450 DEBUG Created 200 Containment Edges
2019-06-25 15:37:11,833 DEBUG Created 300 Containment Edges
2019-06-25 15:37:12,245 DEBUG Creating Reference Edges...
2019-06-25 15:37:12,287 DEBUG Created 10 Reference Edges
2019-06-25 15:37:12,330 DEBUG Created 20 Reference Edges
2019-06-25 15:37:12,373 DEBUG Created 30 Reference Edges
2019-06-25 15:37:13,247 DEBUG Exporting OrientDB Nodes...
2019-06-25 15:37:13,322 DEBUG Exported 100 Nodes
2019-06-25 15:37:13,418 DEBUG Exported 200 Nodes
2019-06-25 15:37:13,498 DEBUG Exported 300 Nodes
2019-06-25 15:37:13,575 DEBUG Exported 400 Nodes
2019-06-25 15:38:46,024 DEBUG Creating OrientDB classes for MDL Elements...
2019-06-25 15:38:46,514 DEBUG Created 20 Node Classes
2019-06-25 15:38:46,874 DEBUG Created 40 Node Classes
2019-06-25 15:38:47,466 DEBUG Created 60 Node Classes
2019-06-25 15:38:47,938 DEBUG Created 80 Node Classes
2019-06-25 15:38:47,957 DEBUG Indexing Started...
2019-06-25 15:38:48,160 DEBUG Indexed 100 MDL Elements
2019-06-25 15:38:48,416 DEBUG Indexed 200 MDL Elements
2019-06-25 15:38:48,581 DEBUG Indexed 300 MDL Elements
2019-06-25 15:38:48,818 DEBUG Creating Containment Edges...
2019-06-25 15:38:49,209 DEBUG Created 100 Containment Edges
2019-06-25 15:38:49,640 DEBUG Created 200 Containment Edges
2019-06-25 15:38:50,018 DEBUG Created 300 Containment Edges
2019-06-25 15:38:50,419 DEBUG Creating Reference Edges...
2019-06-25 15:38:50,464 DEBUG Created 10 Reference Edges
2019-06-25 15:38:50,521 DEBUG Created 20 Reference Edges
2019-06-25 15:38:50,566 DEBUG Created 30 Reference Edges
2019-06-25 15:38:51,396 DEBUG Exporting OrientDB Nodes...
2019-06-25 15:38:51,476 DEBUG Exported 100 Nodes
2019-06-25 15:38:51,572 DEBUG Exported 200 Nodes
2019-06-25 15:38:51,684 DEBUG Exported 300 Nodes
2019-06-25 15:38:51,791 DEBUG Exported 400 Nodes
2019-06-25 15:42:39,380 DEBUG Creating OrientDB classes for MDL Elements...
2019-06-25 15:42:39,826 DEBUG Created 20 Node Classes
2019-06-25 15:42:40,233 DEBUG Created 40 Node Classes
2019-06-25 15:42:40,699 DEBUG Created 60 Node Classes
2019-06-25 15:42:41,094 DEBUG Created 80 Node Classes
2019-06-25 15:42:41,113 DEBUG Indexing Started...
2019-06-25 15:42:41,321 DEBUG Indexed 100 MDL Elements
2019-06-25 15:42:41,631 DEBUG Indexed 200 MDL Elements
2019-06-25 15:42:41,841 DEBUG Indexed 300 MDL Elements
2019-06-25 15:42:42,230 DEBUG Creating Containment Edges...
2019-06-25 15:42:42,649 DEBUG Created 100 Containment Edges
2019-06-25 15:42:43,021 DEBUG Created 200 Containment Edges
2019-06-25 15:42:43,408 DEBUG Created 300 Containment Edges
2019-06-25 15:42:43,832 DEBUG Creating Reference Edges...
2019-06-25 15:42:43,873 DEBUG Created 10 Reference Edges
2019-06-25 15:42:43,919 DEBUG Created 20 Reference Edges
2019-06-25 15:42:43,961 DEBUG Created 30 Reference Edges
2019-06-25 15:42:44,587 DEBUG Exporting OrientDB Nodes...
2019-06-25 15:42:44,667 DEBUG Exported 100 Nodes
2019-06-25 15:42:44,770 DEBUG Exported 200 Nodes
2019-06-25 15:42:44,854 DEBUG Exported 300 Nodes
2019-06-25 15:42:44,930 DEBUG Exported 400 Nodes
2019-06-25 15:44:03,810 DEBUG Creating OrientDB classes for MDL Elements...
2019-06-25 15:44:04,195 DEBUG Created 20 Node Classes
2019-06-25 15:44:04,656 DEBUG Created 40 Node Classes
2019-06-25 15:44:05,106 DEBUG Created 60 Node Classes
2019-06-25 15:44:05,670 DEBUG Created 80 Node Classes
2019-06-25 15:44:05,691 DEBUG Indexing Started...
2019-06-25 15:44:05,927 DEBUG Indexed 100 MDL Elements
2019-06-25 15:44:06,192 DEBUG Indexed 200 MDL Elements
2019-06-25 15:44:06,370 DEBUG Indexed 300 MDL Elements
2019-06-25 15:44:06,610 DEBUG Creating Containment Edges...
2019-06-25 15:44:06,992 DEBUG Created 100 Containment Edges
2019-06-25 15:44:07,364 DEBUG Created 200 Containment Edges
2019-06-25 15:44:07,745 DEBUG Created 300 Containment Edges
2019-06-25 15:44:08,167 DEBUG Creating Reference Edges...
2019-06-25 15:44:08,214 DEBUG Created 10 Reference Edges
2019-06-25 15:44:08,256 DEBUG Created 20 Reference Edges
2019-06-25 15:44:08,299 DEBUG Created 30 Reference Edges
2019-06-25 15:44:08,652 DEBUG Exporting OrientDB Nodes...
2019-06-25 15:44:08,740 DEBUG Exported 100 Nodes
2019-06-25 15:44:08,816 DEBUG Exported 200 Nodes
2019-06-25 15:44:08,893 DEBUG Exported 300 Nodes
2019-06-25 15:44:08,976 DEBUG Exported 400 Nodes
2019-06-25 15:49:05,783 DEBUG Creating OrientDB classes for MDL Elements...
2019-06-25 15:49:06,282 DEBUG Created 20 Node Classes
2019-06-25 15:49:06,870 DEBUG Created 40 Node Classes
2019-06-25 15:49:07,350 DEBUG Created 60 Node Classes
2019-06-25 15:49:07,760 DEBUG Created 80 Node Classes
2019-06-25 15:49:07,780 DEBUG Indexing Started...
2019-06-25 15:49:07,988 DEBUG Indexed 100 MDL Elements
2019-06-25 15:49:08,244 DEBUG Indexed 200 MDL Elements
2019-06-25 15:49:08,405 DEBUG Indexed 300 MDL Elements
2019-06-25 15:49:08,637 DEBUG Creating Containment Edges...
2019-06-25 15:49:09,175 DEBUG Created 100 Containment Edges
2019-06-25 15:49:09,643 DEBUG Created 200 Containment Edges
2019-06-25 15:49:10,084 DEBUG Created 300 Containment Edges
2019-06-25 15:49:10,571 DEBUG Creating Reference Edges...
2019-06-25 15:49:10,628 DEBUG Created 10 Reference Edges
2019-06-25 15:49:10,682 DEBUG Created 20 Reference Edges
2019-06-25 15:49:10,729 DEBUG Created 30 Reference Edges
2019-06-25 15:49:11,128 DEBUG Exporting OrientDB Nodes...
2019-06-25 15:49:11,236 DEBUG Exported 100 Nodes
2019-06-25 15:49:11,316 DEBUG Exported 200 Nodes
2019-06-25 15:49:11,399 DEBUG Exported 300 Nodes
2019-06-25 15:49:11,482 DEBUG Exported 400 Nodes
2019-06-25 15:50:36,607 DEBUG Creating OrientDB classes for MDL Elements...
2019-06-25 15:50:37,046 DEBUG Created 20 Node Classes
2019-06-25 15:50:37,534 DEBUG Created 40 Node Classes
2019-06-25 15:50:37,914 DEBUG Created 60 Node Classes
2019-06-25 15:50:38,415 DEBUG Created 80 Node Classes
2019-06-25 15:50:38,435 DEBUG Indexing Started...
2019-06-25 15:50:38,645 DEBUG Indexed 100 MDL Elements
2019-06-25 15:50:38,899 DEBUG Indexed 200 MDL Elements
2019-06-25 15:50:39,079 DEBUG Indexed 300 MDL Elements
2019-06-25 15:50:39,305 DEBUG Creating Containment Edges...
2019-06-25 15:50:39,750 DEBUG Created 100 Containment Edges
2019-06-25 15:50:40,150 DEBUG Created 200 Containment Edges
2019-06-25 15:50:40,549 DEBUG Created 300 Containment Edges
2019-06-25 15:50:40,979 DEBUG Creating Reference Edges...
2019-06-25 15:50:41,026 DEBUG Created 10 Reference Edges
2019-06-25 15:50:41,070 DEBUG Created 20 Reference Edges
2019-06-25 15:50:41,117 DEBUG Created 30 Reference Edges
2019-06-25 15:50:41,872 DEBUG Exporting OrientDB Nodes...
2019-06-25 15:50:41,995 DEBUG Exported 100 Nodes
2019-06-25 15:50:42,100 DEBUG Exported 200 Nodes
2019-06-25 15:50:42,183 DEBUG Exported 300 Nodes
2019-06-25 15:50:42,272 DEBUG Exported 400 Nodes
2019-06-25 15:53:59,573 DEBUG Creating OrientDB classes for MDL Elements...
2019-06-25 15:54:00,123 DEBUG Created 20 Node Classes
2019-06-25 15:54:00,482 DEBUG Created 40 Node Classes
2019-06-25 15:54:00,912 DEBUG Created 60 Node Classes
2019-06-25 15:54:01,284 DEBUG Created 80 Node Classes
2019-06-25 15:54:01,309 DEBUG Indexing Started...
2019-06-25 15:54:01,531 DEBUG Indexed 100 MDL Elements
2019-06-25 15:54:01,815 DEBUG Indexed 200 MDL Elements
2019-06-25 15:54:02,018 DEBUG Indexed 300 MDL Elements
2019-06-25 15:54:02,263 DEBUG Creating Containment Edges...
2019-06-25 15:54:02,698 DEBUG Created 100 Containment Edges
2019-06-25 15:54:03,110 DEBUG Created 200 Containment Edges
2019-06-25 15:54:03,504 DEBUG Created 300 Containment Edges
2019-06-25 15:54:03,952 DEBUG Creating Reference Edges...
2019-06-25 15:54:04,006 DEBUG Created 10 Reference Edges
2019-06-25 15:54:04,058 DEBUG Created 20 Reference Edges
2019-06-25 15:54:04,102 DEBUG Created 30 Reference Edges
2019-06-25 15:54:04,792 DEBUG Exporting OrientDB Nodes...
2019-06-25 15:54:04,873 DEBUG Exported 100 Nodes
2019-06-25 15:54:04,981 DEBUG Exported 200 Nodes
2019-06-25 15:54:05,077 DEBUG Exported 300 Nodes
2019-06-25 15:54:05,164 DEBUG Exported 400 Nodes
2019-06-25 15:54:36,301 DEBUG Creating OrientDB classes for MDL Elements...
2019-06-25 15:54:36,809 DEBUG Created 20 Node Classes
2019-06-25 15:54:37,252 DEBUG Created 40 Node Classes
2019-06-25 15:54:37,750 DEBUG Created 60 Node Classes
2019-06-25 15:54:38,214 DEBUG Created 80 Node Classes
2019-06-25 15:54:38,235 DEBUG Indexing Started...
2019-06-25 15:54:38,436 DEBUG Indexed 100 MDL Elements
2019-06-25 15:54:38,691 DEBUG Indexed 200 MDL Elements
2019-06-25 15:54:38,865 DEBUG Indexed 300 MDL Elements
2019-06-25 15:54:39,120 DEBUG Creating Containment Edges...
2019-06-25 15:54:39,511 DEBUG Created 100 Containment Edges
2019-06-25 15:54:39,908 DEBUG Created 200 Containment Edges
2019-06-25 15:54:40,313 DEBUG Created 300 Containment Edges
2019-06-25 15:54:40,722 DEBUG Creating Reference Edges...
2019-06-25 15:54:40,766 DEBUG Created 10 Reference Edges
2019-06-25 15:54:40,809 DEBUG Created 20 Reference Edges
2019-06-25 15:54:40,854 DEBUG Created 30 Reference Edges
2019-06-25 15:54:41,251 DEBUG Exporting OrientDB Nodes...
2019-06-25 15:54:41,331 DEBUG Exported 100 Nodes
2019-06-25 15:54:41,412 DEBUG Exported 200 Nodes
2019-06-25 15:54:41,496 DEBUG Exported 300 Nodes
2019-06-25 15:54:41,575 DEBUG Exported 400 Nodes
