2019-07-16 15:41:20,897 DEBUG ***************************Challenge Problem 1 Started*********************
2019-07-16 15:41:20,968 DEBUG Generating Constraints Objects...
2019-07-16 15:41:20,987 INFO Storing and Retrieving Constraints in OrientDB...
2019-07-16 15:41:20,987 INFO Setting up Discretization Algorithms...
2019-07-16 15:41:20,988 DEBUG Setting up Optimization Algorithms...
2019-07-16 15:41:20,990 DEBUG Setting up Scheduling Algorithms...
2019-07-16 15:41:20,990 DEBUG Optimizing...
2019-07-16 15:41:21,863 INFO Constructing schedule...
2019-07-16 15:41:58,099 DEBUG ***************************Challenge Problem 1 Started*********************
2019-07-16 15:41:58,151 DEBUG Generating Constraints Objects...
2019-07-16 15:41:58,159 INFO Storing and Retrieving Constraints in OrientDB...
2019-07-16 15:41:58,160 INFO Setting up Discretization Algorithms...
2019-07-16 15:41:58,160 DEBUG Setting up Optimization Algorithms...
2019-07-16 15:41:58,162 DEBUG Setting up Scheduling Algorithms...
2019-07-16 15:41:58,162 DEBUG Optimizing...
2019-07-16 15:41:58,947 INFO Constructing schedule...
2019-07-16 15:42:32,721 DEBUG ***************************Challenge Problem 1 Started*********************
2019-07-16 15:42:32,752 DEBUG Generating Constraints Objects...
2019-07-16 15:42:32,760 INFO Storing and Retrieving Constraints in OrientDB...
2019-07-16 15:42:32,760 INFO Setting up Discretization Algorithms...
2019-07-16 15:42:32,760 DEBUG Setting up Optimization Algorithms...
2019-07-16 15:42:32,762 DEBUG Setting up Scheduling Algorithms...
2019-07-16 15:42:32,762 DEBUG Optimizing...
2019-07-16 15:42:33,547 INFO Constructing schedule...
2019-07-16 15:42:59,846 DEBUG ***************************Challenge Problem 1 Started*********************
2019-07-16 15:42:59,886 DEBUG Generating Constraints Objects...
2019-07-16 15:42:59,894 INFO Storing and Retrieving Constraints in OrientDB...
2019-07-16 15:42:59,894 INFO Setting up Discretization Algorithms...
2019-07-16 15:42:59,894 DEBUG Setting up Optimization Algorithms...
2019-07-16 15:42:59,896 DEBUG Setting up Scheduling Algorithms...
2019-07-16 15:42:59,896 DEBUG Optimizing...
2019-07-16 15:43:00,729 INFO Constructing schedule...
