2019-07-12 15:14:36,496 DEBUG ***************************Challenge Problem 1 Started*********************
2019-07-12 15:14:36,539 DEBUG Generating Constraints Objects...
2019-07-12 15:14:39,129 INFO Storing and Retrieving Constraints in OrientDB...
2019-07-12 15:14:39,130 INFO Setting up Discretization Algorithms...
2019-07-12 15:14:39,130 DEBUG Setting up Optimization Algorithms...
2019-07-12 15:14:39,742 DEBUG Setting up Scheduling Algorithms...
2019-07-12 15:14:39,743 DEBUG Optimizing...
2019-07-12 15:14:41,366 INFO Constructing schedule...
2019-07-12 15:14:41,382 INFO Verifying schedule...
2019-07-12 15:14:59,223 DEBUG ***************************Challenge Problem 1 Started*********************
2019-07-12 15:14:59,272 DEBUG Generating Constraints Objects...
2019-07-12 15:15:01,734 INFO Storing and Retrieving Constraints in OrientDB...
2019-07-12 15:15:01,734 INFO Setting up Discretization Algorithms...
2019-07-12 15:15:01,736 DEBUG Setting up Optimization Algorithms...
2019-07-12 15:15:02,355 DEBUG Setting up Scheduling Algorithms...
2019-07-12 15:15:02,356 DEBUG Optimizing...
2019-07-12 15:15:03,832 INFO Constructing schedule...
2019-07-12 15:15:03,849 INFO Verifying schedule...
2019-07-12 15:15:29,987 DEBUG ***************************Challenge Problem 1 Started*********************
2019-07-12 15:16:23,317 DEBUG ***************************Challenge Problem 1 Started*********************
2019-07-12 15:17:12,345 DEBUG ***************************Challenge Problem 1 Started*********************
2019-07-12 15:17:25,027 DEBUG ***************************Challenge Problem 1 Started*********************
2019-07-12 15:21:01,704 DEBUG ***************************Challenge Problem 1 Started*********************
2019-07-12 15:21:28,379 DEBUG ***************************Challenge Problem 1 Started*********************
2019-07-12 15:21:28,441 DEBUG Generating Constraints Objects...
2019-07-12 15:21:30,875 INFO Storing and Retrieving Constraints in OrientDB...
2019-07-12 15:21:30,876 INFO Setting up Discretization Algorithms...
2019-07-12 15:21:30,877 DEBUG Setting up Optimization Algorithms...
2019-07-12 15:21:31,513 DEBUG Setting up Scheduling Algorithms...
2019-07-12 15:21:31,514 DEBUG Optimizing...
2019-07-12 15:21:33,015 INFO Constructing schedule...
2019-07-12 15:21:33,039 INFO Verifying schedule...
2019-07-12 15:22:25,146 DEBUG ***************************Challenge Problem 1 Started*********************
2019-07-12 15:22:25,194 DEBUG Generating Constraints Objects...
2019-07-12 15:22:27,593 INFO Storing and Retrieving Constraints in OrientDB...
2019-07-12 15:22:27,594 INFO Setting up Discretization Algorithms...
2019-07-12 15:22:27,595 DEBUG Setting up Optimization Algorithms...
2019-07-12 15:22:28,210 DEBUG Setting up Scheduling Algorithms...
2019-07-12 15:22:28,211 DEBUG Optimizing...
2019-07-12 15:22:29,714 INFO Constructing schedule...
2019-07-12 15:22:29,728 INFO Verifying schedule...
2019-07-12 15:22:51,868 DEBUG ***************************Challenge Problem 1 Started*********************
2019-07-12 15:22:51,907 DEBUG Generating Constraints Objects...
2019-07-12 15:22:54,376 INFO Storing and Retrieving Constraints in OrientDB...
2019-07-12 15:22:54,377 INFO Setting up Discretization Algorithms...
2019-07-12 15:22:54,378 DEBUG Setting up Optimization Algorithms...
2019-07-12 15:22:55,043 DEBUG Setting up Scheduling Algorithms...
2019-07-12 15:22:55,043 DEBUG Optimizing...
2019-07-12 15:22:56,522 INFO Constructing schedule...
2019-07-12 15:22:56,537 INFO Verifying schedule...
2019-07-12 15:23:36,250 DEBUG ***************************Challenge Problem 1 Started*********************
2019-07-12 15:23:36,300 DEBUG Generating Constraints Objects...
2019-07-12 15:23:38,732 INFO Storing and Retrieving Constraints in OrientDB...
2019-07-12 15:23:38,733 INFO Setting up Discretization Algorithms...
2019-07-12 15:23:38,734 DEBUG Setting up Optimization Algorithms...
2019-07-12 15:23:39,375 DEBUG Setting up Scheduling Algorithms...
2019-07-12 15:23:39,375 DEBUG Optimizing...
2019-07-12 15:23:40,837 INFO Constructing schedule...
2019-07-12 15:23:40,851 INFO Verifying schedule...
2019-07-12 15:23:40,852 INFO **********Optimization Algorithm: DynamicProgram, Discretization: AccuracyDiscretization, Scheduling Algorithm: Greedy Scheduler*********
2019-07-12 15:23:40,853 DEBUG Optimizing...
2019-07-12 15:23:42,545 INFO Constructing schedule...
2019-07-12 15:23:42,558 INFO Verifying schedule...
2019-07-12 15:23:42,559 INFO **********Optimization Algorithm: DynamicProgram, Discretization: AccuracyDiscretization, Scheduling Algorithm: Greedy Scheduler*********
2019-07-12 15:23:42,560 DEBUG Optimizing...
2019-07-12 15:23:44,322 INFO Constructing schedule...
2019-07-12 15:23:44,338 INFO Verifying schedule...
2019-07-12 15:23:44,338 INFO **********Optimization Algorithm: DynamicProgram, Discretization: AccuracyDiscretization, Scheduling Algorithm: Greedy Scheduler*********
2019-07-12 15:23:44,340 DEBUG Optimizing...
2019-07-12 15:23:46,019 INFO Constructing schedule...
2019-07-12 15:23:46,034 INFO Verifying schedule...
2019-07-12 15:23:46,034 INFO **********Optimization Algorithm: DynamicProgram, Discretization: AccuracyDiscretization, Scheduling Algorithm: Greedy Scheduler*********
2019-07-12 15:23:46,035 DEBUG Optimizing...
2019-07-12 15:23:47,783 INFO Constructing schedule...
2019-07-12 15:23:47,802 INFO Verifying schedule...
2019-07-12 15:23:47,803 INFO **********Optimization Algorithm: DynamicProgram, Discretization: AccuracyDiscretization, Scheduling Algorithm: Greedy Scheduler*********
2019-07-12 15:23:47,805 DEBUG Optimizing...
2019-07-12 15:23:49,591 INFO Constructing schedule...
2019-07-12 15:23:49,604 INFO Verifying schedule...
2019-07-12 15:23:49,605 INFO **********Optimization Algorithm: DynamicProgram, Discretization: AccuracyDiscretization, Scheduling Algorithm: Greedy Scheduler*********
2019-07-12 15:23:49,606 DEBUG Optimizing...
2019-07-12 15:23:51,405 INFO Constructing schedule...
2019-07-12 15:23:51,419 INFO Verifying schedule...
2019-07-12 15:23:51,419 INFO **********Optimization Algorithm: DynamicProgram, Discretization: AccuracyDiscretization, Scheduling Algorithm: Greedy Scheduler*********
2019-07-12 15:23:51,420 DEBUG Optimizing...
2019-07-12 15:23:53,332 INFO Constructing schedule...
2019-07-12 15:23:53,346 INFO Verifying schedule...
2019-07-12 15:23:53,346 INFO **********Optimization Algorithm: DynamicProgram, Discretization: AccuracyDiscretization, Scheduling Algorithm: Greedy Scheduler*********
2019-07-12 15:23:53,348 DEBUG Optimizing...
2019-07-12 15:23:55,246 INFO Constructing schedule...
2019-07-12 15:23:55,262 INFO Verifying schedule...
2019-07-12 15:23:55,262 INFO **********Optimization Algorithm: DynamicProgram, Discretization: AccuracyDiscretization, Scheduling Algorithm: Greedy Scheduler*********
2019-07-12 15:23:55,263 DEBUG Optimizing...
2019-07-12 15:23:56,813 INFO Constructing schedule...
2019-07-12 15:23:56,827 INFO Verifying schedule...
2019-07-12 15:23:56,828 INFO **********Optimization Algorithm: DynamicProgram, Discretization: AccuracyDiscretization, Scheduling Algorithm: Greedy Scheduler*********
2019-07-12 15:23:56,829 DEBUG Optimizing...
2019-07-12 15:23:58,558 INFO Constructing schedule...
2019-07-12 15:23:58,570 INFO Verifying schedule...
2019-07-12 15:23:58,571 INFO **********Optimization Algorithm: DynamicProgram, Discretization: AccuracyDiscretization, Scheduling Algorithm: Greedy Scheduler*********
2019-07-12 15:23:58,572 DEBUG Optimizing...
2019-07-12 15:24:00,180 INFO Constructing schedule...
2019-07-12 15:24:00,197 INFO Verifying schedule...
2019-07-12 15:24:00,197 INFO **********Optimization Algorithm: DynamicProgram, Discretization: AccuracyDiscretization, Scheduling Algorithm: Greedy Scheduler*********
2019-07-12 15:24:00,199 DEBUG Optimizing...
2019-07-12 15:24:01,965 INFO Constructing schedule...
2019-07-12 15:24:01,980 INFO Verifying schedule...
2019-07-12 15:24:01,980 INFO **********Optimization Algorithm: DynamicProgram, Discretization: AccuracyDiscretization, Scheduling Algorithm: Greedy Scheduler*********
2019-07-12 15:24:01,982 DEBUG Optimizing...
2019-07-12 15:24:03,631 INFO Constructing schedule...
2019-07-12 15:24:03,645 INFO Verifying schedule...
2019-07-12 15:24:03,645 INFO **********Optimization Algorithm: DynamicProgram, Discretization: AccuracyDiscretization, Scheduling Algorithm: Greedy Scheduler*********
2019-07-12 15:24:03,647 DEBUG Optimizing...
2019-07-12 15:24:05,399 INFO Constructing schedule...
2019-07-12 15:24:05,411 INFO Verifying schedule...
2019-07-12 15:24:05,412 INFO **********Optimization Algorithm: DynamicProgram, Discretization: AccuracyDiscretization, Scheduling Algorithm: Greedy Scheduler*********
2019-07-12 15:24:05,414 DEBUG Optimizing...
2019-07-12 15:24:06,952 INFO Constructing schedule...
2019-07-12 15:24:06,967 INFO Verifying schedule...
2019-07-12 15:24:06,967 INFO **********Optimization Algorithm: DynamicProgram, Discretization: AccuracyDiscretization, Scheduling Algorithm: Greedy Scheduler*********
2019-07-12 15:24:06,970 DEBUG Optimizing...
2019-07-12 15:24:08,703 INFO Constructing schedule...
2019-07-12 15:24:08,717 INFO Verifying schedule...
2019-07-12 15:24:08,717 INFO **********Optimization Algorithm: DynamicProgram, Discretization: AccuracyDiscretization, Scheduling Algorithm: Greedy Scheduler*********
2019-07-12 15:24:08,719 DEBUG Optimizing...
2019-07-12 15:24:10,384 INFO Constructing schedule...
2019-07-12 15:24:10,398 INFO Verifying schedule...
2019-07-12 15:24:10,398 INFO **********Optimization Algorithm: DynamicProgram, Discretization: AccuracyDiscretization, Scheduling Algorithm: Greedy Scheduler*********
2019-07-12 15:24:10,402 DEBUG Optimizing...
2019-07-12 15:24:12,361 INFO Constructing schedule...
2019-07-12 15:24:12,375 INFO Verifying schedule...
2019-07-12 15:24:12,376 INFO **********Optimization Algorithm: DynamicProgram, Discretization: AccuracyDiscretization, Scheduling Algorithm: Greedy Scheduler*********
2019-07-12 15:24:12,377 DEBUG Optimizing...
2019-07-12 15:24:14,033 INFO Constructing schedule...
2019-07-12 15:24:14,047 INFO Verifying schedule...
2019-07-12 15:24:14,047 INFO **********Optimization Algorithm: DynamicProgram, Discretization: AccuracyDiscretization, Scheduling Algorithm: Greedy Scheduler*********
2019-07-12 15:24:14,049 DEBUG Optimizing...
2019-07-12 15:24:15,540 INFO Constructing schedule...
2019-07-12 15:24:15,553 INFO Verifying schedule...
2019-07-12 15:24:15,554 INFO **********Optimization Algorithm: DynamicProgram, Discretization: AccuracyDiscretization, Scheduling Algorithm: Greedy Scheduler*********
2019-07-12 15:24:15,555 DEBUG Optimizing...
2019-07-12 15:24:17,303 INFO Constructing schedule...
2019-07-12 15:24:17,317 INFO Verifying schedule...
2019-07-12 15:24:17,317 INFO **********Optimization Algorithm: DynamicProgram, Discretization: AccuracyDiscretization, Scheduling Algorithm: Greedy Scheduler*********
2019-07-12 15:24:17,319 DEBUG Optimizing...
2019-07-12 15:24:18,857 INFO Constructing schedule...
2019-07-12 15:24:18,870 INFO Verifying schedule...
2019-07-12 15:24:18,870 INFO **********Optimization Algorithm: DynamicProgram, Discretization: AccuracyDiscretization, Scheduling Algorithm: Greedy Scheduler*********
2019-07-12 15:24:18,871 DEBUG Optimizing...
2019-07-12 15:24:20,467 INFO Constructing schedule...
2019-07-12 15:24:20,478 INFO Verifying schedule...
2019-07-12 15:24:20,478 INFO **********Optimization Algorithm: DynamicProgram, Discretization: AccuracyDiscretization, Scheduling Algorithm: Greedy Scheduler*********
2019-07-12 15:24:20,479 DEBUG Optimizing...
2019-07-12 15:24:21,967 INFO Constructing schedule...
2019-07-12 15:24:21,980 INFO Verifying schedule...
2019-07-12 15:24:21,980 INFO **********Optimization Algorithm: DynamicProgram, Discretization: AccuracyDiscretization, Scheduling Algorithm: Greedy Scheduler*********
2019-07-12 15:24:21,982 DEBUG Optimizing...
2019-07-12 15:24:23,450 INFO Constructing schedule...
2019-07-12 15:24:23,464 INFO Verifying schedule...
2019-07-12 15:24:23,465 INFO **********Optimization Algorithm: DynamicProgram, Discretization: AccuracyDiscretization, Scheduling Algorithm: Greedy Scheduler*********
2019-07-12 15:24:23,466 DEBUG Optimizing...
2019-07-12 15:24:25,201 INFO Constructing schedule...
2019-07-12 15:24:25,217 INFO Verifying schedule...
2019-07-12 15:24:25,218 INFO **********Optimization Algorithm: DynamicProgram, Discretization: AccuracyDiscretization, Scheduling Algorithm: Greedy Scheduler*********
2019-07-12 15:24:25,219 DEBUG Optimizing...
2019-07-12 15:24:26,756 INFO Constructing schedule...
2019-07-12 15:24:26,769 INFO Verifying schedule...
2019-07-12 15:24:26,770 INFO **********Optimization Algorithm: DynamicProgram, Discretization: AccuracyDiscretization, Scheduling Algorithm: Greedy Scheduler*********
2019-07-12 15:24:26,775 DEBUG Optimizing...
2019-07-12 15:24:28,645 INFO Constructing schedule...
2019-07-12 15:24:28,658 INFO Verifying schedule...
2019-07-12 15:24:28,658 INFO **********Optimization Algorithm: DynamicProgram, Discretization: AccuracyDiscretization, Scheduling Algorithm: Greedy Scheduler*********
2019-07-12 15:24:28,659 DEBUG Optimizing...
2019-07-12 15:24:30,439 INFO Constructing schedule...
2019-07-12 15:24:30,455 INFO Verifying schedule...
2019-07-12 15:24:30,456 INFO **********Optimization Algorithm: DynamicProgram, Discretization: AccuracyDiscretization, Scheduling Algorithm: Greedy Scheduler*********
2019-07-12 15:24:30,456 DEBUG Optimizing...
2019-07-12 15:24:31,986 INFO Constructing schedule...
2019-07-12 15:24:32,000 INFO Verifying schedule...
2019-07-12 15:24:32,000 INFO **********Optimization Algorithm: DynamicProgram, Discretization: AccuracyDiscretization, Scheduling Algorithm: Greedy Scheduler*********
2019-07-12 15:24:32,001 DEBUG Optimizing...
2019-07-12 15:24:34,066 INFO Constructing schedule...
2019-07-12 15:24:34,080 INFO Verifying schedule...
2019-07-12 15:24:34,081 INFO **********Optimization Algorithm: DynamicProgram, Discretization: AccuracyDiscretization, Scheduling Algorithm: Greedy Scheduler*********
2019-07-12 15:24:34,082 DEBUG Optimizing...
2019-07-12 15:24:35,929 INFO Constructing schedule...
2019-07-12 15:24:35,942 INFO Verifying schedule...
2019-07-12 15:24:35,943 INFO **********Optimization Algorithm: DynamicProgram, Discretization: AccuracyDiscretization, Scheduling Algorithm: Greedy Scheduler*********
2019-07-12 15:24:35,943 DEBUG Optimizing...
2019-07-12 15:24:37,656 INFO Constructing schedule...
2019-07-12 15:24:37,669 INFO Verifying schedule...
2019-07-12 15:24:37,669 INFO **********Optimization Algorithm: DynamicProgram, Discretization: AccuracyDiscretization, Scheduling Algorithm: Greedy Scheduler*********
2019-07-12 15:24:37,670 DEBUG Optimizing...
2019-07-12 15:24:39,450 INFO Constructing schedule...
2019-07-12 15:24:39,463 INFO Verifying schedule...
2019-07-12 15:24:39,464 INFO **********Optimization Algorithm: DynamicProgram, Discretization: AccuracyDiscretization, Scheduling Algorithm: Greedy Scheduler*********
2019-07-12 15:24:39,464 DEBUG Optimizing...
2019-07-12 15:24:41,158 INFO Constructing schedule...
2019-07-12 15:24:41,171 INFO Verifying schedule...
2019-07-12 15:24:41,171 INFO **********Optimization Algorithm: DynamicProgram, Discretization: AccuracyDiscretization, Scheduling Algorithm: Greedy Scheduler*********
2019-07-12 15:24:41,172 DEBUG Optimizing...
2019-07-12 15:24:43,036 INFO Constructing schedule...
2019-07-12 15:24:43,050 INFO Verifying schedule...
2019-07-12 15:24:43,051 INFO **********Optimization Algorithm: DynamicProgram, Discretization: AccuracyDiscretization, Scheduling Algorithm: Greedy Scheduler*********
2019-07-12 15:24:43,051 DEBUG Optimizing...
2019-07-12 15:24:44,670 INFO Constructing schedule...
2019-07-12 15:24:44,685 INFO Verifying schedule...
2019-07-12 15:24:44,686 INFO **********Optimization Algorithm: DynamicProgram, Discretization: AccuracyDiscretization, Scheduling Algorithm: Greedy Scheduler*********
2019-07-12 15:24:44,686 DEBUG Optimizing...
2019-07-12 15:24:57,722 DEBUG ***************************Challenge Problem 1 Started*********************
2019-07-12 15:24:57,767 DEBUG Generating Constraints Objects...
2019-07-12 15:24:57,781 INFO Storing and Retrieving Constraints in OrientDB...
2019-07-12 15:24:57,782 INFO Setting up Discretization Algorithms...
2019-07-12 15:24:57,782 DEBUG Setting up Optimization Algorithms...
2019-07-12 15:24:57,786 DEBUG Setting up Scheduling Algorithms...
2019-07-12 15:24:57,786 DEBUG Optimizing...
2019-07-12 15:24:57,787 DEBUG Beginning CBC Integer Program...
2019-07-12 15:24:57,874 DEBUG CBC Integer Program complete in 0.08635208975096759 seconds
2019-07-12 15:24:57,887 INFO Constructing schedule...
2019-07-12 15:24:57,894 INFO Verifying schedule...
2019-07-12 15:24:57,895 INFO **********Optimization Algorithm: CBC, Discretization: AccuracyDiscretization, Scheduling Algorithm: Greedy Scheduler*********
2019-07-12 15:24:57,895 DEBUG Optimizing...
2019-07-12 15:24:57,895 DEBUG Beginning CBC Integer Program...
2019-07-12 15:25:01,325 DEBUG CBC Integer Program complete in 3.4296405137492525 seconds
2019-07-12 15:25:01,330 INFO Constructing schedule...
2019-07-12 15:25:01,335 INFO Verifying schedule...
2019-07-12 15:25:01,336 INFO **********Optimization Algorithm: CBC, Discretization: AccuracyDiscretization, Scheduling Algorithm: Greedy Scheduler*********
2019-07-12 15:25:01,336 DEBUG ***************************Challenge Problem 1 Complete********************
2019-07-12 15:25:57,095 DEBUG ***************************Challenge Problem 1 Started*********************
2019-07-12 15:25:57,128 DEBUG Generating Constraints Objects...
2019-07-12 15:25:57,146 INFO Storing and Retrieving Constraints in OrientDB...
2019-07-12 15:25:57,146 INFO Setting up Discretization Algorithms...
2019-07-12 15:25:57,146 DEBUG Setting up Optimization Algorithms...
2019-07-12 15:25:57,149 DEBUG Setting up Scheduling Algorithms...
2019-07-12 15:25:57,150 DEBUG Optimizing...
2019-07-12 15:25:57,150 DEBUG Beginning CBC Integer Program...
2019-07-12 15:25:57,330 DEBUG CBC Integer Program complete in 0.18012677295961546 seconds
2019-07-12 15:25:57,343 INFO Constructing schedule...
2019-07-12 15:25:57,351 INFO Verifying schedule...
2019-07-12 15:25:57,352 INFO **********Optimization Algorithm: CBC, Discretization: AccuracyDiscretization, Scheduling Algorithm: Greedy Scheduler*********
2019-07-12 15:25:57,352 DEBUG Optimizing...
2019-07-12 15:25:57,352 DEBUG Beginning CBC Integer Program...
2019-07-12 15:26:01,138 DEBUG CBC Integer Program complete in 3.7856259802760004 seconds
2019-07-12 15:26:01,143 INFO Constructing schedule...
2019-07-12 15:26:01,148 INFO Verifying schedule...
2019-07-12 15:26:01,149 INFO **********Optimization Algorithm: CBC, Discretization: AccuracyDiscretization, Scheduling Algorithm: Greedy Scheduler*********
2019-07-12 15:26:01,149 DEBUG ***************************Challenge Problem 1 Complete********************
2019-07-12 15:26:35,475 DEBUG ***************************Challenge Problem 1 Started*********************
2019-07-12 15:26:35,515 DEBUG Generating Constraints Objects...
2019-07-12 15:26:35,530 INFO Storing and Retrieving Constraints in OrientDB...
2019-07-12 15:26:35,530 INFO Setting up Discretization Algorithms...
2019-07-12 15:26:35,530 DEBUG Setting up Optimization Algorithms...
2019-07-12 15:26:35,533 DEBUG Setting up Scheduling Algorithms...
2019-07-12 15:26:35,533 DEBUG Optimizing...
2019-07-12 15:26:35,534 DEBUG Beginning CBC Integer Program...
2019-07-12 15:26:35,631 DEBUG CBC Integer Program complete in 0.09643800142175282 seconds
2019-07-12 15:26:35,644 INFO Constructing schedule...
2019-07-12 15:26:35,649 INFO Verifying schedule...
2019-07-12 15:26:35,649 INFO **********Optimization Algorithm: CBC, Discretization: AccuracyDiscretization, Scheduling Algorithm: Greedy Scheduler*********
2019-07-12 15:26:35,649 DEBUG Optimizing...
2019-07-12 15:26:35,650 DEBUG Beginning CBC Integer Program...
2019-07-12 15:26:39,043 DEBUG CBC Integer Program complete in 3.392501452783138 seconds
2019-07-12 15:26:39,049 INFO Constructing schedule...
2019-07-12 15:26:39,054 INFO Verifying schedule...
2019-07-12 15:26:39,054 INFO **********Optimization Algorithm: CBC, Discretization: AccuracyDiscretization, Scheduling Algorithm: Greedy Scheduler*********
2019-07-12 15:26:39,054 DEBUG ***************************Challenge Problem 1 Complete********************
2019-07-12 15:26:50,377 DEBUG ***************************Challenge Problem 1 Started*********************
2019-07-12 15:26:50,411 DEBUG Generating Constraints Objects...
2019-07-12 15:26:50,426 INFO Storing and Retrieving Constraints in OrientDB...
2019-07-12 15:26:50,426 INFO Setting up Discretization Algorithms...
2019-07-12 15:26:50,427 DEBUG Setting up Optimization Algorithms...
2019-07-12 15:26:50,430 DEBUG Setting up Scheduling Algorithms...
2019-07-12 15:26:50,430 DEBUG Optimizing...
2019-07-12 15:26:50,431 DEBUG Beginning CBC Integer Program...
2019-07-12 15:26:50,518 DEBUG CBC Integer Program complete in 0.0871719248953432 seconds
2019-07-12 15:26:50,531 INFO Constructing schedule...
2019-07-12 15:26:50,537 INFO Verifying schedule...
2019-07-12 15:26:50,538 INFO **********Optimization Algorithm: CBC, Discretization: AccuracyDiscretization, Scheduling Algorithm: Greedy Scheduler*********
2019-07-12 15:26:50,538 DEBUG Optimizing...
2019-07-12 15:26:50,538 DEBUG Beginning CBC Integer Program...
2019-07-12 15:26:53,929 DEBUG CBC Integer Program complete in 3.390566641842411 seconds
2019-07-12 15:26:53,934 INFO Constructing schedule...
2019-07-12 15:26:53,939 INFO Verifying schedule...
2019-07-12 15:26:53,939 INFO **********Optimization Algorithm: CBC, Discretization: AccuracyDiscretization, Scheduling Algorithm: Greedy Scheduler*********
2019-07-12 15:26:53,939 DEBUG ***************************Challenge Problem 1 Complete********************
2019-07-12 15:28:07,821 DEBUG ***************************Challenge Problem 1 Started*********************
2019-07-12 15:28:07,869 DEBUG Generating Constraints Objects...
2019-07-12 15:28:07,884 INFO Storing and Retrieving Constraints in OrientDB...
2019-07-12 15:28:07,885 INFO Setting up Discretization Algorithms...
2019-07-12 15:28:07,885 DEBUG Setting up Optimization Algorithms...
2019-07-12 15:28:07,889 DEBUG Setting up Scheduling Algorithms...
2019-07-12 15:28:07,889 DEBUG Optimizing...
2019-07-12 15:28:07,892 DEBUG Beginning CBC Integer Program...
2019-07-12 15:28:07,977 DEBUG CBC Integer Program complete in 0.08475543876871693 seconds
2019-07-12 15:28:07,993 INFO Constructing schedule...
2019-07-12 15:28:07,998 INFO Verifying schedule...
2019-07-12 15:28:07,998 INFO **********Optimization Algorithm: CBC, Discretization: AccuracyDiscretization, Scheduling Algorithm: Greedy Scheduler*********
2019-07-12 15:28:07,999 DEBUG Optimizing...
2019-07-12 15:28:07,999 DEBUG Beginning CBC Integer Program...
2019-07-12 15:28:11,380 DEBUG CBC Integer Program complete in 3.379512795775363 seconds
2019-07-12 15:28:11,384 INFO Constructing schedule...
2019-07-12 15:28:11,389 INFO Verifying schedule...
2019-07-12 15:28:11,389 INFO **********Optimization Algorithm: CBC, Discretization: AccuracyDiscretization, Scheduling Algorithm: Greedy Scheduler*********
2019-07-12 15:28:11,391 DEBUG ***************************Challenge Problem 1 Complete********************
2019-07-12 15:28:51,173 DEBUG ***************************Challenge Problem 1 Started*********************
2019-07-12 15:28:51,219 DEBUG Generating Constraints Objects...
2019-07-12 15:28:51,233 INFO Storing and Retrieving Constraints in OrientDB...
2019-07-12 15:28:51,234 INFO Setting up Discretization Algorithms...
2019-07-12 15:28:51,235 DEBUG Setting up Optimization Algorithms...
2019-07-12 15:28:51,238 DEBUG Setting up Scheduling Algorithms...
2019-07-12 15:28:51,239 DEBUG Optimizing...
2019-07-12 15:28:51,239 DEBUG Beginning CBC Integer Program...
2019-07-12 15:28:51,329 DEBUG CBC Integer Program complete in 0.08887436105751328 seconds
2019-07-12 15:28:51,341 INFO Constructing schedule...
2019-07-12 15:28:51,346 INFO Verifying schedule...
2019-07-12 15:28:51,346 INFO **********Optimization Algorithm: CBC, Discretization: AccuracyDiscretization, Scheduling Algorithm: Greedy Scheduler*********
2019-07-12 15:28:51,347 DEBUG Optimizing...
2019-07-12 15:28:51,348 DEBUG Beginning CBC Integer Program...
2019-07-12 15:28:54,733 DEBUG CBC Integer Program complete in 3.383344334992045 seconds
2019-07-12 15:28:54,737 INFO Constructing schedule...
2019-07-12 15:28:54,742 INFO Verifying schedule...
2019-07-12 15:28:54,743 INFO **********Optimization Algorithm: CBC, Discretization: AccuracyDiscretization, Scheduling Algorithm: Greedy Scheduler*********
2019-07-12 15:28:54,744 DEBUG ***************************Challenge Problem 1 Complete********************
2019-07-12 15:32:47,886 DEBUG ***************************Challenge Problem 1 Started*********************
2019-07-12 15:32:47,925 DEBUG Generating Constraints Objects...
2019-07-12 15:32:47,933 INFO Storing and Retrieving Constraints in OrientDB...
2019-07-12 15:32:47,934 INFO Setting up Discretization Algorithms...
2019-07-12 15:32:47,934 DEBUG Setting up Optimization Algorithms...
2019-07-12 15:32:47,937 DEBUG Setting up Scheduling Algorithms...
2019-07-12 15:32:47,937 DEBUG Optimizing...
2019-07-12 15:32:47,937 DEBUG Beginning CBC Integer Program...
2019-07-12 15:32:48,026 DEBUG CBC Integer Program complete in 0.08717298274714239 seconds
2019-07-12 15:32:48,042 INFO Constructing schedule...
2019-07-12 15:32:48,047 INFO Verifying schedule...
2019-07-12 15:32:48,048 INFO **********Optimization Algorithm: CBC, Discretization: AccuracyDiscretization, Scheduling Algorithm: Greedy Scheduler*********
2019-07-12 15:32:48,048 DEBUG ***************************Challenge Problem 1 Complete********************
2019-07-12 15:34:59,360 DEBUG ***************************Challenge Problem 1 Started*********************
2019-07-12 15:34:59,409 DEBUG Generating Constraints Objects...
2019-07-12 15:34:59,418 INFO Storing and Retrieving Constraints in OrientDB...
2019-07-12 15:34:59,418 INFO Setting up Discretization Algorithms...
2019-07-12 15:34:59,419 DEBUG Setting up Optimization Algorithms...
2019-07-12 15:34:59,421 DEBUG Setting up Scheduling Algorithms...
2019-07-12 15:34:59,422 DEBUG Optimizing...
2019-07-12 15:34:59,422 DEBUG Beginning CBC Integer Program...
2019-07-12 15:34:59,512 DEBUG CBC Integer Program complete in 0.09012192094602982 seconds
2019-07-12 15:34:59,527 INFO Constructing schedule...
2019-07-12 15:34:59,532 INFO Verifying schedule...
2019-07-12 15:34:59,532 INFO **********COMPLETED Optimization Algorithm: CBC, Discretization: AccuracyDiscretization, Scheduling Algorithm: Greedy Scheduler*********
2019-07-12 15:34:59,532 DEBUG ***************************Challenge Problem 1 Complete********************
2019-07-12 16:35:59,734 DEBUG ***************************Challenge Problem 1 Started*********************
2019-07-12 16:35:59,785 DEBUG Generating Constraints Objects...
2019-07-12 16:35:59,794 INFO Storing and Retrieving Constraints in OrientDB...
2019-07-12 16:35:59,795 INFO Setting up Discretization Algorithms...
2019-07-12 16:35:59,795 DEBUG Setting up Optimization Algorithms...
2019-07-12 16:35:59,797 DEBUG Setting up Scheduling Algorithms...
2019-07-12 16:35:59,798 DEBUG Optimizing...
2019-07-12 16:35:59,798 DEBUG Beginning CBC Integer Program...
2019-07-12 16:35:59,902 DEBUG CBC Integer Program complete in 0.1037470521196529 seconds
2019-07-12 16:35:59,915 INFO Constructing schedule...
2019-07-12 16:35:59,921 INFO Verifying schedule...
2019-07-12 16:35:59,922 INFO **********COMPLETED Optimization Algorithm: CBC, Discretization: AccuracyDiscretization, Scheduling Algorithm: Greedy Scheduler*********
2019-07-12 16:35:59,922 DEBUG ***************************Challenge Problem 1 Complete********************
2019-07-12 16:36:27,455 DEBUG ***************************Challenge Problem 1 Started*********************
2019-07-12 16:36:27,499 DEBUG Generating Constraints Objects...
2019-07-12 16:36:27,508 INFO Storing and Retrieving Constraints in OrientDB...
2019-07-12 16:36:27,509 INFO Setting up Discretization Algorithms...
2019-07-12 16:36:27,509 DEBUG Setting up Optimization Algorithms...
2019-07-12 16:36:27,511 DEBUG Setting up Scheduling Algorithms...
2019-07-12 16:36:27,511 DEBUG Optimizing...
2019-07-12 16:36:28,335 INFO Constructing schedule...
2019-07-12 16:36:28,340 INFO Verifying schedule...
2019-07-12 16:36:28,340 INFO **********COMPLETED Optimization Algorithm: DynamicProgram, Discretization: AccuracyDiscretization, Scheduling Algorithm: Greedy Scheduler*********
2019-07-12 16:36:28,341 DEBUG ***************************Challenge Problem 1 Complete********************
2019-07-12 16:36:58,692 DEBUG ***************************Challenge Problem 1 Started*********************
2019-07-12 16:36:58,739 DEBUG Generating Constraints Objects...
2019-07-12 16:36:58,746 INFO Storing and Retrieving Constraints in OrientDB...
2019-07-12 16:36:58,746 INFO Setting up Discretization Algorithms...
2019-07-12 16:36:58,746 DEBUG Setting up Optimization Algorithms...
2019-07-12 16:36:58,749 DEBUG Setting up Scheduling Algorithms...
2019-07-12 16:36:58,750 DEBUG Optimizing...
2019-07-12 16:36:59,556 INFO Constructing schedule...
2019-07-12 16:36:59,561 INFO Verifying schedule...
2019-07-12 16:36:59,562 INFO **********COMPLETED Optimization Algorithm: DynamicProgram, Discretization: AccuracyDiscretization, Scheduling Algorithm: Greedy Scheduler*********
2019-07-12 16:36:59,562 DEBUG ***************************Challenge Problem 1 Complete********************
2019-07-12 16:37:30,381 DEBUG ***************************Challenge Problem 1 Started*********************
2019-07-12 16:37:30,428 DEBUG Generating Constraints Objects...
2019-07-12 16:37:30,435 INFO Storing and Retrieving Constraints in OrientDB...
2019-07-12 16:37:30,436 INFO Setting up Discretization Algorithms...
2019-07-12 16:37:30,436 DEBUG Setting up Optimization Algorithms...
2019-07-12 16:37:30,439 DEBUG Setting up Scheduling Algorithms...
2019-07-12 16:37:30,439 DEBUG Optimizing...
2019-07-12 16:37:31,230 INFO Constructing schedule...
