2019-06-12 15:49:33,051 DEBUG ***************************Challenge Problem 1 Started*********************
2019-06-12 15:50:35,426 DEBUG ***************************Challenge Problem 1 Started*********************
2019-06-12 15:50:35,460 INFO Generating MDL File...
2019-06-12 15:51:03,995 DEBUG ***************************Challenge Problem 1 Started*********************
2019-06-12 15:51:04,033 INFO Generating MDL File...
2019-06-12 15:53:19,311 DEBUG ***************************Challenge Problem 1 Started*********************
2019-06-12 15:53:19,345 INFO Generating MDL File...
2019-06-12 15:53:19,367 INFO Importing MDL File...
2019-06-12 15:53:24,299 DEBUG Creating OrientDB classes for MDL Elements...
2019-06-12 15:53:24,837 DEBUG Created 20 Node Classes
2019-06-12 15:53:25,460 DEBUG Created 40 Node Classes
2019-06-12 15:53:25,992 DEBUG Created 60 Node Classes
2019-06-12 15:53:26,569 DEBUG Created 80 Node Classes
2019-06-12 15:53:26,592 DEBUG Indexing Started...
2019-06-12 15:53:27,163 DEBUG Indexed 100 MDL Elements
2019-06-12 15:53:27,594 DEBUG Indexed 200 MDL Elements
2019-06-12 15:53:27,873 DEBUG Indexed 300 MDL Elements
2019-06-12 15:53:28,192 DEBUG Creating Containment Edges...
2019-06-12 15:53:29,068 DEBUG Created 100 Containment Edges
2019-06-12 15:53:29,734 DEBUG Created 200 Containment Edges
2019-06-12 15:53:30,271 DEBUG Created 300 Containment Edges
2019-06-12 15:53:30,865 DEBUG Creating Reference Edges...
2019-06-12 15:53:30,941 DEBUG Created 10 Reference Edges
2019-06-12 15:53:31,024 DEBUG Created 20 Reference Edges
2019-06-12 15:53:31,108 DEBUG Created 30 Reference Edges
2019-06-12 15:53:31,140 DEBUG Generating Constraints Objects...
2019-06-12 15:53:31,144 INFO Storing Constraints in OrientDB...
2019-06-12 15:53:59,233 DEBUG ***************************Challenge Problem 1 Started*********************
2019-06-12 15:53:59,270 INFO Generating MDL File...
2019-06-12 15:53:59,289 INFO Importing MDL File...
2019-06-12 15:54:02,404 DEBUG Creating OrientDB classes for MDL Elements...
2019-06-12 15:54:02,874 DEBUG Created 20 Node Classes
2019-06-12 15:54:03,323 DEBUG Created 40 Node Classes
2019-06-12 15:54:03,814 DEBUG Created 60 Node Classes
2019-06-12 15:54:04,267 DEBUG Created 80 Node Classes
2019-06-12 15:54:04,291 DEBUG Indexing Started...
2019-06-12 15:54:04,573 DEBUG Indexed 100 MDL Elements
2019-06-12 15:54:04,898 DEBUG Indexed 200 MDL Elements
2019-06-12 15:54:05,115 DEBUG Indexed 300 MDL Elements
2019-06-12 15:54:05,434 DEBUG Creating Containment Edges...
2019-06-12 15:54:05,944 DEBUG Created 100 Containment Edges
2019-06-12 15:54:06,421 DEBUG Created 200 Containment Edges
2019-06-12 15:54:06,876 DEBUG Created 300 Containment Edges
2019-06-12 15:54:07,392 DEBUG Creating Reference Edges...
2019-06-12 15:54:07,452 DEBUG Created 10 Reference Edges
2019-06-12 15:54:07,504 DEBUG Created 20 Reference Edges
2019-06-12 15:54:07,559 DEBUG Created 30 Reference Edges
2019-06-12 15:54:07,583 DEBUG Generating Constraints Objects...
2019-06-12 15:54:07,586 INFO Storing Constraints in OrientDB...
2019-06-12 15:54:10,299 INFO Retrieving Constraints from OrientDB...
2019-06-12 15:55:29,215 DEBUG ***************************Challenge Problem 1 Started*********************
2019-06-12 15:55:29,254 INFO Generating MDL File...
2019-06-12 15:55:29,270 INFO Importing MDL File...
2019-06-12 15:55:31,979 DEBUG Creating OrientDB classes for MDL Elements...
2019-06-12 15:55:32,360 DEBUG Created 20 Node Classes
2019-06-12 15:55:32,947 DEBUG Created 40 Node Classes
2019-06-12 15:55:33,374 DEBUG Created 60 Node Classes
2019-06-12 15:55:33,958 DEBUG Created 80 Node Classes
2019-06-12 15:55:33,979 DEBUG Indexing Started...
2019-06-12 15:55:34,219 DEBUG Indexed 100 MDL Elements
2019-06-12 15:55:34,556 DEBUG Indexed 200 MDL Elements
2019-06-12 15:55:34,795 DEBUG Indexed 300 MDL Elements
2019-06-12 15:55:35,068 DEBUG Creating Containment Edges...
2019-06-12 15:55:35,626 DEBUG Created 100 Containment Edges
2019-06-12 15:55:36,116 DEBUG Created 200 Containment Edges
2019-06-12 15:55:36,579 DEBUG Created 300 Containment Edges
2019-06-12 15:55:37,109 DEBUG Creating Reference Edges...
2019-06-12 15:55:37,160 DEBUG Created 10 Reference Edges
2019-06-12 15:55:37,216 DEBUG Created 20 Reference Edges
2019-06-12 15:55:37,265 DEBUG Created 30 Reference Edges
2019-06-12 15:55:37,291 DEBUG Generating Constraints Objects...
2019-06-12 15:55:37,295 INFO Storing Constraints in OrientDB...
2019-06-12 15:55:40,181 INFO Retrieving Constraints from OrientDB...
2019-06-12 15:55:40,209 INFO Setting up Discretization Algorithms...
2019-06-12 15:55:40,209 DEBUG Setting up Optimization Algorithms...
2019-06-12 15:55:40,210 DEBUG Setting up Scheduling Algorithms...
2019-06-12 15:55:56,168 DEBUG ***************************Challenge Problem 1 Started*********************
2019-06-12 15:55:56,199 INFO Generating MDL File...
2019-06-12 15:55:56,214 INFO Importing MDL File...
2019-06-12 15:55:59,052 DEBUG Creating OrientDB classes for MDL Elements...
2019-06-12 15:55:59,532 DEBUG Created 20 Node Classes
2019-06-12 15:56:00,002 DEBUG Created 40 Node Classes
2019-06-12 15:56:00,440 DEBUG Created 60 Node Classes
2019-06-12 15:56:01,159 DEBUG Created 80 Node Classes
2019-06-12 15:56:01,213 DEBUG Indexing Started...
2019-06-12 15:56:01,462 DEBUG Indexed 100 MDL Elements
2019-06-12 15:56:01,744 DEBUG Indexed 200 MDL Elements
2019-06-12 15:56:01,955 DEBUG Indexed 300 MDL Elements
2019-06-12 15:56:02,241 DEBUG Creating Containment Edges...
2019-06-12 15:56:02,763 DEBUG Created 100 Containment Edges
2019-06-12 15:56:03,211 DEBUG Created 200 Containment Edges
2019-06-12 15:56:03,685 DEBUG Created 300 Containment Edges
2019-06-12 15:56:04,163 DEBUG Creating Reference Edges...
2019-06-12 15:56:04,227 DEBUG Created 10 Reference Edges
2019-06-12 15:56:04,282 DEBUG Created 20 Reference Edges
2019-06-12 15:56:04,334 DEBUG Created 30 Reference Edges
2019-06-12 15:56:04,361 DEBUG Generating Constraints Objects...
2019-06-12 15:56:04,364 INFO Storing Constraints in OrientDB...
2019-06-12 15:56:06,813 INFO Retrieving Constraints from OrientDB...
2019-06-12 15:56:06,819 INFO Setting up Discretization Algorithms...
2019-06-12 15:56:06,820 DEBUG Setting up Optimization Algorithms...
2019-06-12 15:56:06,821 DEBUG Setting up Scheduling Algorithms...
2019-06-12 15:56:06,821 DEBUG Optimizing...
2019-06-12 15:56:06,822 DEBUG Beginning CBC Integer Program...
2019-06-12 15:56:06,829 DEBUG CBC Integer Program complete in 0.006494502522446726 seconds
2019-06-12 15:56:06,829 DEBUG Writing raw results...
2019-06-12 15:56:06,834 INFO Constructing schedule...
2019-06-12 15:56:06,834 INFO Updating MDL File Schedule...
2019-06-12 15:59:15,211 DEBUG ***************************Challenge Problem 1 Started*********************
2019-06-12 15:59:15,250 INFO Generating MDL File...
2019-06-12 15:59:15,267 INFO Importing MDL File...
2019-06-12 15:59:17,767 DEBUG Creating OrientDB classes for MDL Elements...
2019-06-12 15:59:18,287 DEBUG Created 20 Node Classes
2019-06-12 15:59:18,710 DEBUG Created 40 Node Classes
2019-06-12 15:59:19,140 DEBUG Created 60 Node Classes
2019-06-12 15:59:19,564 DEBUG Created 80 Node Classes
2019-06-12 15:59:19,587 DEBUG Indexing Started...
2019-06-12 15:59:19,812 DEBUG Indexed 100 MDL Elements
2019-06-12 15:59:20,092 DEBUG Indexed 200 MDL Elements
2019-06-12 15:59:20,287 DEBUG Indexed 300 MDL Elements
2019-06-12 15:59:20,565 DEBUG Creating Containment Edges...
2019-06-12 15:59:21,087 DEBUG Created 100 Containment Edges
2019-06-12 15:59:21,555 DEBUG Created 200 Containment Edges
2019-06-12 15:59:22,009 DEBUG Created 300 Containment Edges
2019-06-12 15:59:22,484 DEBUG Creating Reference Edges...
2019-06-12 15:59:22,535 DEBUG Created 10 Reference Edges
2019-06-12 15:59:22,586 DEBUG Created 20 Reference Edges
2019-06-12 15:59:22,634 DEBUG Created 30 Reference Edges
2019-06-12 15:59:22,658 DEBUG Generating Constraints Objects...
2019-06-12 15:59:22,662 INFO Storing Constraints in OrientDB...
2019-06-12 15:59:25,179 INFO Retrieving Constraints from OrientDB...
2019-06-12 15:59:25,184 INFO Setting up Discretization Algorithms...
2019-06-12 15:59:25,185 DEBUG Setting up Optimization Algorithms...
2019-06-12 15:59:25,186 DEBUG Setting up Scheduling Algorithms...
2019-06-12 15:59:25,187 DEBUG Optimizing...
2019-06-12 15:59:25,187 DEBUG Beginning CBC Integer Program...
2019-06-12 15:59:25,195 DEBUG CBC Integer Program complete in 0.006822436464561801 seconds
2019-06-12 15:59:25,195 DEBUG Writing raw results...
2019-06-12 15:59:25,200 INFO Constructing schedule...
2019-06-12 15:59:25,200 INFO Updating MDL File Schedule...
2019-06-12 15:59:25,361 INFO Exporting c:\dev\cp1\output\mdl\Updated-BRASS-Example_FTSchedule_0915.xml to c:\dev\cp1\output\mdl\Updated-BRASS-Example_FTSchedule_0915.xml
2019-06-12 15:59:25,383 DEBUG Exporting OrientDB Nodes...
2019-06-12 15:59:25,559 DEBUG Exported 100 Nodes
2019-06-12 15:59:25,725 DEBUG Exported 200 Nodes
2019-06-12 15:59:25,881 DEBUG Exported 300 Nodes
2019-06-12 15:59:26,027 DEBUG Exported 400 Nodes
2019-06-12 15:59:26,049 INFO Constructing schedule...
2019-06-12 15:59:26,050 INFO Updating MDL File Schedule...
2019-06-12 16:13:27,562 DEBUG ***************************Challenge Problem 1 Started*********************
2019-06-12 16:13:27,610 INFO Generating MDL File...
2019-06-12 16:13:27,628 INFO Importing MDL File...
2019-06-12 16:13:30,091 DEBUG Creating OrientDB classes for MDL Elements...
2019-06-12 16:13:30,442 DEBUG Created 20 Node Classes
2019-06-12 16:13:30,861 DEBUG Created 40 Node Classes
2019-06-12 16:13:31,348 DEBUG Created 60 Node Classes
2019-06-12 16:13:31,796 DEBUG Created 80 Node Classes
2019-06-12 16:13:31,876 DEBUG Indexing Started...
2019-06-12 16:13:32,086 DEBUG Indexed 100 MDL Elements
2019-06-12 16:13:32,361 DEBUG Indexed 200 MDL Elements
2019-06-12 16:13:32,542 DEBUG Indexed 300 MDL Elements
2019-06-12 16:13:32,838 DEBUG Creating Containment Edges...
2019-06-12 16:13:33,275 DEBUG Created 100 Containment Edges
2019-06-12 16:13:33,715 DEBUG Created 200 Containment Edges
2019-06-12 16:13:34,188 DEBUG Created 300 Containment Edges
2019-06-12 16:13:34,685 DEBUG Creating Reference Edges...
2019-06-12 16:13:34,737 DEBUG Created 10 Reference Edges
2019-06-12 16:13:34,795 DEBUG Created 20 Reference Edges
2019-06-12 16:13:34,842 DEBUG Created 30 Reference Edges
2019-06-12 16:13:34,869 DEBUG Generating Constraints Objects...
2019-06-12 16:13:34,873 INFO Storing Constraints in OrientDB...
2019-06-12 16:13:37,067 INFO Retrieving Constraints from OrientDB...
2019-06-12 16:13:37,073 INFO Setting up Discretization Algorithms...
2019-06-12 16:13:37,073 DEBUG Setting up Optimization Algorithms...
2019-06-12 16:13:37,074 DEBUG Setting up Scheduling Algorithms...
2019-06-12 16:13:37,075 DEBUG Optimizing...
2019-06-12 16:13:37,075 DEBUG Beginning CBC Integer Program...
2019-06-12 16:13:37,085 DEBUG CBC Integer Program complete in 0.009022062196727219 seconds
2019-06-12 16:13:37,086 DEBUG Writing raw results...
2019-06-12 16:13:37,090 INFO Constructing schedule...
2019-06-12 16:13:37,090 INFO Updating MDL File Schedule...
2019-06-12 16:14:05,517 DEBUG ***************************Challenge Problem 1 Started*********************
2019-06-12 16:14:05,545 INFO Generating MDL File...
2019-06-12 16:14:05,563 INFO Importing MDL File...
2019-06-12 16:14:07,938 DEBUG Creating OrientDB classes for MDL Elements...
2019-06-12 16:14:08,444 DEBUG Created 20 Node Classes
2019-06-12 16:14:08,906 DEBUG Created 40 Node Classes
2019-06-12 16:14:09,376 DEBUG Created 60 Node Classes
2019-06-12 16:14:09,820 DEBUG Created 80 Node Classes
2019-06-12 16:14:09,840 DEBUG Indexing Started...
2019-06-12 16:14:10,069 DEBUG Indexed 100 MDL Elements
2019-06-12 16:14:10,354 DEBUG Indexed 200 MDL Elements
2019-06-12 16:14:10,536 DEBUG Indexed 300 MDL Elements
2019-06-12 16:14:10,776 DEBUG Creating Containment Edges...
2019-06-12 16:14:11,223 DEBUG Created 100 Containment Edges
2019-06-12 16:14:11,722 DEBUG Created 200 Containment Edges
2019-06-12 16:14:12,146 DEBUG Created 300 Containment Edges
2019-06-12 16:14:12,631 DEBUG Creating Reference Edges...
2019-06-12 16:14:12,680 DEBUG Created 10 Reference Edges
2019-06-12 16:14:12,726 DEBUG Created 20 Reference Edges
2019-06-12 16:14:12,779 DEBUG Created 30 Reference Edges
2019-06-12 16:14:12,801 DEBUG Generating Constraints Objects...
2019-06-12 16:14:12,805 INFO Storing Constraints in OrientDB...
2019-06-12 16:14:14,912 INFO Retrieving Constraints from OrientDB...
2019-06-12 16:14:14,917 INFO Setting up Discretization Algorithms...
2019-06-12 16:14:14,917 DEBUG Setting up Optimization Algorithms...
2019-06-12 16:14:14,918 DEBUG Setting up Scheduling Algorithms...
2019-06-12 16:14:14,919 DEBUG Optimizing...
2019-06-12 16:14:14,919 DEBUG Beginning CBC Integer Program...
2019-06-12 16:14:14,928 DEBUG CBC Integer Program complete in 0.007804122588054671 seconds
2019-06-12 16:14:14,928 DEBUG Writing raw results...
2019-06-12 16:14:14,932 INFO Constructing schedule...
2019-06-12 16:14:14,933 INFO Updating MDL File Schedule...
2019-06-12 16:14:15,124 INFO Exporting c:\dev\cp1\output\mdl\Updated-BRASS-Example_FTSchedule_0915.xml to c:\dev\cp1\output\mdl\Updated-BRASS-Example_FTSchedule_0915.xml
2019-06-12 16:14:15,143 DEBUG Exporting OrientDB Nodes...
2019-06-12 16:14:15,262 DEBUG Exported 100 Nodes
2019-06-12 16:14:15,380 DEBUG Exported 200 Nodes
2019-06-12 16:14:15,490 DEBUG Exported 300 Nodes
2019-06-12 16:14:15,611 DEBUG Exported 400 Nodes
2019-06-12 16:17:42,401 DEBUG ***************************Challenge Problem 1 Started*********************
2019-06-12 16:17:42,450 INFO Generating MDL File...
2019-06-12 16:17:42,466 INFO Importing MDL File...
2019-06-12 16:17:44,890 DEBUG Creating OrientDB classes for MDL Elements...
2019-06-12 16:17:45,382 DEBUG Created 20 Node Classes
2019-06-12 16:17:45,793 DEBUG Created 40 Node Classes
2019-06-12 16:17:46,320 DEBUG Created 60 Node Classes
2019-06-12 16:17:46,713 DEBUG Created 80 Node Classes
2019-06-12 16:17:46,740 DEBUG Indexing Started...
2019-06-12 16:17:46,950 DEBUG Indexed 100 MDL Elements
2019-06-12 16:17:47,207 DEBUG Indexed 200 MDL Elements
2019-06-12 16:17:47,381 DEBUG Indexed 300 MDL Elements
2019-06-12 16:17:47,612 DEBUG Creating Containment Edges...
2019-06-12 16:17:48,039 DEBUG Created 100 Containment Edges
2019-06-12 16:17:48,463 DEBUG Created 200 Containment Edges
2019-06-12 16:17:48,885 DEBUG Created 300 Containment Edges
2019-06-12 16:17:49,346 DEBUG Creating Reference Edges...
2019-06-12 16:17:49,394 DEBUG Created 10 Reference Edges
2019-06-12 16:17:49,443 DEBUG Created 20 Reference Edges
2019-06-12 16:17:49,489 DEBUG Created 30 Reference Edges
2019-06-12 16:17:49,512 DEBUG Generating Constraints Objects...
2019-06-12 16:17:49,516 INFO Storing Constraints in OrientDB...
2019-06-12 16:17:51,506 INFO Retrieving Constraints from OrientDB...
2019-06-12 16:17:51,512 INFO Setting up Discretization Algorithms...
2019-06-12 16:17:51,513 DEBUG Setting up Optimization Algorithms...
2019-06-12 16:17:51,513 DEBUG Setting up Scheduling Algorithms...
2019-06-12 16:17:51,514 DEBUG Optimizing...
2019-06-12 16:17:51,514 DEBUG Beginning CBC Integer Program...
2019-06-12 16:17:51,522 DEBUG CBC Integer Program complete in 0.007169411732348074 seconds
2019-06-12 16:17:51,523 DEBUG Writing raw results...
2019-06-12 16:17:51,528 INFO Constructing schedule...
2019-06-12 16:17:51,529 INFO Updating MDL File Schedule...
2019-06-12 16:17:51,683 INFO Exporting c:\dev\cp1\output\mdl\Updated-BRASS-Example_FTSchedule_0915.xml to c:\dev\cp1\output\mdl\Updated-BRASS-Example_FTSchedule_0915.xml
2019-06-12 16:17:51,703 DEBUG Exporting OrientDB Nodes...
2019-06-12 16:17:51,838 DEBUG Exported 100 Nodes
2019-06-12 16:17:51,947 DEBUG Exported 200 Nodes
2019-06-12 16:17:52,053 DEBUG Exported 300 Nodes
2019-06-12 16:17:52,142 DEBUG Exported 400 Nodes
2019-06-12 16:29:08,919 DEBUG ***************************Challenge Problem 1 Started*********************
2019-06-12 16:29:08,950 INFO Generating MDL File...
2019-06-12 16:29:08,969 INFO Importing MDL File...
2019-06-12 16:29:11,403 DEBUG Creating OrientDB classes for MDL Elements...
2019-06-12 16:29:11,826 DEBUG Created 20 Node Classes
2019-06-12 16:29:12,248 DEBUG Created 40 Node Classes
2019-06-12 16:29:12,718 DEBUG Created 60 Node Classes
2019-06-12 16:29:13,076 DEBUG Created 80 Node Classes
2019-06-12 16:29:13,096 DEBUG Indexing Started...
2019-06-12 16:29:13,305 DEBUG Indexed 100 MDL Elements
2019-06-12 16:29:13,579 DEBUG Indexed 200 MDL Elements
2019-06-12 16:29:13,772 DEBUG Indexed 300 MDL Elements
2019-06-12 16:29:14,049 DEBUG Creating Containment Edges...
2019-06-12 16:29:14,464 DEBUG Created 100 Containment Edges
2019-06-12 16:29:14,896 DEBUG Created 200 Containment Edges
2019-06-12 16:29:15,324 DEBUG Created 300 Containment Edges
2019-06-12 16:29:15,765 DEBUG Creating Reference Edges...
2019-06-12 16:29:15,811 DEBUG Created 10 Reference Edges
2019-06-12 16:29:15,863 DEBUG Created 20 Reference Edges
2019-06-12 16:29:15,914 DEBUG Created 30 Reference Edges
2019-06-12 16:29:15,935 DEBUG Generating Constraints Objects...
2019-06-12 16:29:15,939 INFO Storing Constraints in OrientDB...
2019-06-12 16:29:17,862 INFO Retrieving Constraints from OrientDB...
2019-06-12 16:29:17,867 INFO Setting up Discretization Algorithms...
2019-06-12 16:29:17,867 DEBUG Setting up Optimization Algorithms...
2019-06-12 16:29:17,868 DEBUG Setting up Scheduling Algorithms...
2019-06-12 16:29:17,869 DEBUG Optimizing...
2019-06-12 16:29:17,869 DEBUG Beginning CBC Integer Program...
2019-06-12 16:29:17,877 DEBUG CBC Integer Program complete in 0.006959957149964897 seconds
2019-06-12 16:29:17,878 DEBUG Writing raw results...
2019-06-12 16:29:17,882 INFO Constructing schedule...
2019-06-12 16:29:17,883 INFO Updating MDL File Schedule...
2019-06-12 16:29:18,023 INFO Exporting c:\dev\cp1\output\mdl\Updated-BRASS-Example_FTSchedule_0915.xml to c:\dev\cp1\output\mdl\Updated-BRASS-Example_FTSchedule_0915.xml
2019-06-12 16:29:18,043 DEBUG Exporting OrientDB Nodes...
2019-06-12 16:29:18,148 DEBUG Exported 100 Nodes
2019-06-12 16:29:18,240 DEBUG Exported 200 Nodes
2019-06-12 16:29:18,341 DEBUG Exported 300 Nodes
2019-06-12 16:29:18,442 DEBUG Exported 400 Nodes
2019-06-12 16:30:36,577 DEBUG ***************************Challenge Problem 1 Started*********************
2019-06-12 16:30:36,617 INFO Generating MDL File...
2019-06-12 16:30:36,634 INFO Importing MDL File...
2019-06-12 16:30:38,903 DEBUG Creating OrientDB classes for MDL Elements...
2019-06-12 16:30:39,266 DEBUG Created 20 Node Classes
2019-06-12 16:30:39,733 DEBUG Created 40 Node Classes
2019-06-12 16:30:40,090 DEBUG Created 60 Node Classes
2019-06-12 16:30:40,492 DEBUG Created 80 Node Classes
2019-06-12 16:30:40,514 DEBUG Indexing Started...
2019-06-12 16:30:40,720 DEBUG Indexed 100 MDL Elements
2019-06-12 16:30:40,983 DEBUG Indexed 200 MDL Elements
2019-06-12 16:30:41,163 DEBUG Indexed 300 MDL Elements
2019-06-12 16:30:41,411 DEBUG Creating Containment Edges...
2019-06-12 16:30:41,825 DEBUG Created 100 Containment Edges
2019-06-12 16:30:42,245 DEBUG Created 200 Containment Edges
2019-06-12 16:30:42,698 DEBUG Created 300 Containment Edges
2019-06-12 16:30:43,158 DEBUG Creating Reference Edges...
2019-06-12 16:30:43,209 DEBUG Created 10 Reference Edges
2019-06-12 16:30:43,263 DEBUG Created 20 Reference Edges
2019-06-12 16:30:43,312 DEBUG Created 30 Reference Edges
2019-06-12 16:30:43,334 DEBUG Generating Constraints Objects...
2019-06-12 16:30:43,338 INFO Storing Constraints in OrientDB...
2019-06-12 16:30:45,205 INFO Retrieving Constraints from OrientDB...
2019-06-12 16:30:45,210 INFO Setting up Discretization Algorithms...
2019-06-12 16:30:45,211 DEBUG Setting up Optimization Algorithms...
2019-06-12 16:30:45,212 DEBUG Setting up Scheduling Algorithms...
2019-06-12 16:30:45,213 DEBUG Optimizing...
2019-06-12 16:30:45,213 DEBUG Beginning CBC Integer Program...
2019-06-12 16:30:45,220 DEBUG CBC Integer Program complete in 0.005760706249821487 seconds
2019-06-12 16:30:45,220 DEBUG Writing raw results...
2019-06-12 16:30:45,225 INFO Constructing schedule...
2019-06-12 16:30:45,226 INFO Updating MDL File Schedule...
2019-06-12 16:30:45,379 INFO Exporting c:\dev\cp1\output\mdl\Updated-BRASS-Example_FTSchedule_0915.xml to c:\dev\cp1\output\mdl\Updated-BRASS-Example_FTSchedule_0915.xml
2019-06-12 16:30:45,399 DEBUG Exporting OrientDB Nodes...
2019-06-12 16:30:45,525 DEBUG Exported 100 Nodes
2019-06-12 16:30:45,619 DEBUG Exported 200 Nodes
2019-06-12 16:30:45,723 DEBUG Exported 300 Nodes
2019-06-12 16:30:45,821 DEBUG Exported 400 Nodes
2019-06-12 16:31:44,839 DEBUG ***************************Challenge Problem 1 Started*********************
2019-06-12 16:31:44,872 INFO Generating MDL File...
2019-06-12 16:31:44,894 INFO Importing MDL File...
2019-06-12 16:31:47,536 DEBUG Creating OrientDB classes for MDL Elements...
2019-06-12 16:31:47,863 DEBUG Created 20 Node Classes
2019-06-12 16:31:48,282 DEBUG Created 40 Node Classes
2019-06-12 16:31:48,683 DEBUG Created 60 Node Classes
2019-06-12 16:31:49,112 DEBUG Created 80 Node Classes
2019-06-12 16:31:49,130 DEBUG Indexing Started...
2019-06-12 16:31:49,330 DEBUG Indexed 100 MDL Elements
2019-06-12 16:31:49,616 DEBUG Indexed 200 MDL Elements
2019-06-12 16:31:49,797 DEBUG Indexed 300 MDL Elements
2019-06-12 16:31:50,051 DEBUG Creating Containment Edges...
2019-06-12 16:31:50,470 DEBUG Created 100 Containment Edges
2019-06-12 16:31:50,905 DEBUG Created 200 Containment Edges
2019-06-12 16:31:51,318 DEBUG Created 300 Containment Edges
2019-06-12 16:31:51,772 DEBUG Creating Reference Edges...
2019-06-12 16:31:51,827 DEBUG Created 10 Reference Edges
2019-06-12 16:31:51,881 DEBUG Created 20 Reference Edges
2019-06-12 16:31:51,938 DEBUG Created 30 Reference Edges
2019-06-12 16:31:51,962 DEBUG Generating Constraints Objects...
2019-06-12 16:31:51,966 INFO Storing Constraints in OrientDB...
2019-06-12 16:31:53,971 INFO Retrieving Constraints from OrientDB...
2019-06-12 16:31:53,976 INFO Setting up Discretization Algorithms...
2019-06-12 16:31:53,977 DEBUG Setting up Optimization Algorithms...
2019-06-12 16:31:53,978 DEBUG Setting up Scheduling Algorithms...
2019-06-12 16:31:53,978 DEBUG Optimizing...
2019-06-12 16:31:53,979 DEBUG Beginning CBC Integer Program...
2019-06-12 16:31:53,987 DEBUG CBC Integer Program complete in 0.006159868854632525 seconds
2019-06-12 16:31:53,987 DEBUG Writing raw results...
2019-06-12 16:31:53,991 INFO Constructing schedule...
2019-06-12 16:31:53,993 INFO Updating MDL File Schedule...
2019-06-12 16:31:54,134 INFO Exporting c:\dev\cp1\output\mdl\Updated-BRASS-Example_FTSchedule_0915.xml to c:\dev\cp1\output\mdl\Updated-BRASS-Example_FTSchedule_0915.xml
2019-06-12 16:31:54,153 DEBUG Exporting OrientDB Nodes...
2019-06-12 16:31:54,265 DEBUG Exported 100 Nodes
2019-06-12 16:31:54,360 DEBUG Exported 200 Nodes
2019-06-12 16:31:54,449 DEBUG Exported 300 Nodes
2019-06-12 16:31:54,535 DEBUG Exported 400 Nodes
2019-06-12 16:34:31,182 DEBUG ***************************Challenge Problem 1 Started*********************
2019-06-12 16:34:31,219 INFO Generating MDL File...
2019-06-12 16:34:31,238 INFO Importing MDL File...
2019-06-12 16:34:33,694 DEBUG Creating OrientDB classes for MDL Elements...
2019-06-12 16:34:34,144 DEBUG Created 20 Node Classes
2019-06-12 16:34:34,664 DEBUG Created 40 Node Classes
2019-06-12 16:34:35,030 DEBUG Created 60 Node Classes
2019-06-12 16:34:35,435 DEBUG Created 80 Node Classes
2019-06-12 16:34:35,455 DEBUG Indexing Started...
2019-06-12 16:34:35,659 DEBUG Indexed 100 MDL Elements
2019-06-12 16:34:35,922 DEBUG Indexed 200 MDL Elements
2019-06-12 16:34:36,096 DEBUG Indexed 300 MDL Elements
2019-06-12 16:34:36,351 DEBUG Creating Containment Edges...
2019-06-12 16:34:36,784 DEBUG Created 100 Containment Edges
2019-06-12 16:34:37,224 DEBUG Created 200 Containment Edges
2019-06-12 16:34:37,674 DEBUG Created 300 Containment Edges
2019-06-12 16:34:38,151 DEBUG Creating Reference Edges...
2019-06-12 16:34:38,208 DEBUG Created 10 Reference Edges
2019-06-12 16:34:38,265 DEBUG Created 20 Reference Edges
2019-06-12 16:34:38,313 DEBUG Created 30 Reference Edges
2019-06-12 16:34:38,347 DEBUG Generating Constraints Objects...
2019-06-12 16:34:38,351 INFO Storing Constraints in OrientDB...
2019-06-12 16:34:40,433 INFO Retrieving Constraints from OrientDB...
2019-06-12 16:34:40,439 INFO Setting up Discretization Algorithms...
2019-06-12 16:34:40,439 DEBUG Setting up Optimization Algorithms...
2019-06-12 16:34:40,440 DEBUG Setting up Scheduling Algorithms...
2019-06-12 16:34:40,440 DEBUG Optimizing...
2019-06-12 16:34:40,441 DEBUG Beginning CBC Integer Program...
2019-06-12 16:34:40,448 DEBUG CBC Integer Program complete in 0.006784353813219405 seconds
2019-06-12 16:34:40,449 DEBUG Writing raw results...
2019-06-12 16:34:40,453 INFO Constructing schedule...
2019-06-12 16:34:40,454 INFO Updating MDL File Schedule...
2019-06-12 16:34:40,599 INFO Exporting c:\dev\cp1\output\mdl\Updated-BRASS-Example_FTSchedule_0915.xml to c:\dev\cp1\output\mdl\Updated-BRASS-Example_FTSchedule_0915.xml
2019-06-12 16:34:40,619 DEBUG Exporting OrientDB Nodes...
2019-06-12 16:34:40,729 DEBUG Exported 100 Nodes
2019-06-12 16:34:40,841 DEBUG Exported 200 Nodes
2019-06-12 16:34:40,957 DEBUG Exported 300 Nodes
2019-06-12 16:34:41,060 DEBUG Exported 400 Nodes
2019-06-12 16:35:11,704 DEBUG ***************************Challenge Problem 1 Started*********************
2019-06-12 16:35:11,743 INFO Generating MDL File...
2019-06-12 16:35:11,761 INFO Importing MDL File...
2019-06-12 16:35:14,189 DEBUG Creating OrientDB classes for MDL Elements...
2019-06-12 16:35:14,542 DEBUG Created 20 Node Classes
2019-06-12 16:35:14,926 DEBUG Created 40 Node Classes
2019-06-12 16:35:15,310 DEBUG Created 60 Node Classes
2019-06-12 16:35:15,728 DEBUG Created 80 Node Classes
2019-06-12 16:35:15,748 DEBUG Indexing Started...
2019-06-12 16:35:15,958 DEBUG Indexed 100 MDL Elements
2019-06-12 16:35:16,251 DEBUG Indexed 200 MDL Elements
2019-06-12 16:35:16,451 DEBUG Indexed 300 MDL Elements
2019-06-12 16:35:16,690 DEBUG Creating Containment Edges...
2019-06-12 16:35:17,115 DEBUG Created 100 Containment Edges
2019-06-12 16:35:17,555 DEBUG Created 200 Containment Edges
2019-06-12 16:35:18,004 DEBUG Created 300 Containment Edges
2019-06-12 16:35:18,451 DEBUG Creating Reference Edges...
2019-06-12 16:35:18,501 DEBUG Created 10 Reference Edges
2019-06-12 16:35:18,553 DEBUG Created 20 Reference Edges
2019-06-12 16:35:18,601 DEBUG Created 30 Reference Edges
2019-06-12 16:35:18,626 DEBUG Generating Constraints Objects...
2019-06-12 16:35:18,630 INFO Storing Constraints in OrientDB...
2019-06-12 16:35:20,876 INFO Retrieving Constraints from OrientDB...
2019-06-12 16:35:20,882 INFO Setting up Discretization Algorithms...
2019-06-12 16:35:20,882 DEBUG Setting up Optimization Algorithms...
2019-06-12 16:35:20,883 DEBUG Setting up Scheduling Algorithms...
2019-06-12 16:35:20,885 DEBUG Optimizing...
2019-06-12 16:35:20,885 DEBUG Beginning CBC Integer Program...
2019-06-12 16:35:20,893 DEBUG CBC Integer Program complete in 0.007526965514396124 seconds
2019-06-12 16:35:20,894 DEBUG Writing raw results...
2019-06-12 16:35:20,898 INFO Constructing schedule...
2019-06-12 16:35:20,899 INFO Updating MDL File Schedule...
2019-06-12 16:35:21,056 INFO Exporting c:\dev\cp1\output\mdl\Updated-BRASS-Example_FTSchedule_0915.xml to c:\dev\cp1\output\mdl\Updated-BRASS-Example_FTSchedule_0915.xml
2019-06-12 16:35:21,074 DEBUG Exporting OrientDB Nodes...
2019-06-12 16:35:21,167 DEBUG Exported 100 Nodes
2019-06-12 16:35:21,257 DEBUG Exported 200 Nodes
2019-06-12 16:35:21,352 DEBUG Exported 300 Nodes
2019-06-12 16:35:21,435 DEBUG Exported 400 Nodes
2019-06-12 16:37:33,029 DEBUG ***************************Challenge Problem 1 Started*********************
2019-06-12 16:37:33,061 INFO Generating MDL File...
2019-06-12 16:37:33,077 INFO Importing MDL File...
2019-06-12 16:37:35,632 DEBUG Creating OrientDB classes for MDL Elements...
2019-06-12 16:37:35,969 DEBUG Created 20 Node Classes
2019-06-12 16:37:36,379 DEBUG Created 40 Node Classes
2019-06-12 16:37:36,789 DEBUG Created 60 Node Classes
2019-06-12 16:37:37,288 DEBUG Created 80 Node Classes
2019-06-12 16:37:37,310 DEBUG Indexing Started...
2019-06-12 16:37:37,549 DEBUG Indexed 100 MDL Elements
2019-06-12 16:37:37,833 DEBUG Indexed 200 MDL Elements
2019-06-12 16:37:38,036 DEBUG Indexed 300 MDL Elements
2019-06-12 16:37:38,283 DEBUG Creating Containment Edges...
2019-06-12 16:37:38,754 DEBUG Created 100 Containment Edges
2019-06-12 16:37:39,227 DEBUG Created 200 Containment Edges
2019-06-12 16:37:39,792 DEBUG Created 300 Containment Edges
2019-06-12 16:37:40,265 DEBUG Creating Reference Edges...
2019-06-12 16:37:40,316 DEBUG Created 10 Reference Edges
2019-06-12 16:37:40,383 DEBUG Created 20 Reference Edges
2019-06-12 16:37:40,445 DEBUG Created 30 Reference Edges
2019-06-12 16:37:40,481 DEBUG Generating Constraints Objects...
2019-06-12 16:37:40,488 INFO Storing Constraints in OrientDB...
2019-06-12 16:37:42,453 INFO Retrieving Constraints from OrientDB...
2019-06-12 16:37:42,462 INFO Setting up Discretization Algorithms...
2019-06-12 16:37:42,462 DEBUG Setting up Optimization Algorithms...
2019-06-12 16:37:42,474 DEBUG Setting up Scheduling Algorithms...
2019-06-12 16:37:42,475 DEBUG Optimizing...
2019-06-12 16:37:42,476 DEBUG Beginning CBC Integer Program...
2019-06-12 16:37:42,489 DEBUG CBC Integer Program complete in 0.006627439185003052 seconds
2019-06-12 16:37:42,489 DEBUG Writing raw results...
2019-06-12 16:37:42,494 INFO Constructing schedule...
2019-06-12 16:37:42,495 INFO Updating MDL File Schedule...
2019-06-12 16:37:42,623 INFO Exporting c:\dev\cp1\output\mdl\Updated-BRASS-Example_FTSchedule_0915.xml to c:\dev\cp1\output\mdl\Updated-BRASS-Example_FTSchedule_0915.xml
2019-06-12 16:37:42,642 DEBUG Exporting OrientDB Nodes...
2019-06-12 16:37:42,738 DEBUG Exported 100 Nodes
2019-06-12 16:37:42,830 DEBUG Exported 200 Nodes
2019-06-12 16:37:42,929 DEBUG Exported 300 Nodes
2019-06-12 16:37:43,016 DEBUG Exported 400 Nodes
2019-06-12 16:37:46,478 DEBUG ***************************Challenge Problem 1 Started*********************
2019-06-12 16:37:46,515 INFO Generating MDL File...
2019-06-12 16:37:46,532 INFO Importing MDL File...
2019-06-12 16:37:49,148 DEBUG Creating OrientDB classes for MDL Elements...
2019-06-12 16:37:49,571 DEBUG Created 20 Node Classes
2019-06-12 16:37:50,064 DEBUG Created 40 Node Classes
2019-06-12 16:37:50,538 DEBUG Created 60 Node Classes
2019-06-12 16:37:51,016 DEBUG Created 80 Node Classes
2019-06-12 16:37:51,035 DEBUG Indexing Started...
2019-06-12 16:37:51,247 DEBUG Indexed 100 MDL Elements
2019-06-12 16:37:51,535 DEBUG Indexed 200 MDL Elements
2019-06-12 16:37:51,737 DEBUG Indexed 300 MDL Elements
2019-06-12 16:37:52,000 DEBUG Creating Containment Edges...
2019-06-12 16:37:52,420 DEBUG Created 100 Containment Edges
2019-06-12 16:37:52,836 DEBUG Created 200 Containment Edges
2019-06-12 16:37:53,283 DEBUG Created 300 Containment Edges
2019-06-12 16:37:53,732 DEBUG Creating Reference Edges...
2019-06-12 16:37:53,782 DEBUG Created 10 Reference Edges
2019-06-12 16:37:53,828 DEBUG Created 20 Reference Edges
2019-06-12 16:37:53,877 DEBUG Created 30 Reference Edges
2019-06-12 16:37:53,900 DEBUG Generating Constraints Objects...
2019-06-12 16:37:53,904 INFO Storing Constraints in OrientDB...
2019-06-12 16:37:55,811 INFO Retrieving Constraints from OrientDB...
2019-06-12 16:37:55,816 INFO Setting up Discretization Algorithms...
2019-06-12 16:37:55,816 DEBUG Setting up Optimization Algorithms...
2019-06-12 16:37:55,817 DEBUG Setting up Scheduling Algorithms...
2019-06-12 16:37:55,818 DEBUG Optimizing...
2019-06-12 16:37:55,820 DEBUG Beginning CBC Integer Program...
2019-06-12 16:37:55,828 DEBUG CBC Integer Program complete in 0.007414480646079233 seconds
2019-06-12 16:37:55,829 DEBUG Writing raw results...
2019-06-12 16:37:55,833 INFO Constructing schedule...
2019-06-12 16:37:55,834 INFO Updating MDL File Schedule...
2019-06-12 16:37:55,971 INFO Exporting c:\dev\cp1\output\mdl\Updated-BRASS-Example_FTSchedule_0915.xml to c:\dev\cp1\output\mdl\Updated-BRASS-Example_FTSchedule_0915.xml
2019-06-12 16:37:55,990 DEBUG Exporting OrientDB Nodes...
2019-06-12 16:37:56,103 DEBUG Exported 100 Nodes
2019-06-12 16:37:56,192 DEBUG Exported 200 Nodes
2019-06-12 16:37:56,303 DEBUG Exported 300 Nodes
2019-06-12 16:37:56,392 DEBUG Exported 400 Nodes
2019-06-12 16:37:56,408 INFO Resetting MDL File Schedule...
2019-06-12 16:37:56,409 INFO Constructing schedule...
2019-06-12 16:37:56,410 INFO Updating MDL File Schedule...
2019-06-12 17:36:52,839 DEBUG ***************************Challenge Problem 1 Started*********************
2019-06-12 17:39:15,014 DEBUG ***************************Challenge Problem 1 Started*********************
2019-06-12 17:42:31,668 DEBUG ***************************Challenge Problem 1 Started*********************
2019-06-12 17:42:31,707 INFO Generating MDL File...
2019-06-12 17:42:31,725 INFO Importing MDL File...
2019-06-12 17:42:34,138 DEBUG Creating OrientDB classes for MDL Elements...
2019-06-12 17:42:34,566 DEBUG Created 20 Node Classes
2019-06-12 17:42:34,998 DEBUG Created 40 Node Classes
2019-06-12 17:42:35,402 DEBUG Created 60 Node Classes
2019-06-12 17:42:35,794 DEBUG Created 80 Node Classes
2019-06-12 17:42:35,812 DEBUG Indexing Started...
2019-06-12 17:42:36,017 DEBUG Indexed 100 MDL Elements
2019-06-12 17:42:36,285 DEBUG Indexed 200 MDL Elements
2019-06-12 17:42:36,472 DEBUG Indexed 300 MDL Elements
2019-06-12 17:42:36,706 DEBUG Creating Containment Edges...
2019-06-12 17:42:37,109 DEBUG Created 100 Containment Edges
2019-06-12 17:42:37,528 DEBUG Created 200 Containment Edges
2019-06-12 17:42:37,933 DEBUG Created 300 Containment Edges
2019-06-12 17:42:38,366 DEBUG Creating Reference Edges...
2019-06-12 17:42:38,413 DEBUG Created 10 Reference Edges
2019-06-12 17:42:38,460 DEBUG Created 20 Reference Edges
2019-06-12 17:42:38,514 DEBUG Created 30 Reference Edges
2019-06-12 17:42:38,547 DEBUG Generating Constraints Objects...
2019-06-12 17:42:38,552 INFO Storing and Retrieving Constraints in OrientDB...
2019-06-12 17:45:07,163 DEBUG ***************************Challenge Problem 1 Started*********************
2019-06-12 17:45:07,212 INFO Generating MDL File...
2019-06-12 17:45:07,230 INFO Importing MDL File...
2019-06-12 17:45:09,819 DEBUG Creating OrientDB classes for MDL Elements...
2019-06-12 17:45:10,197 DEBUG Created 20 Node Classes
2019-06-12 17:45:10,656 DEBUG Created 40 Node Classes
2019-06-12 17:45:11,024 DEBUG Created 60 Node Classes
2019-06-12 17:45:11,498 DEBUG Created 80 Node Classes
2019-06-12 17:45:11,516 DEBUG Indexing Started...
2019-06-12 17:45:11,734 DEBUG Indexed 100 MDL Elements
2019-06-12 17:45:12,007 DEBUG Indexed 200 MDL Elements
2019-06-12 17:45:12,185 DEBUG Indexed 300 MDL Elements
2019-06-12 17:45:12,421 DEBUG Creating Containment Edges...
2019-06-12 17:45:12,846 DEBUG Created 100 Containment Edges
2019-06-12 17:45:13,257 DEBUG Created 200 Containment Edges
2019-06-12 17:45:13,684 DEBUG Created 300 Containment Edges
2019-06-12 17:45:14,120 DEBUG Creating Reference Edges...
2019-06-12 17:45:14,169 DEBUG Created 10 Reference Edges
2019-06-12 17:45:14,218 DEBUG Created 20 Reference Edges
2019-06-12 17:45:14,267 DEBUG Created 30 Reference Edges
2019-06-12 17:45:14,297 DEBUG Generating Constraints Objects...
2019-06-12 17:45:29,644 DEBUG ***************************Challenge Problem 1 Started*********************
2019-06-12 17:45:29,683 INFO Generating MDL File...
2019-06-12 17:45:29,701 INFO Importing MDL File...
2019-06-12 17:45:32,203 DEBUG Creating OrientDB classes for MDL Elements...
2019-06-12 17:45:32,839 DEBUG Created 20 Node Classes
2019-06-12 17:45:33,322 DEBUG Created 40 Node Classes
2019-06-12 17:45:33,770 DEBUG Created 60 Node Classes
2019-06-12 17:45:34,201 DEBUG Created 80 Node Classes
2019-06-12 17:45:34,223 DEBUG Indexing Started...
2019-06-12 17:45:34,424 DEBUG Indexed 100 MDL Elements
2019-06-12 17:45:34,684 DEBUG Indexed 200 MDL Elements
2019-06-12 17:45:34,875 DEBUG Indexed 300 MDL Elements
2019-06-12 17:45:35,116 DEBUG Creating Containment Edges...
2019-06-12 17:45:35,530 DEBUG Created 100 Containment Edges
2019-06-12 17:45:35,975 DEBUG Created 200 Containment Edges
2019-06-12 17:45:36,411 DEBUG Created 300 Containment Edges
2019-06-12 17:45:36,861 DEBUG Creating Reference Edges...
2019-06-12 17:45:36,910 DEBUG Created 10 Reference Edges
2019-06-12 17:45:36,957 DEBUG Created 20 Reference Edges
2019-06-12 17:45:37,007 DEBUG Created 30 Reference Edges
2019-06-12 17:45:37,031 DEBUG Generating Constraints Objects...
2019-06-12 17:45:37,035 INFO Storing and Retrieving Constraints in OrientDB...
2019-06-12 17:45:38,957 INFO Setting up Discretization Algorithms...
2019-06-12 17:45:38,958 DEBUG Setting up Optimization Algorithms...
2019-06-12 17:46:04,226 DEBUG ***************************Challenge Problem 1 Started*********************
2019-06-12 17:46:04,274 INFO Generating MDL File...
2019-06-12 17:46:04,292 INFO Importing MDL File...
2019-06-12 17:46:06,743 DEBUG Creating OrientDB classes for MDL Elements...
2019-06-12 17:46:07,153 DEBUG Created 20 Node Classes
2019-06-12 17:46:07,635 DEBUG Created 40 Node Classes
2019-06-12 17:46:08,095 DEBUG Created 60 Node Classes
2019-06-12 17:46:08,620 DEBUG Created 80 Node Classes
2019-06-12 17:46:08,642 DEBUG Indexing Started...
2019-06-12 17:46:08,847 DEBUG Indexed 100 MDL Elements
2019-06-12 17:46:09,107 DEBUG Indexed 200 MDL Elements
2019-06-12 17:46:09,280 DEBUG Indexed 300 MDL Elements
2019-06-12 17:46:09,530 DEBUG Creating Containment Edges...
2019-06-12 17:46:09,964 DEBUG Created 100 Containment Edges
2019-06-12 17:46:10,379 DEBUG Created 200 Containment Edges
2019-06-12 17:46:10,794 DEBUG Created 300 Containment Edges
2019-06-12 17:46:11,254 DEBUG Creating Reference Edges...
2019-06-12 17:46:11,304 DEBUG Created 10 Reference Edges
2019-06-12 17:46:11,358 DEBUG Created 20 Reference Edges
2019-06-12 17:46:11,409 DEBUG Created 30 Reference Edges
2019-06-12 17:46:11,435 DEBUG Generating Constraints Objects...
2019-06-12 17:46:11,439 INFO Storing and Retrieving Constraints in OrientDB...
2019-06-12 17:46:13,807 INFO Setting up Discretization Algorithms...
2019-06-12 17:46:13,808 DEBUG Setting up Optimization Algorithms...
2019-06-12 17:46:13,809 DEBUG Setting up Scheduling Algorithms...
2019-06-12 17:46:13,810 DEBUG ***************************Challenge Problem 1 Complete********************
2019-06-12 17:51:50,166 DEBUG ***************************Challenge Problem 1 Started*********************
2019-06-12 17:51:50,214 INFO Generating MDL File...
2019-06-12 17:51:50,232 INFO Importing MDL File...
2019-06-12 17:51:52,591 DEBUG Creating OrientDB classes for MDL Elements...
2019-06-12 17:51:53,032 DEBUG Created 20 Node Classes
2019-06-12 17:51:53,394 DEBUG Created 40 Node Classes
2019-06-12 17:51:53,828 DEBUG Created 60 Node Classes
2019-06-12 17:51:54,282 DEBUG Created 80 Node Classes
2019-06-12 17:51:54,300 DEBUG Indexing Started...
2019-06-12 17:51:54,521 DEBUG Indexed 100 MDL Elements
2019-06-12 17:51:54,796 DEBUG Indexed 200 MDL Elements
2019-06-12 17:51:54,985 DEBUG Indexed 300 MDL Elements
2019-06-12 17:51:55,239 DEBUG Creating Containment Edges...
2019-06-12 17:51:55,673 DEBUG Created 100 Containment Edges
2019-06-12 17:51:56,088 DEBUG Created 200 Containment Edges
2019-06-12 17:51:56,499 DEBUG Created 300 Containment Edges
2019-06-12 17:51:56,959 DEBUG Creating Reference Edges...
2019-06-12 17:51:57,006 DEBUG Created 10 Reference Edges
2019-06-12 17:51:57,055 DEBUG Created 20 Reference Edges
2019-06-12 17:51:57,106 DEBUG Created 30 Reference Edges
2019-06-12 17:51:57,131 DEBUG Generating Constraints Objects...
2019-06-12 17:51:57,134 INFO Storing and Retrieving Constraints in OrientDB...
2019-06-12 17:51:59,387 INFO Setting up Discretization Algorithms...
2019-06-12 17:51:59,389 DEBUG Setting up Optimization Algorithms...
2019-06-12 17:51:59,389 DEBUG Setting up Scheduling Algorithms...
2019-06-12 17:51:59,390 DEBUG ***************************Challenge Problem 1 Complete********************
2019-06-12 17:52:19,121 DEBUG ***************************Challenge Problem 1 Started*********************
2019-06-12 17:52:19,151 INFO Generating MDL File...
2019-06-12 17:52:19,168 INFO Importing MDL File...
2019-06-12 17:52:21,806 DEBUG Creating OrientDB classes for MDL Elements...
2019-06-12 17:52:22,248 DEBUG Created 20 Node Classes
2019-06-12 17:52:22,947 DEBUG Created 40 Node Classes
2019-06-12 17:52:23,382 DEBUG Created 60 Node Classes
2019-06-12 17:52:23,832 DEBUG Created 80 Node Classes
2019-06-12 17:52:23,853 DEBUG Indexing Started...
2019-06-12 17:52:24,093 DEBUG Indexed 100 MDL Elements
2019-06-12 17:52:24,375 DEBUG Indexed 200 MDL Elements
2019-06-12 17:52:24,583 DEBUG Indexed 300 MDL Elements
2019-06-12 17:52:24,849 DEBUG Creating Containment Edges...
2019-06-12 17:52:25,281 DEBUG Created 100 Containment Edges
2019-06-12 17:52:25,714 DEBUG Created 200 Containment Edges
2019-06-12 17:52:26,140 DEBUG Created 300 Containment Edges
2019-06-12 17:52:26,603 DEBUG Creating Reference Edges...
2019-06-12 17:52:26,656 DEBUG Created 10 Reference Edges
2019-06-12 17:52:26,706 DEBUG Created 20 Reference Edges
2019-06-12 17:52:26,750 DEBUG Created 30 Reference Edges
2019-06-12 17:52:26,779 DEBUG Generating Constraints Objects...
2019-06-12 17:52:26,783 INFO Storing and Retrieving Constraints in OrientDB...
2019-06-12 17:52:28,973 INFO Setting up Discretization Algorithms...
2019-06-12 17:52:28,975 DEBUG Setting up Optimization Algorithms...
2019-06-12 17:52:28,976 DEBUG Setting up Scheduling Algorithms...
2019-06-12 17:52:28,977 DEBUG ***************************Challenge Problem 1 Complete********************
2019-06-12 17:54:05,523 DEBUG ***************************Challenge Problem 1 Started*********************
2019-06-12 17:54:05,562 INFO Generating MDL File...
2019-06-12 17:54:05,579 INFO Importing MDL File...
2019-06-12 17:54:08,160 DEBUG Creating OrientDB classes for MDL Elements...
2019-06-12 17:54:08,725 DEBUG Created 20 Node Classes
2019-06-12 17:54:09,174 DEBUG Created 40 Node Classes
2019-06-12 17:54:09,656 DEBUG Created 60 Node Classes
2019-06-12 17:54:10,072 DEBUG Created 80 Node Classes
2019-06-12 17:54:10,089 DEBUG Indexing Started...
2019-06-12 17:54:10,342 DEBUG Indexed 100 MDL Elements
2019-06-12 17:54:10,647 DEBUG Indexed 200 MDL Elements
2019-06-12 17:54:10,828 DEBUG Indexed 300 MDL Elements
2019-06-12 17:54:11,119 DEBUG Creating Containment Edges...
2019-06-12 17:54:11,599 DEBUG Created 100 Containment Edges
2019-06-12 17:54:12,082 DEBUG Created 200 Containment Edges
2019-06-12 17:54:12,518 DEBUG Created 300 Containment Edges
2019-06-12 17:54:12,956 DEBUG Creating Reference Edges...
2019-06-12 17:54:13,004 DEBUG Created 10 Reference Edges
2019-06-12 17:54:13,055 DEBUG Created 20 Reference Edges
2019-06-12 17:54:13,105 DEBUG Created 30 Reference Edges
2019-06-12 17:54:13,129 DEBUG Generating Constraints Objects...
2019-06-12 17:54:13,134 INFO Storing and Retrieving Constraints in OrientDB...
2019-06-12 17:54:15,236 INFO Setting up Discretization Algorithms...
2019-06-12 17:54:15,236 DEBUG Setting up Optimization Algorithms...
2019-06-12 17:54:15,238 DEBUG Setting up Scheduling Algorithms...
2019-06-12 17:54:15,241 DEBUG ***************************Challenge Problem 1 Complete********************
2019-06-12 17:55:02,436 DEBUG ***************************Challenge Problem 1 Started*********************
2019-06-12 17:55:02,486 INFO Generating MDL File...
2019-06-12 17:55:02,503 INFO Importing MDL File...
2019-06-12 17:55:04,853 DEBUG Creating OrientDB classes for MDL Elements...
2019-06-12 17:55:05,327 DEBUG Created 20 Node Classes
2019-06-12 17:55:05,707 DEBUG Created 40 Node Classes
2019-06-12 17:55:06,104 DEBUG Created 60 Node Classes
2019-06-12 17:55:06,532 DEBUG Created 80 Node Classes
2019-06-12 17:55:06,553 DEBUG Indexing Started...
2019-06-12 17:55:06,766 DEBUG Indexed 100 MDL Elements
2019-06-12 17:55:07,049 DEBUG Indexed 200 MDL Elements
2019-06-12 17:55:07,227 DEBUG Indexed 300 MDL Elements
2019-06-12 17:55:07,468 DEBUG Creating Containment Edges...
2019-06-12 17:55:07,872 DEBUG Created 100 Containment Edges
2019-06-12 17:55:08,296 DEBUG Created 200 Containment Edges
2019-06-12 17:55:08,705 DEBUG Created 300 Containment Edges
2019-06-12 17:55:09,160 DEBUG Creating Reference Edges...
2019-06-12 17:55:09,207 DEBUG Created 10 Reference Edges
2019-06-12 17:55:09,254 DEBUG Created 20 Reference Edges
2019-06-12 17:55:09,300 DEBUG Created 30 Reference Edges
2019-06-12 17:55:09,324 DEBUG Generating Constraints Objects...
2019-06-12 17:55:09,329 INFO Storing and Retrieving Constraints in OrientDB...
2019-06-12 17:55:11,636 INFO Setting up Discretization Algorithms...
2019-06-12 17:55:11,638 DEBUG Setting up Optimization Algorithms...
2019-06-12 17:55:11,639 DEBUG Setting up Scheduling Algorithms...
2019-06-12 17:55:11,640 DEBUG ***************************Challenge Problem 1 Complete********************
2019-06-12 17:55:39,276 DEBUG ***************************Challenge Problem 1 Started*********************
2019-06-12 17:55:39,316 INFO Generating MDL File...
2019-06-12 17:55:39,334 INFO Importing MDL File...
2019-06-12 17:55:42,285 DEBUG Creating OrientDB classes for MDL Elements...
2019-06-12 17:55:42,666 DEBUG Created 20 Node Classes
2019-06-12 17:55:43,024 DEBUG Created 40 Node Classes
2019-06-12 17:55:43,517 DEBUG Created 60 Node Classes
2019-06-12 17:55:44,013 DEBUG Created 80 Node Classes
2019-06-12 17:55:44,033 DEBUG Indexing Started...
2019-06-12 17:55:44,249 DEBUG Indexed 100 MDL Elements
2019-06-12 17:55:44,540 DEBUG Indexed 200 MDL Elements
2019-06-12 17:55:44,741 DEBUG Indexed 300 MDL Elements
2019-06-12 17:55:45,018 DEBUG Creating Containment Edges...
2019-06-12 17:55:45,439 DEBUG Created 100 Containment Edges
2019-06-12 17:55:45,878 DEBUG Created 200 Containment Edges
2019-06-12 17:55:46,291 DEBUG Created 300 Containment Edges
2019-06-12 17:55:46,723 DEBUG Creating Reference Edges...
2019-06-12 17:55:46,776 DEBUG Created 10 Reference Edges
2019-06-12 17:55:46,827 DEBUG Created 20 Reference Edges
2019-06-12 17:55:46,880 DEBUG Created 30 Reference Edges
2019-06-12 17:55:46,909 DEBUG Generating Constraints Objects...
2019-06-12 17:55:46,913 INFO Storing and Retrieving Constraints in OrientDB...
2019-06-12 17:55:49,150 INFO Setting up Discretization Algorithms...
2019-06-12 17:55:49,151 DEBUG Setting up Optimization Algorithms...
2019-06-12 17:55:49,152 DEBUG Setting up Scheduling Algorithms...
2019-06-12 17:55:49,153 DEBUG ***************************Challenge Problem 1 Complete********************
